{"/app/controllers/admin.controllers/doctor.controller.js": {"path":"/app/controllers/admin.controllers/doctor.controller.js","statementMap":{"0":{"start":{"line":4,"column":19},"end":{"line":18,"column":1}},"1":{"start":{"line":5,"column":4},"end":{"line":17,"column":5}},"2":{"start":{"line":7,"column":24},"end":{"line":9,"column":43}},"3":{"start":{"line":11,"column":8},"end":{"line":14,"column":11}},"4":{"start":{"line":16,"column":8},"end":{"line":16,"column":87}},"5":{"start":{"line":21,"column":29},"end":{"line":28,"column":1}},"6":{"start":{"line":22,"column":4},"end":{"line":27,"column":5}},"7":{"start":{"line":23,"column":24},"end":{"line":23,"column":151}},"8":{"start":{"line":24,"column":8},"end":{"line":24,"column":92}},"9":{"start":{"line":26,"column":8},"end":{"line":26,"column":97}},"10":{"start":{"line":30,"column":18},"end":{"line":37,"column":1}},"11":{"start":{"line":31,"column":4},"end":{"line":36,"column":5}},"12":{"start":{"line":32,"column":23},"end":{"line":32,"column":139}},"13":{"start":{"line":33,"column":8},"end":{"line":33,"column":90}},"14":{"start":{"line":35,"column":8},"end":{"line":35,"column":86}},"15":{"start":{"line":39,"column":18},"end":{"line":82,"column":1}},"16":{"start":{"line":40,"column":4},"end":{"line":81,"column":5}},"17":{"start":{"line":52,"column":12},"end":{"line":52,"column":20}},"18":{"start":{"line":54,"column":24},"end":{"line":54,"column":55}},"19":{"start":{"line":56,"column":8},"end":{"line":58,"column":9}},"20":{"start":{"line":57,"column":12},"end":{"line":57,"column":78}},"21":{"start":{"line":60,"column":31},"end":{"line":60,"column":64}},"22":{"start":{"line":62,"column":23},"end":{"line":74,"column":10}},"23":{"start":{"line":76,"column":8},"end":{"line":76,"column":28}},"24":{"start":{"line":78,"column":8},"end":{"line":78,"column":88}},"25":{"start":{"line":80,"column":8},"end":{"line":80,"column":86}},"26":{"start":{"line":84,"column":21},"end":{"line":94,"column":1}},"27":{"start":{"line":85,"column":4},"end":{"line":93,"column":5}},"28":{"start":{"line":86,"column":23},"end":{"line":87,"column":52}},"29":{"start":{"line":89,"column":8},"end":{"line":89,"column":88}},"30":{"start":{"line":92,"column":8},"end":{"line":92,"column":89}},"31":{"start":{"line":96,"column":21},"end":{"line":103,"column":1}},"32":{"start":{"line":97,"column":4},"end":{"line":102,"column":5}},"33":{"start":{"line":98,"column":8},"end":{"line":98,"column":54}},"34":{"start":{"line":99,"column":8},"end":{"line":99,"column":80}},"35":{"start":{"line":101,"column":8},"end":{"line":101,"column":89}}},"fnMap":{"0":{"name":"(anonymous_0)","decl":{"start":{"line":4,"column":19},"end":{"line":4,"column":20}},"loc":{"start":{"line":4,"column":39},"end":{"line":18,"column":1}},"line":4},"1":{"name":"(anonymous_1)","decl":{"start":{"line":21,"column":29},"end":{"line":21,"column":30}},"loc":{"start":{"line":21,"column":49},"end":{"line":28,"column":1}},"line":21},"2":{"name":"(anonymous_2)","decl":{"start":{"line":30,"column":18},"end":{"line":30,"column":19}},"loc":{"start":{"line":30,"column":38},"end":{"line":37,"column":1}},"line":30},"3":{"name":"(anonymous_3)","decl":{"start":{"line":39,"column":18},"end":{"line":39,"column":19}},"loc":{"start":{"line":39,"column":38},"end":{"line":82,"column":1}},"line":39},"4":{"name":"(anonymous_4)","decl":{"start":{"line":84,"column":21},"end":{"line":84,"column":22}},"loc":{"start":{"line":84,"column":41},"end":{"line":94,"column":1}},"line":84},"5":{"name":"(anonymous_5)","decl":{"start":{"line":96,"column":21},"end":{"line":96,"column":22}},"loc":{"start":{"line":96,"column":41},"end":{"line":103,"column":1}},"line":96}},"branchMap":{"0":{"loc":{"start":{"line":56,"column":8},"end":{"line":58,"column":9}},"type":"if","locations":[{"start":{"line":56,"column":8},"end":{"line":58,"column":9}},{"start":{},"end":{}}],"line":56}},"s":{"0":1,"1":2,"2":2,"3":0,"4":2,"5":1,"6":2,"7":2,"8":0,"9":2,"10":1,"11":5,"12":5,"13":2,"14":3,"15":1,"16":3,"17":3,"18":3,"19":3,"20":1,"21":2,"22":2,"23":2,"24":0,"25":2,"26":1,"27":1,"28":1,"29":1,"30":0,"31":1,"32":1,"33":1,"34":1,"35":0},"f":{"0":2,"1":2,"2":5,"3":3,"4":1,"5":1},"b":{"0":[1,2]},"_coverageSchema":"1a1c01bbd47fc00a2c39e90264f33305004495a9","hash":"a9c3c90c17e1c5015b46603f67217f0093fe2d77"}
,"/app/controllers/admin.controllers/hospital.controller.js": {"path":"/app/controllers/admin.controllers/hospital.controller.js","statementMap":{"0":{"start":{"line":7,"column":21},"end":{"line":17,"column":1}},"1":{"start":{"line":8,"column":4},"end":{"line":16,"column":5}},"2":{"start":{"line":9,"column":26},"end":{"line":9,"column":110}},"3":{"start":{"line":11,"column":8},"end":{"line":13,"column":9}},"4":{"start":{"line":12,"column":12},"end":{"line":12,"column":55}},"5":{"start":{"line":15,"column":8},"end":{"line":15,"column":105}},"6":{"start":{"line":19,"column":20},"end":{"line":60,"column":1}},"7":{"start":{"line":20,"column":4},"end":{"line":59,"column":5}},"8":{"start":{"line":21,"column":25},"end":{"line":52,"column":14}},"9":{"start":{"line":54,"column":8},"end":{"line":56,"column":9}},"10":{"start":{"line":55,"column":12},"end":{"line":55,"column":54}},"11":{"start":{"line":58,"column":8},"end":{"line":58,"column":107}},"12":{"start":{"line":62,"column":20},"end":{"line":111,"column":1}},"13":{"start":{"line":63,"column":4},"end":{"line":110,"column":5}},"14":{"start":{"line":64,"column":128},"end":{"line":64,"column":136}},"15":{"start":{"line":66,"column":8},"end":{"line":74,"column":9}},"16":{"start":{"line":73,"column":12},"end":{"line":73,"column":80}},"17":{"start":{"line":76,"column":31},"end":{"line":76,"column":85}},"18":{"start":{"line":78,"column":8},"end":{"line":80,"column":9}},"19":{"start":{"line":79,"column":12},"end":{"line":79,"column":80}},"20":{"start":{"line":82,"column":25},"end":{"line":88,"column":10}},"21":{"start":{"line":91,"column":8},"end":{"line":94,"column":9}},"22":{"start":{"line":91,"column":21},"end":{"line":91,"column":22}},"23":{"start":{"line":92,"column":31},"end":{"line":92,"column":104}},"24":{"start":{"line":93,"column":12},"end":{"line":93,"column":54}},"25":{"start":{"line":96,"column":8},"end":{"line":98,"column":9}},"26":{"start":{"line":96,"column":21},"end":{"line":96,"column":22}},"27":{"start":{"line":97,"column":12},"end":{"line":97,"column":54}},"28":{"start":{"line":100,"column":8},"end":{"line":100,"column":30}},"29":{"start":{"line":102,"column":8},"end":{"line":107,"column":9}},"30":{"start":{"line":103,"column":12},"end":{"line":106,"column":15}},"31":{"start":{"line":109,"column":8},"end":{"line":109,"column":107}},"32":{"start":{"line":113,"column":23},"end":{"line":212,"column":1}},"33":{"start":{"line":114,"column":4},"end":{"line":211,"column":5}},"34":{"start":{"line":124,"column":12},"end":{"line":124,"column":20}},"35":{"start":{"line":126,"column":25},"end":{"line":126,"column":90}},"36":{"start":{"line":127,"column":8},"end":{"line":129,"column":9}},"37":{"start":{"line":128,"column":12},"end":{"line":128,"column":75}},"38":{"start":{"line":132,"column":8},"end":{"line":132,"column":46}},"39":{"start":{"line":133,"column":8},"end":{"line":133,"column":55}},"40":{"start":{"line":134,"column":8},"end":{"line":134,"column":85}},"41":{"start":{"line":135,"column":8},"end":{"line":135,"column":49}},"42":{"start":{"line":136,"column":8},"end":{"line":136,"column":49}},"43":{"start":{"line":139,"column":8},"end":{"line":148,"column":9}},"44":{"start":{"line":140,"column":12},"end":{"line":147,"column":13}},"45":{"start":{"line":140,"column":25},"end":{"line":140,"column":26}},"46":{"start":{"line":141,"column":35},"end":{"line":145,"column":18}},"47":{"start":{"line":146,"column":16},"end":{"line":146,"column":58}},"48":{"start":{"line":151,"column":8},"end":{"line":163,"column":9}},"49":{"start":{"line":152,"column":12},"end":{"line":154,"column":13}},"50":{"start":{"line":152,"column":25},"end":{"line":152,"column":26}},"51":{"start":{"line":153,"column":16},"end":{"line":153,"column":50}},"52":{"start":{"line":156,"column":12},"end":{"line":162,"column":13}},"53":{"start":{"line":156,"column":25},"end":{"line":156,"column":26}},"54":{"start":{"line":157,"column":31},"end":{"line":157,"column":64}},"55":{"start":{"line":158,"column":16},"end":{"line":161,"column":17}},"56":{"start":{"line":159,"column":20},"end":{"line":159,"column":51}},"57":{"start":{"line":160,"column":20},"end":{"line":160,"column":40}},"58":{"start":{"line":166,"column":8},"end":{"line":202,"column":9}},"59":{"start":{"line":168,"column":39},"end":{"line":170,"column":13}},"60":{"start":{"line":169,"column":16},"end":{"line":169,"column":69}},"61":{"start":{"line":171,"column":12},"end":{"line":177,"column":13}},"62":{"start":{"line":172,"column":38},"end":{"line":172,"column":76}},"63":{"start":{"line":173,"column":16},"end":{"line":176,"column":17}},"64":{"start":{"line":174,"column":20},"end":{"line":174,"column":50}},"65":{"start":{"line":175,"column":20},"end":{"line":175,"column":47}},"66":{"start":{"line":180,"column":12},"end":{"line":191,"column":13}},"67":{"start":{"line":180,"column":25},"end":{"line":180,"column":26}},"68":{"start":{"line":181,"column":38},"end":{"line":181,"column":85}},"69":{"start":{"line":182,"column":16},"end":{"line":190,"column":17}},"70":{"start":{"line":184,"column":20},"end":{"line":186,"column":21}},"71":{"start":{"line":185,"column":24},"end":{"line":185,"column":72}},"72":{"start":{"line":188,"column":20},"end":{"line":188,"column":58}},"73":{"start":{"line":189,"column":20},"end":{"line":189,"column":47}},"74":{"start":{"line":194,"column":12},"end":{"line":200,"column":13}},"75":{"start":{"line":195,"column":38},"end":{"line":195,"column":76}},"76":{"start":{"line":196,"column":16},"end":{"line":199,"column":17}},"77":{"start":{"line":197,"column":20},"end":{"line":197,"column":50}},"78":{"start":{"line":198,"column":20},"end":{"line":198,"column":47}},"79":{"start":{"line":201,"column":12},"end":{"line":201,"column":41}},"80":{"start":{"line":205,"column":8},"end":{"line":205,"column":30}},"81":{"start":{"line":207,"column":8},"end":{"line":207,"column":92}},"82":{"start":{"line":209,"column":8},"end":{"line":209,"column":57}},"83":{"start":{"line":210,"column":8},"end":{"line":210,"column":105}},"84":{"start":{"line":218,"column":23},"end":{"line":226,"column":1}},"85":{"start":{"line":219,"column":4},"end":{"line":225,"column":5}},"86":{"start":{"line":220,"column":8},"end":{"line":220,"column":56}},"87":{"start":{"line":222,"column":8},"end":{"line":222,"column":82}},"88":{"start":{"line":224,"column":8},"end":{"line":224,"column":103}}},"fnMap":{"0":{"name":"(anonymous_0)","decl":{"start":{"line":7,"column":21},"end":{"line":7,"column":22}},"loc":{"start":{"line":7,"column":41},"end":{"line":17,"column":1}},"line":7},"1":{"name":"(anonymous_1)","decl":{"start":{"line":19,"column":20},"end":{"line":19,"column":21}},"loc":{"start":{"line":19,"column":40},"end":{"line":60,"column":1}},"line":19},"2":{"name":"(anonymous_2)","decl":{"start":{"line":62,"column":20},"end":{"line":62,"column":21}},"loc":{"start":{"line":62,"column":40},"end":{"line":111,"column":1}},"line":62},"3":{"name":"(anonymous_3)","decl":{"start":{"line":113,"column":23},"end":{"line":113,"column":24}},"loc":{"start":{"line":113,"column":43},"end":{"line":212,"column":1}},"line":113},"4":{"name":"(anonymous_4)","decl":{"start":{"line":168,"column":70},"end":{"line":168,"column":71}},"loc":{"start":{"line":169,"column":16},"end":{"line":169,"column":69}},"line":169},"5":{"name":"(anonymous_5)","decl":{"start":{"line":218,"column":23},"end":{"line":218,"column":24}},"loc":{"start":{"line":218,"column":43},"end":{"line":226,"column":1}},"line":218}},"branchMap":{"0":{"loc":{"start":{"line":11,"column":8},"end":{"line":13,"column":9}},"type":"if","locations":[{"start":{"line":11,"column":8},"end":{"line":13,"column":9}},{"start":{},"end":{}}],"line":11},"1":{"loc":{"start":{"line":54,"column":8},"end":{"line":56,"column":9}},"type":"if","locations":[{"start":{"line":54,"column":8},"end":{"line":56,"column":9}},{"start":{},"end":{}}],"line":54},"2":{"loc":{"start":{"line":64,"column":31},"end":{"line":64,"column":51}},"type":"default-arg","locations":[{"start":{"line":64,"column":49},"end":{"line":64,"column":51}}],"line":64},"3":{"loc":{"start":{"line":64,"column":86},"end":{"line":64,"column":102}},"type":"default-arg","locations":[{"start":{"line":64,"column":100},"end":{"line":64,"column":102}}],"line":64},"4":{"loc":{"start":{"line":64,"column":104},"end":{"line":64,"column":123}},"type":"default-arg","locations":[{"start":{"line":64,"column":121},"end":{"line":64,"column":123}}],"line":64},"5":{"loc":{"start":{"line":66,"column":8},"end":{"line":74,"column":9}},"type":"if","locations":[{"start":{"line":66,"column":8},"end":{"line":74,"column":9}},{"start":{},"end":{}}],"line":66},"6":{"loc":{"start":{"line":67,"column":12},"end":{"line":71,"column":31}},"type":"binary-expr","locations":[{"start":{"line":67,"column":12},"end":{"line":67,"column":30}},{"start":{"line":68,"column":12},"end":{"line":68,"column":33}},{"start":{"line":69,"column":12},"end":{"line":69,"column":43}},{"start":{"line":70,"column":12},"end":{"line":70,"column":31}},{"start":{"line":71,"column":12},"end":{"line":71,"column":31}}],"line":67},"7":{"loc":{"start":{"line":78,"column":8},"end":{"line":80,"column":9}},"type":"if","locations":[{"start":{"line":78,"column":8},"end":{"line":80,"column":9}},{"start":{},"end":{}}],"line":78},"8":{"loc":{"start":{"line":102,"column":8},"end":{"line":107,"column":9}},"type":"if","locations":[{"start":{"line":102,"column":8},"end":{"line":107,"column":9}},{"start":{},"end":{}}],"line":102},"9":{"loc":{"start":{"line":118,"column":12},"end":{"line":118,"column":24}},"type":"default-arg","locations":[{"start":{"line":118,"column":22},"end":{"line":118,"column":24}}],"line":118},"10":{"loc":{"start":{"line":122,"column":12},"end":{"line":122,"column":28}},"type":"default-arg","locations":[{"start":{"line":122,"column":26},"end":{"line":122,"column":28}}],"line":122},"11":{"loc":{"start":{"line":123,"column":12},"end":{"line":123,"column":31}},"type":"default-arg","locations":[{"start":{"line":123,"column":29},"end":{"line":123,"column":31}}],"line":123},"12":{"loc":{"start":{"line":127,"column":8},"end":{"line":129,"column":9}},"type":"if","locations":[{"start":{"line":127,"column":8},"end":{"line":129,"column":9}},{"start":{},"end":{}}],"line":127},"13":{"loc":{"start":{"line":132,"column":24},"end":{"line":132,"column":45}},"type":"binary-expr","locations":[{"start":{"line":132,"column":24},"end":{"line":132,"column":28}},{"start":{"line":132,"column":32},"end":{"line":132,"column":45}}],"line":132},"14":{"loc":{"start":{"line":133,"column":27},"end":{"line":133,"column":54}},"type":"binary-expr","locations":[{"start":{"line":133,"column":27},"end":{"line":133,"column":34}},{"start":{"line":133,"column":38},"end":{"line":133,"column":54}}],"line":133},"15":{"loc":{"start":{"line":134,"column":37},"end":{"line":134,"column":84}},"type":"binary-expr","locations":[{"start":{"line":134,"column":37},"end":{"line":134,"column":54}},{"start":{"line":134,"column":58},"end":{"line":134,"column":84}}],"line":134},"16":{"loc":{"start":{"line":135,"column":25},"end":{"line":135,"column":48}},"type":"binary-expr","locations":[{"start":{"line":135,"column":25},"end":{"line":135,"column":30}},{"start":{"line":135,"column":34},"end":{"line":135,"column":48}}],"line":135},"17":{"loc":{"start":{"line":136,"column":25},"end":{"line":136,"column":48}},"type":"binary-expr","locations":[{"start":{"line":136,"column":25},"end":{"line":136,"column":30}},{"start":{"line":136,"column":34},"end":{"line":136,"column":48}}],"line":136},"18":{"loc":{"start":{"line":139,"column":8},"end":{"line":148,"column":9}},"type":"if","locations":[{"start":{"line":139,"column":8},"end":{"line":148,"column":9}},{"start":{},"end":{}}],"line":139},"19":{"loc":{"start":{"line":139,"column":12},"end":{"line":139,"column":49}},"type":"binary-expr","locations":[{"start":{"line":139,"column":12},"end":{"line":139,"column":23}},{"start":{"line":139,"column":27},"end":{"line":139,"column":49}}],"line":139},"20":{"loc":{"start":{"line":151,"column":8},"end":{"line":163,"column":9}},"type":"if","locations":[{"start":{"line":151,"column":8},"end":{"line":163,"column":9}},{"start":{},"end":{}}],"line":151},"21":{"loc":{"start":{"line":151,"column":12},"end":{"line":151,"column":41}},"type":"binary-expr","locations":[{"start":{"line":151,"column":12},"end":{"line":151,"column":19}},{"start":{"line":151,"column":23},"end":{"line":151,"column":41}}],"line":151},"22":{"loc":{"start":{"line":158,"column":16},"end":{"line":161,"column":17}},"type":"if","locations":[{"start":{"line":158,"column":16},"end":{"line":161,"column":17}},{"start":{},"end":{}}],"line":158},"23":{"loc":{"start":{"line":166,"column":8},"end":{"line":202,"column":9}},"type":"if","locations":[{"start":{"line":166,"column":8},"end":{"line":202,"column":9}},{"start":{"line":192,"column":15},"end":{"line":202,"column":9}}],"line":166},"24":{"loc":{"start":{"line":166,"column":12},"end":{"line":166,"column":55}},"type":"binary-expr","locations":[{"start":{"line":166,"column":12},"end":{"line":166,"column":26}},{"start":{"line":166,"column":30},"end":{"line":166,"column":55}}],"line":166},"25":{"loc":{"start":{"line":173,"column":16},"end":{"line":176,"column":17}},"type":"if","locations":[{"start":{"line":173,"column":16},"end":{"line":176,"column":17}},{"start":{},"end":{}}],"line":173},"26":{"loc":{"start":{"line":182,"column":16},"end":{"line":190,"column":17}},"type":"if","locations":[{"start":{"line":182,"column":16},"end":{"line":190,"column":17}},{"start":{},"end":{}}],"line":182},"27":{"loc":{"start":{"line":184,"column":20},"end":{"line":186,"column":21}},"type":"if","locations":[{"start":{"line":184,"column":20},"end":{"line":186,"column":21}},{"start":{},"end":{}}],"line":184},"28":{"loc":{"start":{"line":196,"column":16},"end":{"line":199,"column":17}},"type":"if","locations":[{"start":{"line":196,"column":16},"end":{"line":199,"column":17}},{"start":{},"end":{}}],"line":196}},"s":{"0":1,"1":2,"2":2,"3":1,"4":1,"5":1,"6":1,"7":2,"8":2,"9":2,"10":1,"11":0,"12":1,"13":3,"14":3,"15":3,"16":1,"17":2,"18":2,"19":0,"20":2,"21":2,"22":2,"23":0,"24":0,"25":2,"26":2,"27":0,"28":2,"29":1,"30":1,"31":1,"32":1,"33":4,"34":4,"35":4,"36":2,"37":1,"38":1,"39":1,"40":1,"41":1,"42":1,"43":1,"44":0,"45":0,"46":0,"47":0,"48":1,"49":0,"50":0,"51":0,"52":0,"53":0,"54":0,"55":0,"56":0,"57":0,"58":1,"59":0,"60":0,"61":0,"62":0,"63":0,"64":0,"65":0,"66":0,"67":0,"68":0,"69":0,"70":0,"71":0,"72":0,"73":0,"74":1,"75":0,"76":0,"77":0,"78":0,"79":1,"80":1,"81":0,"82":3,"83":3,"84":1,"85":3,"86":3,"87":2,"88":1},"f":{"0":2,"1":2,"2":3,"3":4,"4":0,"5":3},"b":{"0":[1,0],"1":[1,1],"2":[3],"3":[3],"4":[3],"5":[1,2],"6":[3,3,2,2,2],"7":[0,2],"8":[1,0],"9":[4],"10":[4],"11":[4],"12":[1,1],"13":[1,0],"14":[1,0],"15":[1,1],"16":[1,0],"17":[1,1],"18":[0,1],"19":[1,1],"20":[0,1],"21":[1,1],"22":[0,0],"23":[0,1],"24":[1,1],"25":[0,0],"26":[0,0],"27":[0,0],"28":[0,0]},"_coverageSchema":"1a1c01bbd47fc00a2c39e90264f33305004495a9","hash":"788d45bdeb3539547d007529fe091c04986039cb"}
,"/app/controllers/admin.controllers/labtechnician.controller.js": {"path":"/app/controllers/admin.controllers/labtechnician.controller.js","statementMap":{"0":{"start":{"line":4,"column":25},"end":{"line":51,"column":1}},"1":{"start":{"line":5,"column":4},"end":{"line":50,"column":5}},"2":{"start":{"line":18,"column":12},"end":{"line":18,"column":20}},"3":{"start":{"line":20,"column":24},"end":{"line":20,"column":62}},"4":{"start":{"line":22,"column":8},"end":{"line":24,"column":9}},"5":{"start":{"line":23,"column":12},"end":{"line":23,"column":86}},"6":{"start":{"line":26,"column":31},"end":{"line":26,"column":64}},"7":{"start":{"line":28,"column":30},"end":{"line":41,"column":10}},"8":{"start":{"line":43,"column":8},"end":{"line":43,"column":35}},"9":{"start":{"line":45,"column":8},"end":{"line":45,"column":97}},"10":{"start":{"line":48,"column":8},"end":{"line":48,"column":56}},"11":{"start":{"line":49,"column":8},"end":{"line":49,"column":67}},"12":{"start":{"line":53,"column":25},"end":{"line":60,"column":1}},"13":{"start":{"line":54,"column":4},"end":{"line":59,"column":5}},"14":{"start":{"line":55,"column":30},"end":{"line":55,"column":122}},"15":{"start":{"line":56,"column":8},"end":{"line":56,"column":105}},"16":{"start":{"line":58,"column":8},"end":{"line":58,"column":93}},"17":{"start":{"line":62,"column":29},"end":{"line":69,"column":1}},"18":{"start":{"line":63,"column":4},"end":{"line":68,"column":5}},"19":{"start":{"line":64,"column":31},"end":{"line":64,"column":106}},"20":{"start":{"line":65,"column":8},"end":{"line":65,"column":107}},"21":{"start":{"line":67,"column":8},"end":{"line":67,"column":97}},"22":{"start":{"line":71,"column":28},"end":{"line":81,"column":1}},"23":{"start":{"line":72,"column":4},"end":{"line":80,"column":5}},"24":{"start":{"line":73,"column":30},"end":{"line":74,"column":52}},"25":{"start":{"line":76,"column":8},"end":{"line":76,"column":103}},"26":{"start":{"line":79,"column":8},"end":{"line":79,"column":96}},"27":{"start":{"line":83,"column":28},"end":{"line":90,"column":1}},"28":{"start":{"line":84,"column":4},"end":{"line":89,"column":5}},"29":{"start":{"line":85,"column":8},"end":{"line":85,"column":61}},"30":{"start":{"line":86,"column":8},"end":{"line":86,"column":88}},"31":{"start":{"line":88,"column":8},"end":{"line":88,"column":96}}},"fnMap":{"0":{"name":"(anonymous_0)","decl":{"start":{"line":4,"column":25},"end":{"line":4,"column":26}},"loc":{"start":{"line":4,"column":45},"end":{"line":51,"column":1}},"line":4},"1":{"name":"(anonymous_1)","decl":{"start":{"line":53,"column":25},"end":{"line":53,"column":26}},"loc":{"start":{"line":53,"column":45},"end":{"line":60,"column":1}},"line":53},"2":{"name":"(anonymous_2)","decl":{"start":{"line":62,"column":29},"end":{"line":62,"column":30}},"loc":{"start":{"line":62,"column":49},"end":{"line":69,"column":1}},"line":62},"3":{"name":"(anonymous_3)","decl":{"start":{"line":71,"column":28},"end":{"line":71,"column":29}},"loc":{"start":{"line":71,"column":48},"end":{"line":81,"column":1}},"line":71},"4":{"name":"(anonymous_4)","decl":{"start":{"line":83,"column":28},"end":{"line":83,"column":29}},"loc":{"start":{"line":83,"column":48},"end":{"line":90,"column":1}},"line":83}},"branchMap":{"0":{"loc":{"start":{"line":22,"column":8},"end":{"line":24,"column":9}},"type":"if","locations":[{"start":{"line":22,"column":8},"end":{"line":24,"column":9}},{"start":{},"end":{}}],"line":22}},"s":{"0":1,"1":2,"2":2,"3":2,"4":2,"5":1,"6":1,"7":1,"8":1,"9":1,"10":0,"11":0,"12":1,"13":2,"14":2,"15":1,"16":1,"17":1,"18":1,"19":1,"20":0,"21":1,"22":1,"23":1,"24":1,"25":1,"26":0,"27":1,"28":1,"29":1,"30":1,"31":0},"f":{"0":2,"1":2,"2":1,"3":1,"4":1},"b":{"0":[1,1]},"_coverageSchema":"1a1c01bbd47fc00a2c39e90264f33305004495a9","hash":"d4ac37fd6bb93fa842c7208436910d48502f272f"}
,"/app/controllers/admin.controllers/polyclinic.controller.js": {"path":"/app/controllers/admin.controllers/polyclinic.controller.js","statementMap":{"0":{"start":{"line":5,"column":23},"end":{"line":23,"column":1}},"1":{"start":{"line":6,"column":4},"end":{"line":22,"column":5}},"2":{"start":{"line":7,"column":27},"end":{"line":7,"column":40}},"3":{"start":{"line":10,"column":25},"end":{"line":13,"column":10}},"4":{"start":{"line":15,"column":8},"end":{"line":17,"column":9}},"5":{"start":{"line":16,"column":12},"end":{"line":16,"column":75}},"6":{"start":{"line":19,"column":8},"end":{"line":19,"column":75}},"7":{"start":{"line":21,"column":8},"end":{"line":21,"column":107}},"8":{"start":{"line":26,"column":22},"end":{"line":74,"column":1}},"9":{"start":{"line":27,"column":4},"end":{"line":73,"column":5}},"10":{"start":{"line":28,"column":53},"end":{"line":28,"column":61}},"11":{"start":{"line":30,"column":8},"end":{"line":32,"column":9}},"12":{"start":{"line":31,"column":12},"end":{"line":31,"column":93}},"13":{"start":{"line":35,"column":25},"end":{"line":35,"column":106}},"14":{"start":{"line":37,"column":8},"end":{"line":39,"column":9}},"15":{"start":{"line":38,"column":12},"end":{"line":38,"column":75}},"16":{"start":{"line":42,"column":33},"end":{"line":42,"column":98}},"17":{"start":{"line":42,"column":73},"end":{"line":42,"column":97}},"18":{"start":{"line":44,"column":8},"end":{"line":46,"column":9}},"19":{"start":{"line":45,"column":12},"end":{"line":45,"column":99}},"20":{"start":{"line":49,"column":25},"end":{"line":53,"column":10}},"21":{"start":{"line":56,"column":8},"end":{"line":63,"column":9}},"22":{"start":{"line":56,"column":21},"end":{"line":56,"column":22}},"23":{"start":{"line":57,"column":27},"end":{"line":57,"column":62}},"24":{"start":{"line":58,"column":12},"end":{"line":62,"column":13}},"25":{"start":{"line":59,"column":16},"end":{"line":59,"column":51}},"26":{"start":{"line":60,"column":16},"end":{"line":60,"column":47}},"27":{"start":{"line":61,"column":16},"end":{"line":61,"column":36}},"28":{"start":{"line":66,"column":8},"end":{"line":66,"column":50}},"29":{"start":{"line":67,"column":8},"end":{"line":67,"column":30}},"30":{"start":{"line":69,"column":8},"end":{"line":69,"column":96}},"31":{"start":{"line":72,"column":8},"end":{"line":72,"column":110}},"32":{"start":{"line":76,"column":25},"end":{"line":126,"column":1}},"33":{"start":{"line":77,"column":4},"end":{"line":125,"column":5}},"34":{"start":{"line":78,"column":39},"end":{"line":78,"column":47}},"35":{"start":{"line":81,"column":27},"end":{"line":81,"column":88}},"36":{"start":{"line":83,"column":8},"end":{"line":85,"column":9}},"37":{"start":{"line":84,"column":12},"end":{"line":84,"column":77}},"38":{"start":{"line":88,"column":8},"end":{"line":88,"column":50}},"39":{"start":{"line":91,"column":32},"end":{"line":93,"column":9}},"40":{"start":{"line":92,"column":24},"end":{"line":92,"column":60}},"41":{"start":{"line":96,"column":8},"end":{"line":104,"column":9}},"42":{"start":{"line":97,"column":27},"end":{"line":97,"column":58}},"43":{"start":{"line":98,"column":12},"end":{"line":103,"column":13}},"44":{"start":{"line":99,"column":16},"end":{"line":99,"column":50}},"45":{"start":{"line":100,"column":16},"end":{"line":100,"column":51}},"46":{"start":{"line":101,"column":16},"end":{"line":101,"column":58}},"47":{"start":{"line":102,"column":16},"end":{"line":102,"column":36}},"48":{"start":{"line":107,"column":8},"end":{"line":114,"column":9}},"49":{"start":{"line":108,"column":27},"end":{"line":108,"column":58}},"50":{"start":{"line":109,"column":12},"end":{"line":113,"column":13}},"51":{"start":{"line":110,"column":16},"end":{"line":110,"column":41}},"52":{"start":{"line":111,"column":16},"end":{"line":111,"column":39}},"53":{"start":{"line":112,"column":16},"end":{"line":112,"column":36}},"54":{"start":{"line":117,"column":8},"end":{"line":117,"column":37}},"55":{"start":{"line":120,"column":8},"end":{"line":120,"column":32}},"56":{"start":{"line":122,"column":8},"end":{"line":122,"column":96}},"57":{"start":{"line":124,"column":8},"end":{"line":124,"column":113}},"58":{"start":{"line":130,"column":25},"end":{"line":138,"column":1}},"59":{"start":{"line":131,"column":4},"end":{"line":137,"column":5}},"60":{"start":{"line":132,"column":8},"end":{"line":132,"column":58}},"61":{"start":{"line":134,"column":8},"end":{"line":134,"column":84}},"62":{"start":{"line":136,"column":8},"end":{"line":136,"column":112}}},"fnMap":{"0":{"name":"(anonymous_0)","decl":{"start":{"line":5,"column":23},"end":{"line":5,"column":24}},"loc":{"start":{"line":5,"column":43},"end":{"line":23,"column":1}},"line":5},"1":{"name":"(anonymous_1)","decl":{"start":{"line":26,"column":22},"end":{"line":26,"column":23}},"loc":{"start":{"line":26,"column":42},"end":{"line":74,"column":1}},"line":26},"2":{"name":"(anonymous_2)","decl":{"start":{"line":42,"column":59},"end":{"line":42,"column":60}},"loc":{"start":{"line":42,"column":73},"end":{"line":42,"column":97}},"line":42},"3":{"name":"(anonymous_3)","decl":{"start":{"line":76,"column":25},"end":{"line":76,"column":26}},"loc":{"start":{"line":76,"column":45},"end":{"line":126,"column":1}},"line":76},"4":{"name":"(anonymous_4)","decl":{"start":{"line":92,"column":12},"end":{"line":92,"column":13}},"loc":{"start":{"line":92,"column":24},"end":{"line":92,"column":60}},"line":92},"5":{"name":"(anonymous_5)","decl":{"start":{"line":130,"column":25},"end":{"line":130,"column":26}},"loc":{"start":{"line":130,"column":45},"end":{"line":138,"column":1}},"line":130}},"branchMap":{"0":{"loc":{"start":{"line":15,"column":8},"end":{"line":17,"column":9}},"type":"if","locations":[{"start":{"line":15,"column":8},"end":{"line":17,"column":9}},{"start":{},"end":{}}],"line":15},"1":{"loc":{"start":{"line":28,"column":34},"end":{"line":28,"column":48}},"type":"default-arg","locations":[{"start":{"line":28,"column":46},"end":{"line":28,"column":48}}],"line":28},"2":{"loc":{"start":{"line":30,"column":8},"end":{"line":32,"column":9}},"type":"if","locations":[{"start":{"line":30,"column":8},"end":{"line":32,"column":9}},{"start":{},"end":{}}],"line":30},"3":{"loc":{"start":{"line":30,"column":12},"end":{"line":30,"column":32}},"type":"binary-expr","locations":[{"start":{"line":30,"column":12},"end":{"line":30,"column":17}},{"start":{"line":30,"column":21},"end":{"line":30,"column":32}}],"line":30},"4":{"loc":{"start":{"line":37,"column":8},"end":{"line":39,"column":9}},"type":"if","locations":[{"start":{"line":37,"column":8},"end":{"line":39,"column":9}},{"start":{},"end":{}}],"line":37},"5":{"loc":{"start":{"line":44,"column":8},"end":{"line":46,"column":9}},"type":"if","locations":[{"start":{"line":44,"column":8},"end":{"line":46,"column":9}},{"start":{},"end":{}}],"line":44},"6":{"loc":{"start":{"line":58,"column":12},"end":{"line":62,"column":13}},"type":"if","locations":[{"start":{"line":58,"column":12},"end":{"line":62,"column":13}},{"start":{},"end":{}}],"line":58},"7":{"loc":{"start":{"line":78,"column":22},"end":{"line":78,"column":34}},"type":"default-arg","locations":[{"start":{"line":78,"column":32},"end":{"line":78,"column":34}}],"line":78},"8":{"loc":{"start":{"line":83,"column":8},"end":{"line":85,"column":9}},"type":"if","locations":[{"start":{"line":83,"column":8},"end":{"line":85,"column":9}},{"start":{},"end":{}}],"line":83},"9":{"loc":{"start":{"line":88,"column":26},"end":{"line":88,"column":49}},"type":"binary-expr","locations":[{"start":{"line":88,"column":26},"end":{"line":88,"column":30}},{"start":{"line":88,"column":34},"end":{"line":88,"column":49}}],"line":88},"10":{"loc":{"start":{"line":98,"column":12},"end":{"line":103,"column":13}},"type":"if","locations":[{"start":{"line":98,"column":12},"end":{"line":103,"column":13}},{"start":{},"end":{}}],"line":98},"11":{"loc":{"start":{"line":98,"column":16},"end":{"line":98,"column":64}},"type":"binary-expr","locations":[{"start":{"line":98,"column":16},"end":{"line":98,"column":22}},{"start":{"line":98,"column":26},"end":{"line":98,"column":64}}],"line":98},"12":{"loc":{"start":{"line":109,"column":12},"end":{"line":113,"column":13}},"type":"if","locations":[{"start":{"line":109,"column":12},"end":{"line":113,"column":13}},{"start":{},"end":{}}],"line":109}},"s":{"0":1,"1":2,"2":2,"3":2,"4":1,"5":0,"6":1,"7":1,"8":1,"9":2,"10":2,"11":2,"12":1,"13":1,"14":0,"15":0,"16":0,"17":0,"18":0,"19":0,"20":0,"21":0,"22":0,"23":0,"24":0,"25":0,"26":0,"27":0,"28":0,"29":0,"30":0,"31":1,"32":1,"33":2,"34":2,"35":2,"36":0,"37":0,"38":0,"39":0,"40":0,"41":0,"42":0,"43":0,"44":0,"45":0,"46":0,"47":0,"48":0,"49":0,"50":0,"51":0,"52":0,"53":0,"54":0,"55":0,"56":0,"57":2,"58":1,"59":2,"60":2,"61":1,"62":1},"f":{"0":2,"1":2,"2":0,"3":2,"4":0,"5":2},"b":{"0":[0,1],"1":[1],"2":[1,1],"3":[2,1],"4":[0,0],"5":[0,0],"6":[0,0],"7":[1],"8":[0,0],"9":[0,0],"10":[0,0],"11":[0,0],"12":[0,0]},"_coverageSchema":"1a1c01bbd47fc00a2c39e90264f33305004495a9","hash":"5e4716728d1badce828db2541fad0467c55beec2"}
,"/app/controllers/doctor.controllers/auth.controller.js": {"path":"/app/controllers/doctor.controllers/auth.controller.js","statementMap":{"0":{"start":{"line":4,"column":23},"end":{"line":40,"column":1}},"1":{"start":{"line":5,"column":4},"end":{"line":39,"column":5}},"2":{"start":{"line":6,"column":69},"end":{"line":6,"column":77}},"3":{"start":{"line":8,"column":8},"end":{"line":10,"column":9}},"4":{"start":{"line":9,"column":12},"end":{"line":9,"column":80}},"5":{"start":{"line":12,"column":8},"end":{"line":14,"column":9}},"6":{"start":{"line":13,"column":12},"end":{"line":13,"column":79}},"7":{"start":{"line":16,"column":23},"end":{"line":16,"column":58}},"8":{"start":{"line":18,"column":8},"end":{"line":20,"column":9}},"9":{"start":{"line":19,"column":12},"end":{"line":19,"column":73}},"10":{"start":{"line":22,"column":24},"end":{"line":22,"column":80}},"11":{"start":{"line":24,"column":8},"end":{"line":26,"column":9}},"12":{"start":{"line":25,"column":12},"end":{"line":25,"column":81}},"13":{"start":{"line":28,"column":21},"end":{"line":28,"column":47}},"14":{"start":{"line":29,"column":31},"end":{"line":29,"column":69}},"15":{"start":{"line":31,"column":8},"end":{"line":31,"column":41}},"16":{"start":{"line":32,"column":8},"end":{"line":32,"column":28}},"17":{"start":{"line":34,"column":8},"end":{"line":34,"column":82}},"18":{"start":{"line":37,"column":8},"end":{"line":37,"column":75}},"19":{"start":{"line":38,"column":8},"end":{"line":38,"column":90}}},"fnMap":{"0":{"name":"(anonymous_0)","decl":{"start":{"line":4,"column":23},"end":{"line":4,"column":24}},"loc":{"start":{"line":4,"column":43},"end":{"line":40,"column":1}},"line":4}},"branchMap":{"0":{"loc":{"start":{"line":8,"column":8},"end":{"line":10,"column":9}},"type":"if","locations":[{"start":{"line":8,"column":8},"end":{"line":10,"column":9}},{"start":{},"end":{}}],"line":8},"1":{"loc":{"start":{"line":8,"column":12},"end":{"line":8,"column":106}},"type":"binary-expr","locations":[{"start":{"line":8,"column":12},"end":{"line":8,"column":41}},{"start":{"line":8,"column":45},"end":{"line":8,"column":70}},{"start":{"line":8,"column":74},"end":{"line":8,"column":106}}],"line":8},"2":{"loc":{"start":{"line":12,"column":8},"end":{"line":14,"column":9}},"type":"if","locations":[{"start":{"line":12,"column":8},"end":{"line":14,"column":9}},{"start":{},"end":{}}],"line":12},"3":{"loc":{"start":{"line":18,"column":8},"end":{"line":20,"column":9}},"type":"if","locations":[{"start":{"line":18,"column":8},"end":{"line":20,"column":9}},{"start":{},"end":{}}],"line":18},"4":{"loc":{"start":{"line":24,"column":8},"end":{"line":26,"column":9}},"type":"if","locations":[{"start":{"line":24,"column":8},"end":{"line":26,"column":9}},{"start":{},"end":{}}],"line":24}},"s":{"0":1,"1":6,"2":6,"3":6,"4":1,"5":5,"6":1,"7":4,"8":3,"9":1,"10":2,"11":2,"12":1,"13":1,"14":1,"15":1,"16":1,"17":1,"18":1,"19":1},"f":{"0":6},"b":{"0":[1,5],"1":[6,5,5],"2":[1,4],"3":[1,2],"4":[1,1]},"_coverageSchema":"1a1c01bbd47fc00a2c39e90264f33305004495a9","hash":"edafcb92c0d59c264904f34f0f26c21237f919a9"}
,"/app/controllers/doctor.controllers/patient.controller.js": {"path":"/app/controllers/doctor.controllers/patient.controller.js","statementMap":{"0":{"start":{"line":11,"column":26},"end":{"line":40,"column":1}},"1":{"start":{"line":12,"column":4},"end":{"line":39,"column":5}},"2":{"start":{"line":13,"column":30},"end":{"line":13,"column":40}},"3":{"start":{"line":16,"column":23},"end":{"line":23,"column":10}},"4":{"start":{"line":26,"column":8},"end":{"line":28,"column":9}},"5":{"start":{"line":27,"column":12},"end":{"line":27,"column":90}},"6":{"start":{"line":31,"column":31},"end":{"line":31,"column":61}},"7":{"start":{"line":33,"column":8},"end":{"line":36,"column":11}},"8":{"start":{"line":38,"column":8},"end":{"line":38,"column":103}},"9":{"start":{"line":43,"column":20},"end":{"line":74,"column":1}},"10":{"start":{"line":44,"column":4},"end":{"line":73,"column":5}},"11":{"start":{"line":46,"column":23},"end":{"line":56,"column":14}},"12":{"start":{"line":59,"column":28},"end":{"line":59,"column":37}},"13":{"start":{"line":60,"column":31},"end":{"line":68,"column":14}},"14":{"start":{"line":61,"column":32},"end":{"line":61,"column":51}},"15":{"start":{"line":63,"column":16},"end":{"line":66,"column":17}},"16":{"start":{"line":64,"column":20},"end":{"line":64,"column":60}},"17":{"start":{"line":65,"column":20},"end":{"line":65,"column":32}},"18":{"start":{"line":67,"column":16},"end":{"line":67,"column":29}},"19":{"start":{"line":70,"column":8},"end":{"line":70,"column":110}},"20":{"start":{"line":72,"column":8},"end":{"line":72,"column":89}},"21":{"start":{"line":77,"column":19},"end":{"line":153,"column":1}},"22":{"start":{"line":78,"column":4},"end":{"line":152,"column":5}},"23":{"start":{"line":79,"column":25},"end":{"line":79,"column":37}},"24":{"start":{"line":80,"column":26},"end":{"line":80,"column":46}},"25":{"start":{"line":83,"column":23},"end":{"line":83,"column":82}},"26":{"start":{"line":84,"column":8},"end":{"line":86,"column":9}},"27":{"start":{"line":85,"column":12},"end":{"line":85,"column":86}},"28":{"start":{"line":88,"column":33},"end":{"line":88,"column":63}},"29":{"start":{"line":91,"column":24},"end":{"line":146,"column":14}},"30":{"start":{"line":148,"column":8},"end":{"line":148,"column":92}},"31":{"start":{"line":150,"column":8},"end":{"line":150,"column":53}},"32":{"start":{"line":151,"column":8},"end":{"line":151,"column":88}},"33":{"start":{"line":159,"column":27},"end":{"line":216,"column":1}},"34":{"start":{"line":160,"column":4},"end":{"line":215,"column":5}},"35":{"start":{"line":161,"column":25},"end":{"line":161,"column":37}},"36":{"start":{"line":162,"column":26},"end":{"line":162,"column":46}},"37":{"start":{"line":164,"column":8},"end":{"line":166,"column":9}},"38":{"start":{"line":165,"column":12},"end":{"line":165,"column":79}},"39":{"start":{"line":168,"column":37},"end":{"line":168,"column":45}},"40":{"start":{"line":171,"column":23},"end":{"line":180,"column":14}},"41":{"start":{"line":182,"column":8},"end":{"line":184,"column":9}},"42":{"start":{"line":183,"column":12},"end":{"line":183,"column":122}},"43":{"start":{"line":187,"column":25},"end":{"line":187,"column":40}},"44":{"start":{"line":188,"column":8},"end":{"line":190,"column":9}},"45":{"start":{"line":189,"column":12},"end":{"line":189,"column":104}},"46":{"start":{"line":193,"column":29},"end":{"line":198,"column":10}},"47":{"start":{"line":200,"column":8},"end":{"line":200,"column":34}},"48":{"start":{"line":203,"column":24},"end":{"line":203,"column":57}},"49":{"start":{"line":204,"column":8},"end":{"line":206,"column":9}},"50":{"start":{"line":205,"column":12},"end":{"line":205,"column":74}},"51":{"start":{"line":208,"column":8},"end":{"line":208,"column":53}},"52":{"start":{"line":209,"column":8},"end":{"line":209,"column":29}},"53":{"start":{"line":211,"column":8},"end":{"line":211,"column":100}},"54":{"start":{"line":213,"column":8},"end":{"line":213,"column":61}},"55":{"start":{"line":214,"column":8},"end":{"line":214,"column":96}},"56":{"start":{"line":219,"column":27},"end":{"line":243,"column":1}},"57":{"start":{"line":220,"column":4},"end":{"line":242,"column":5}},"58":{"start":{"line":221,"column":8},"end":{"line":223,"column":9}},"59":{"start":{"line":222,"column":12},"end":{"line":222,"column":84}},"60":{"start":{"line":225,"column":37},"end":{"line":225,"column":45}},"61":{"start":{"line":227,"column":29},"end":{"line":227,"column":83}},"62":{"start":{"line":229,"column":8},"end":{"line":231,"column":9}},"63":{"start":{"line":230,"column":12},"end":{"line":230,"column":79}},"64":{"start":{"line":233,"column":8},"end":{"line":233,"column":41}},"65":{"start":{"line":234,"column":8},"end":{"line":234,"column":37}},"66":{"start":{"line":236,"column":8},"end":{"line":236,"column":34}},"67":{"start":{"line":238,"column":8},"end":{"line":238,"column":114}},"68":{"start":{"line":241,"column":8},"end":{"line":241,"column":96}},"69":{"start":{"line":245,"column":27},"end":{"line":258,"column":1}},"70":{"start":{"line":246,"column":4},"end":{"line":257,"column":5}},"71":{"start":{"line":247,"column":8},"end":{"line":249,"column":9}},"72":{"start":{"line":248,"column":12},"end":{"line":248,"column":84}},"73":{"start":{"line":251,"column":8},"end":{"line":251,"column":72}},"74":{"start":{"line":253,"column":8},"end":{"line":253,"column":86}},"75":{"start":{"line":256,"column":8},"end":{"line":256,"column":96}},"76":{"start":{"line":260,"column":42},"end":{"line":293,"column":1}},"77":{"start":{"line":261,"column":4},"end":{"line":292,"column":5}},"78":{"start":{"line":262,"column":35},"end":{"line":262,"column":44}},"79":{"start":{"line":263,"column":25},"end":{"line":263,"column":37}},"80":{"start":{"line":266,"column":23},"end":{"line":266,"column":82}},"81":{"start":{"line":267,"column":8},"end":{"line":269,"column":9}},"82":{"start":{"line":268,"column":12},"end":{"line":268,"column":85}},"83":{"start":{"line":271,"column":27},"end":{"line":271,"column":46}},"84":{"start":{"line":274,"column":31},"end":{"line":277,"column":48}},"85":{"start":{"line":280,"column":8},"end":{"line":282,"column":9}},"86":{"start":{"line":281,"column":12},"end":{"line":281,"column":114}},"87":{"start":{"line":285,"column":8},"end":{"line":288,"column":11}},"88":{"start":{"line":290,"column":8},"end":{"line":290,"column":75}},"89":{"start":{"line":291,"column":8},"end":{"line":291,"column":65}},"90":{"start":{"line":296,"column":26},"end":{"line":381,"column":1}},"91":{"start":{"line":297,"column":4},"end":{"line":380,"column":5}},"92":{"start":{"line":298,"column":8},"end":{"line":298,"column":34}},"93":{"start":{"line":299,"column":82},"end":{"line":299,"column":90}},"94":{"start":{"line":300,"column":25},"end":{"line":300,"column":37}},"95":{"start":{"line":303,"column":8},"end":{"line":305,"column":9}},"96":{"start":{"line":304,"column":12},"end":{"line":304,"column":144}},"97":{"start":{"line":308,"column":23},"end":{"line":310,"column":42}},"98":{"start":{"line":312,"column":8},"end":{"line":314,"column":9}},"99":{"start":{"line":313,"column":12},"end":{"line":313,"column":98}},"100":{"start":{"line":316,"column":27},"end":{"line":316,"column":46}},"101":{"start":{"line":317,"column":29},"end":{"line":317,"column":50}},"102":{"start":{"line":320,"column":30},"end":{"line":320,"column":75}},"103":{"start":{"line":321,"column":8},"end":{"line":323,"column":9}},"104":{"start":{"line":322,"column":12},"end":{"line":322,"column":81}},"105":{"start":{"line":326,"column":8},"end":{"line":328,"column":9}},"106":{"start":{"line":327,"column":12},"end":{"line":327,"column":122}},"107":{"start":{"line":331,"column":8},"end":{"line":333,"column":9}},"108":{"start":{"line":332,"column":12},"end":{"line":332,"column":130}},"109":{"start":{"line":336,"column":24},"end":{"line":346,"column":10}},"110":{"start":{"line":348,"column":8},"end":{"line":348,"column":29}},"111":{"start":{"line":351,"column":25},"end":{"line":351,"column":60}},"112":{"start":{"line":352,"column":8},"end":{"line":354,"column":9}},"113":{"start":{"line":353,"column":12},"end":{"line":353,"column":75}},"114":{"start":{"line":356,"column":8},"end":{"line":356,"column":44}},"115":{"start":{"line":357,"column":8},"end":{"line":357,"column":30}},"116":{"start":{"line":360,"column":24},"end":{"line":360,"column":57}},"117":{"start":{"line":361,"column":8},"end":{"line":363,"column":9}},"118":{"start":{"line":362,"column":12},"end":{"line":362,"column":74}},"119":{"start":{"line":365,"column":8},"end":{"line":365,"column":43}},"120":{"start":{"line":366,"column":8},"end":{"line":366,"column":29}},"121":{"start":{"line":369,"column":10},"end":{"line":369,"column":44}},"122":{"start":{"line":370,"column":10},"end":{"line":370,"column":30}},"123":{"start":{"line":373,"column":8},"end":{"line":376,"column":11}},"124":{"start":{"line":378,"column":8},"end":{"line":378,"column":60}},"125":{"start":{"line":379,"column":8},"end":{"line":379,"column":67}}},"fnMap":{"0":{"name":"(anonymous_0)","decl":{"start":{"line":11,"column":26},"end":{"line":11,"column":27}},"loc":{"start":{"line":11,"column":46},"end":{"line":40,"column":1}},"line":11},"1":{"name":"(anonymous_1)","decl":{"start":{"line":43,"column":20},"end":{"line":43,"column":21}},"loc":{"start":{"line":43,"column":40},"end":{"line":74,"column":1}},"line":43},"2":{"name":"(anonymous_2)","decl":{"start":{"line":61,"column":17},"end":{"line":61,"column":18}},"loc":{"start":{"line":61,"column":32},"end":{"line":61,"column":51}},"line":61},"3":{"name":"(anonymous_3)","decl":{"start":{"line":62,"column":20},"end":{"line":62,"column":21}},"loc":{"start":{"line":62,"column":31},"end":{"line":68,"column":13}},"line":62},"4":{"name":"(anonymous_4)","decl":{"start":{"line":77,"column":19},"end":{"line":77,"column":20}},"loc":{"start":{"line":77,"column":39},"end":{"line":153,"column":1}},"line":77},"5":{"name":"(anonymous_5)","decl":{"start":{"line":159,"column":27},"end":{"line":159,"column":28}},"loc":{"start":{"line":159,"column":47},"end":{"line":216,"column":1}},"line":159},"6":{"name":"(anonymous_6)","decl":{"start":{"line":219,"column":27},"end":{"line":219,"column":28}},"loc":{"start":{"line":219,"column":47},"end":{"line":243,"column":1}},"line":219},"7":{"name":"(anonymous_7)","decl":{"start":{"line":245,"column":27},"end":{"line":245,"column":28}},"loc":{"start":{"line":245,"column":47},"end":{"line":258,"column":1}},"line":245},"8":{"name":"(anonymous_8)","decl":{"start":{"line":260,"column":42},"end":{"line":260,"column":43}},"loc":{"start":{"line":260,"column":62},"end":{"line":293,"column":1}},"line":260},"9":{"name":"(anonymous_9)","decl":{"start":{"line":296,"column":26},"end":{"line":296,"column":27}},"loc":{"start":{"line":296,"column":46},"end":{"line":381,"column":1}},"line":296}},"branchMap":{"0":{"loc":{"start":{"line":26,"column":8},"end":{"line":28,"column":9}},"type":"if","locations":[{"start":{"line":26,"column":8},"end":{"line":28,"column":9}},{"start":{},"end":{}}],"line":26},"1":{"loc":{"start":{"line":26,"column":12},"end":{"line":26,"column":50}},"type":"binary-expr","locations":[{"start":{"line":26,"column":12},"end":{"line":26,"column":19}},{"start":{"line":26,"column":23},"end":{"line":26,"column":50}}],"line":26},"2":{"loc":{"start":{"line":63,"column":16},"end":{"line":66,"column":17}},"type":"if","locations":[{"start":{"line":63,"column":16},"end":{"line":66,"column":17}},{"start":{},"end":{}}],"line":63},"3":{"loc":{"start":{"line":84,"column":8},"end":{"line":86,"column":9}},"type":"if","locations":[{"start":{"line":84,"column":8},"end":{"line":86,"column":9}},{"start":{},"end":{}}],"line":84},"4":{"loc":{"start":{"line":84,"column":12},"end":{"line":84,"column":39}},"type":"binary-expr","locations":[{"start":{"line":84,"column":12},"end":{"line":84,"column":19}},{"start":{"line":84,"column":23},"end":{"line":84,"column":39}}],"line":84},"5":{"loc":{"start":{"line":164,"column":8},"end":{"line":166,"column":9}},"type":"if","locations":[{"start":{"line":164,"column":8},"end":{"line":166,"column":9}},{"start":{},"end":{}}],"line":164},"6":{"loc":{"start":{"line":182,"column":8},"end":{"line":184,"column":9}},"type":"if","locations":[{"start":{"line":182,"column":8},"end":{"line":184,"column":9}},{"start":{},"end":{}}],"line":182},"7":{"loc":{"start":{"line":182,"column":12},"end":{"line":182,"column":55}},"type":"binary-expr","locations":[{"start":{"line":182,"column":12},"end":{"line":182,"column":19}},{"start":{"line":182,"column":23},"end":{"line":182,"column":55}}],"line":182},"8":{"loc":{"start":{"line":188,"column":8},"end":{"line":190,"column":9}},"type":"if","locations":[{"start":{"line":188,"column":8},"end":{"line":190,"column":9}},{"start":{},"end":{}}],"line":188},"9":{"loc":{"start":{"line":204,"column":8},"end":{"line":206,"column":9}},"type":"if","locations":[{"start":{"line":204,"column":8},"end":{"line":206,"column":9}},{"start":{},"end":{}}],"line":204},"10":{"loc":{"start":{"line":221,"column":8},"end":{"line":223,"column":9}},"type":"if","locations":[{"start":{"line":221,"column":8},"end":{"line":223,"column":9}},{"start":{},"end":{}}],"line":221},"11":{"loc":{"start":{"line":229,"column":8},"end":{"line":231,"column":9}},"type":"if","locations":[{"start":{"line":229,"column":8},"end":{"line":231,"column":9}},{"start":{},"end":{}}],"line":229},"12":{"loc":{"start":{"line":247,"column":8},"end":{"line":249,"column":9}},"type":"if","locations":[{"start":{"line":247,"column":8},"end":{"line":249,"column":9}},{"start":{},"end":{}}],"line":247},"13":{"loc":{"start":{"line":267,"column":8},"end":{"line":269,"column":9}},"type":"if","locations":[{"start":{"line":267,"column":8},"end":{"line":269,"column":9}},{"start":{},"end":{}}],"line":267},"14":{"loc":{"start":{"line":267,"column":12},"end":{"line":267,"column":39}},"type":"binary-expr","locations":[{"start":{"line":267,"column":12},"end":{"line":267,"column":19}},{"start":{"line":267,"column":23},"end":{"line":267,"column":39}}],"line":267},"15":{"loc":{"start":{"line":280,"column":8},"end":{"line":282,"column":9}},"type":"if","locations":[{"start":{"line":280,"column":8},"end":{"line":282,"column":9}},{"start":{},"end":{}}],"line":280},"16":{"loc":{"start":{"line":303,"column":8},"end":{"line":305,"column":9}},"type":"if","locations":[{"start":{"line":303,"column":8},"end":{"line":305,"column":9}},{"start":{},"end":{}}],"line":303},"17":{"loc":{"start":{"line":303,"column":12},"end":{"line":303,"column":86}},"type":"binary-expr","locations":[{"start":{"line":303,"column":12},"end":{"line":303,"column":22}},{"start":{"line":303,"column":26},"end":{"line":303,"column":42}},{"start":{"line":303,"column":46},"end":{"line":303,"column":55}},{"start":{"line":303,"column":59},"end":{"line":303,"column":67}},{"start":{"line":303,"column":71},"end":{"line":303,"column":86}}],"line":303},"18":{"loc":{"start":{"line":312,"column":8},"end":{"line":314,"column":9}},"type":"if","locations":[{"start":{"line":312,"column":8},"end":{"line":314,"column":9}},{"start":{},"end":{}}],"line":312},"19":{"loc":{"start":{"line":312,"column":12},"end":{"line":312,"column":61}},"type":"binary-expr","locations":[{"start":{"line":312,"column":12},"end":{"line":312,"column":19}},{"start":{"line":312,"column":23},"end":{"line":312,"column":39}},{"start":{"line":312,"column":43},"end":{"line":312,"column":61}}],"line":312},"20":{"loc":{"start":{"line":321,"column":8},"end":{"line":323,"column":9}},"type":"if","locations":[{"start":{"line":321,"column":8},"end":{"line":323,"column":9}},{"start":{},"end":{}}],"line":321},"21":{"loc":{"start":{"line":326,"column":8},"end":{"line":328,"column":9}},"type":"if","locations":[{"start":{"line":326,"column":8},"end":{"line":328,"column":9}},{"start":{},"end":{}}],"line":326},"22":{"loc":{"start":{"line":331,"column":8},"end":{"line":333,"column":9}},"type":"if","locations":[{"start":{"line":331,"column":8},"end":{"line":333,"column":9}},{"start":{},"end":{}}],"line":331},"23":{"loc":{"start":{"line":352,"column":8},"end":{"line":354,"column":9}},"type":"if","locations":[{"start":{"line":352,"column":8},"end":{"line":354,"column":9}},{"start":{},"end":{}}],"line":352},"24":{"loc":{"start":{"line":361,"column":8},"end":{"line":363,"column":9}},"type":"if","locations":[{"start":{"line":361,"column":8},"end":{"line":363,"column":9}},{"start":{},"end":{}}],"line":361}},"s":{"0":1,"1":2,"2":2,"3":2,"4":2,"5":1,"6":1,"7":1,"8":0,"9":1,"10":2,"11":2,"12":2,"13":2,"14":1,"15":1,"16":1,"17":1,"18":0,"19":2,"20":0,"21":1,"22":2,"23":2,"24":2,"25":2,"26":2,"27":1,"28":1,"29":1,"30":1,"31":0,"32":0,"33":1,"34":2,"35":2,"36":2,"37":2,"38":0,"39":2,"40":2,"41":2,"42":1,"43":1,"44":1,"45":0,"46":1,"47":1,"48":1,"49":1,"50":0,"51":1,"52":1,"53":1,"54":0,"55":0,"56":1,"57":2,"58":2,"59":0,"60":2,"61":2,"62":2,"63":1,"64":1,"65":1,"66":1,"67":1,"68":0,"69":1,"70":2,"71":2,"72":1,"73":1,"74":1,"75":0,"76":1,"77":2,"78":2,"79":2,"80":2,"81":2,"82":0,"83":2,"84":2,"85":2,"86":1,"87":1,"88":0,"89":0,"90":1,"91":5,"92":5,"93":5,"94":5,"95":5,"96":1,"97":4,"98":4,"99":0,"100":4,"101":4,"102":4,"103":4,"104":1,"105":3,"106":1,"107":2,"108":1,"109":1,"110":1,"111":1,"112":1,"113":0,"114":1,"115":1,"116":1,"117":1,"118":0,"119":1,"120":1,"121":1,"122":1,"123":1,"124":0,"125":0},"f":{"0":2,"1":2,"2":1,"3":1,"4":2,"5":2,"6":2,"7":2,"8":2,"9":5},"b":{"0":[1,1],"1":[2,2],"2":[1,0],"3":[1,1],"4":[2,1],"5":[0,2],"6":[1,1],"7":[2,2],"8":[0,1],"9":[0,1],"10":[0,2],"11":[1,1],"12":[1,1],"13":[0,2],"14":[2,2],"15":[1,1],"16":[1,4],"17":[5,5,4,4,4],"18":[0,4],"19":[4,4,4],"20":[1,3],"21":[1,2],"22":[1,1],"23":[0,1],"24":[0,1]},"_coverageSchema":"1a1c01bbd47fc00a2c39e90264f33305004495a9","hash":"35dff82f7630988b976c3dacf19855545eebdc7a"}
,"/app/controllers/lab.controllers/auth.controller.js": {"path":"/app/controllers/lab.controllers/auth.controller.js","statementMap":{"0":{"start":{"line":4,"column":23},"end":{"line":40,"column":1}},"1":{"start":{"line":5,"column":4},"end":{"line":39,"column":5}},"2":{"start":{"line":6,"column":69},"end":{"line":6,"column":77}},"3":{"start":{"line":8,"column":8},"end":{"line":10,"column":9}},"4":{"start":{"line":9,"column":12},"end":{"line":9,"column":80}},"5":{"start":{"line":12,"column":8},"end":{"line":14,"column":9}},"6":{"start":{"line":13,"column":12},"end":{"line":13,"column":79}},"7":{"start":{"line":16,"column":30},"end":{"line":16,"column":72}},"8":{"start":{"line":18,"column":8},"end":{"line":20,"column":9}},"9":{"start":{"line":19,"column":12},"end":{"line":19,"column":80}},"10":{"start":{"line":22,"column":24},"end":{"line":22,"column":87}},"11":{"start":{"line":24,"column":8},"end":{"line":26,"column":9}},"12":{"start":{"line":25,"column":12},"end":{"line":25,"column":81}},"13":{"start":{"line":28,"column":21},"end":{"line":28,"column":47}},"14":{"start":{"line":29,"column":31},"end":{"line":29,"column":69}},"15":{"start":{"line":31,"column":8},"end":{"line":31,"column":48}},"16":{"start":{"line":32,"column":8},"end":{"line":32,"column":35}},"17":{"start":{"line":34,"column":8},"end":{"line":34,"column":82}},"18":{"start":{"line":37,"column":8},"end":{"line":37,"column":75}},"19":{"start":{"line":38,"column":8},"end":{"line":38,"column":90}}},"fnMap":{"0":{"name":"(anonymous_0)","decl":{"start":{"line":4,"column":23},"end":{"line":4,"column":24}},"loc":{"start":{"line":4,"column":43},"end":{"line":40,"column":1}},"line":4}},"branchMap":{"0":{"loc":{"start":{"line":8,"column":8},"end":{"line":10,"column":9}},"type":"if","locations":[{"start":{"line":8,"column":8},"end":{"line":10,"column":9}},{"start":{},"end":{}}],"line":8},"1":{"loc":{"start":{"line":8,"column":12},"end":{"line":8,"column":106}},"type":"binary-expr","locations":[{"start":{"line":8,"column":12},"end":{"line":8,"column":41}},{"start":{"line":8,"column":45},"end":{"line":8,"column":70}},{"start":{"line":8,"column":74},"end":{"line":8,"column":106}}],"line":8},"2":{"loc":{"start":{"line":12,"column":8},"end":{"line":14,"column":9}},"type":"if","locations":[{"start":{"line":12,"column":8},"end":{"line":14,"column":9}},{"start":{},"end":{}}],"line":12},"3":{"loc":{"start":{"line":18,"column":8},"end":{"line":20,"column":9}},"type":"if","locations":[{"start":{"line":18,"column":8},"end":{"line":20,"column":9}},{"start":{},"end":{}}],"line":18},"4":{"loc":{"start":{"line":24,"column":8},"end":{"line":26,"column":9}},"type":"if","locations":[{"start":{"line":24,"column":8},"end":{"line":26,"column":9}},{"start":{},"end":{}}],"line":24}},"s":{"0":1,"1":6,"2":6,"3":6,"4":1,"5":5,"6":1,"7":4,"8":3,"9":1,"10":2,"11":2,"12":1,"13":1,"14":1,"15":1,"16":1,"17":1,"18":1,"19":1},"f":{"0":6},"b":{"0":[1,5],"1":[6,5,5],"2":[1,4],"3":[1,2],"4":[1,1]},"_coverageSchema":"1a1c01bbd47fc00a2c39e90264f33305004495a9","hash":"2ab231c74db4749d8c125869abe208bec6b2b0b1"}
,"/app/controllers/lab.controllers/home.controller.js": {"path":"/app/controllers/lab.controllers/home.controller.js","statementMap":{"0":{"start":{"line":5,"column":20},"end":{"line":45,"column":1}},"1":{"start":{"line":6,"column":4},"end":{"line":44,"column":5}},"2":{"start":{"line":7,"column":19},"end":{"line":7,"column":31}},"3":{"start":{"line":9,"column":29},"end":{"line":33,"column":14}},"4":{"start":{"line":36,"column":8},"end":{"line":38,"column":9}},"5":{"start":{"line":37,"column":12},"end":{"line":37,"column":81}},"6":{"start":{"line":40,"column":8},"end":{"line":40,"column":31}},"7":{"start":{"line":42,"column":8},"end":{"line":42,"column":64}},"8":{"start":{"line":43,"column":8},"end":{"line":43,"column":45}},"9":{"start":{"line":47,"column":21},"end":{"line":77,"column":1}},"10":{"start":{"line":48,"column":4},"end":{"line":76,"column":5}},"11":{"start":{"line":49,"column":35},"end":{"line":49,"column":43}},"12":{"start":{"line":52,"column":24},"end":{"line":52,"column":54}},"13":{"start":{"line":53,"column":8},"end":{"line":55,"column":9}},"14":{"start":{"line":54,"column":12},"end":{"line":54,"column":75}},"15":{"start":{"line":58,"column":8},"end":{"line":58,"column":37}},"16":{"start":{"line":59,"column":8},"end":{"line":59,"column":50}},"17":{"start":{"line":60,"column":8},"end":{"line":60,"column":40}},"18":{"start":{"line":62,"column":8},"end":{"line":62,"column":29}},"19":{"start":{"line":65,"column":31},"end":{"line":67,"column":47}},"20":{"start":{"line":69,"column":8},"end":{"line":72,"column":11}},"21":{"start":{"line":74,"column":8},"end":{"line":74,"column":66}},"22":{"start":{"line":75,"column":8},"end":{"line":75,"column":58}}},"fnMap":{"0":{"name":"(anonymous_0)","decl":{"start":{"line":5,"column":20},"end":{"line":5,"column":21}},"loc":{"start":{"line":5,"column":40},"end":{"line":45,"column":1}},"line":5},"1":{"name":"(anonymous_1)","decl":{"start":{"line":47,"column":21},"end":{"line":47,"column":22}},"loc":{"start":{"line":47,"column":41},"end":{"line":77,"column":1}},"line":47}},"branchMap":{"0":{"loc":{"start":{"line":36,"column":8},"end":{"line":38,"column":9}},"type":"if","locations":[{"start":{"line":36,"column":8},"end":{"line":38,"column":9}},{"start":{},"end":{}}],"line":36},"1":{"loc":{"start":{"line":53,"column":8},"end":{"line":55,"column":9}},"type":"if","locations":[{"start":{"line":53,"column":8},"end":{"line":55,"column":9}},{"start":{},"end":{}}],"line":53},"2":{"loc":{"start":{"line":59,"column":25},"end":{"line":59,"column":49}},"type":"binary-expr","locations":[{"start":{"line":59,"column":25},"end":{"line":59,"column":31}},{"start":{"line":59,"column":35},"end":{"line":59,"column":49}}],"line":59}},"s":{"0":1,"1":3,"2":3,"3":3,"4":2,"5":1,"6":1,"7":1,"8":1,"9":1,"10":3,"11":3,"12":3,"13":2,"14":1,"15":1,"16":1,"17":1,"18":1,"19":1,"20":0,"21":2,"22":2},"f":{"0":3,"1":3},"b":{"0":[1,1],"1":[1,1],"2":[1,0]},"_coverageSchema":"1a1c01bbd47fc00a2c39e90264f33305004495a9","hash":"a052502f2b3b3d86302364afaa9a991ae95542c7"}
,"/app/controllers/lab.controllers/test.controller.js": {"path":"/app/controllers/lab.controllers/test.controller.js","statementMap":{"0":{"start":{"line":7,"column":19},"end":{"line":45,"column":1}},"1":{"start":{"line":8,"column":4},"end":{"line":44,"column":5}},"2":{"start":{"line":9,"column":24},"end":{"line":33,"column":14}},"3":{"start":{"line":35,"column":8},"end":{"line":37,"column":9}},"4":{"start":{"line":36,"column":12},"end":{"line":36,"column":74}},"5":{"start":{"line":39,"column":8},"end":{"line":39,"column":26}},"6":{"start":{"line":42,"column":8},"end":{"line":42,"column":63}},"7":{"start":{"line":43,"column":8},"end":{"line":43,"column":45}},"8":{"start":{"line":47,"column":22},"end":{"line":65,"column":1}},"9":{"start":{"line":48,"column":4},"end":{"line":64,"column":5}},"10":{"start":{"line":49,"column":30},"end":{"line":49,"column":40}},"11":{"start":{"line":52,"column":24},"end":{"line":52,"column":57}},"12":{"start":{"line":53,"column":8},"end":{"line":55,"column":9}},"13":{"start":{"line":54,"column":12},"end":{"line":54,"column":75}},"14":{"start":{"line":58,"column":8},"end":{"line":58,"column":34}},"15":{"start":{"line":60,"column":8},"end":{"line":60,"column":75}},"16":{"start":{"line":62,"column":8},"end":{"line":62,"column":67}},"17":{"start":{"line":63,"column":8},"end":{"line":63,"column":58}},"18":{"start":{"line":68,"column":20},"end":{"line":144,"column":1}},"19":{"start":{"line":69,"column":4},"end":{"line":143,"column":5}},"20":{"start":{"line":71,"column":32},"end":{"line":71,"column":44}},"21":{"start":{"line":74,"column":30},"end":{"line":96,"column":14}},"22":{"start":{"line":98,"column":8},"end":{"line":100,"column":9}},"23":{"start":{"line":99,"column":12},"end":{"line":99,"column":76}},"24":{"start":{"line":103,"column":29},"end":{"line":117,"column":15}},"25":{"start":{"line":104,"column":28},"end":{"line":104,"column":53}},"26":{"start":{"line":105,"column":28},"end":{"line":105,"column":73}},"27":{"start":{"line":106,"column":26},"end":{"line":117,"column":13}},"28":{"start":{"line":120,"column":31},"end":{"line":136,"column":15}},"29":{"start":{"line":121,"column":28},"end":{"line":121,"column":55}},"30":{"start":{"line":122,"column":28},"end":{"line":122,"column":73}},"31":{"start":{"line":123,"column":26},"end":{"line":136,"column":13}},"32":{"start":{"line":139,"column":8},"end":{"line":139,"column":51}},"33":{"start":{"line":141,"column":8},"end":{"line":141,"column":65}},"34":{"start":{"line":142,"column":8},"end":{"line":142,"column":58}}},"fnMap":{"0":{"name":"(anonymous_0)","decl":{"start":{"line":7,"column":19},"end":{"line":7,"column":20}},"loc":{"start":{"line":7,"column":39},"end":{"line":45,"column":1}},"line":7},"1":{"name":"(anonymous_1)","decl":{"start":{"line":47,"column":22},"end":{"line":47,"column":23}},"loc":{"start":{"line":47,"column":42},"end":{"line":65,"column":1}},"line":47},"2":{"name":"(anonymous_2)","decl":{"start":{"line":68,"column":20},"end":{"line":68,"column":21}},"loc":{"start":{"line":68,"column":40},"end":{"line":144,"column":1}},"line":68},"3":{"name":"(anonymous_3)","decl":{"start":{"line":104,"column":20},"end":{"line":104,"column":21}},"loc":{"start":{"line":104,"column":28},"end":{"line":104,"column":53}},"line":104},"4":{"name":"(anonymous_4)","decl":{"start":{"line":105,"column":18},"end":{"line":105,"column":19}},"loc":{"start":{"line":105,"column":28},"end":{"line":105,"column":73}},"line":105},"5":{"name":"(anonymous_5)","decl":{"start":{"line":106,"column":17},"end":{"line":106,"column":18}},"loc":{"start":{"line":106,"column":26},"end":{"line":117,"column":13}},"line":106},"6":{"name":"(anonymous_6)","decl":{"start":{"line":121,"column":20},"end":{"line":121,"column":21}},"loc":{"start":{"line":121,"column":28},"end":{"line":121,"column":55}},"line":121},"7":{"name":"(anonymous_7)","decl":{"start":{"line":122,"column":18},"end":{"line":122,"column":19}},"loc":{"start":{"line":122,"column":28},"end":{"line":122,"column":73}},"line":122},"8":{"name":"(anonymous_8)","decl":{"start":{"line":123,"column":17},"end":{"line":123,"column":18}},"loc":{"start":{"line":123,"column":26},"end":{"line":136,"column":13}},"line":123}},"branchMap":{"0":{"loc":{"start":{"line":35,"column":8},"end":{"line":37,"column":9}},"type":"if","locations":[{"start":{"line":35,"column":8},"end":{"line":37,"column":9}},{"start":{},"end":{}}],"line":35},"1":{"loc":{"start":{"line":53,"column":8},"end":{"line":55,"column":9}},"type":"if","locations":[{"start":{"line":53,"column":8},"end":{"line":55,"column":9}},{"start":{},"end":{}}],"line":53},"2":{"loc":{"start":{"line":98,"column":8},"end":{"line":100,"column":9}},"type":"if","locations":[{"start":{"line":98,"column":8},"end":{"line":100,"column":9}},{"start":{},"end":{}}],"line":98},"3":{"loc":{"start":{"line":98,"column":12},"end":{"line":98,"column":89}},"type":"binary-expr","locations":[{"start":{"line":98,"column":12},"end":{"line":98,"column":26}},{"start":{"line":98,"column":30},"end":{"line":98,"column":53}},{"start":{"line":98,"column":57},"end":{"line":98,"column":89}}],"line":98}},"s":{"0":1,"1":3,"2":3,"3":2,"4":1,"5":1,"6":1,"7":1,"8":1,"9":3,"10":3,"11":3,"12":2,"13":1,"14":1,"15":1,"16":1,"17":1,"18":1,"19":2,"20":2,"21":2,"22":2,"23":0,"24":2,"25":2,"26":0,"27":1,"28":2,"29":2,"30":0,"31":1,"32":2,"33":0,"34":0},"f":{"0":3,"1":3,"2":2,"3":2,"4":0,"5":1,"6":2,"7":0,"8":1},"b":{"0":[1,1],"1":[1,1],"2":[0,2],"3":[2,2,2]},"_coverageSchema":"1a1c01bbd47fc00a2c39e90264f33305004495a9","hash":"e0158cd3df1d1fb8a304887ce1dd1304620713e5"}
,"/app/controllers/patient.controllers/appointment.controller.js": {"path":"/app/controllers/patient.controllers/appointment.controller.js","statementMap":{"0":{"start":{"line":10,"column":32},"end":{"line":48,"column":1}},"1":{"start":{"line":11,"column":4},"end":{"line":47,"column":5}},"2":{"start":{"line":13,"column":8},"end":{"line":15,"column":9}},"3":{"start":{"line":14,"column":12},"end":{"line":14,"column":73}},"4":{"start":{"line":16,"column":8},"end":{"line":18,"column":9}},"5":{"start":{"line":17,"column":12},"end":{"line":17,"column":84}},"6":{"start":{"line":21,"column":26},"end":{"line":23,"column":57}},"7":{"start":{"line":26,"column":8},"end":{"line":26,"column":109}},"8":{"start":{"line":26,"column":55},"end":{"line":26,"column":107}},"9":{"start":{"line":29,"column":29},"end":{"line":29,"column":31}},"10":{"start":{"line":30,"column":8},"end":{"line":39,"column":9}},"11":{"start":{"line":31,"column":42},"end":{"line":31,"column":52}},"12":{"start":{"line":34,"column":12},"end":{"line":36,"column":13}},"13":{"start":{"line":35,"column":16},"end":{"line":35,"column":46}},"14":{"start":{"line":38,"column":12},"end":{"line":38,"column":53}},"15":{"start":{"line":42,"column":8},"end":{"line":42,"column":54}},"16":{"start":{"line":45,"column":8},"end":{"line":45,"column":66}},"17":{"start":{"line":46,"column":8},"end":{"line":46,"column":122}},"18":{"start":{"line":51,"column":23},"end":{"line":137,"column":1}},"19":{"start":{"line":52,"column":4},"end":{"line":136,"column":5}},"20":{"start":{"line":53,"column":57},"end":{"line":53,"column":65}},"21":{"start":{"line":55,"column":23},"end":{"line":55,"column":54}},"22":{"start":{"line":57,"column":22},"end":{"line":57,"column":45}},"23":{"start":{"line":58,"column":24},"end":{"line":58,"column":65}},"24":{"start":{"line":59,"column":26},"end":{"line":59,"column":36}},"25":{"start":{"line":61,"column":27},"end":{"line":61,"column":44}},"26":{"start":{"line":62,"column":25},"end":{"line":62,"column":40}},"27":{"start":{"line":64,"column":28},"end":{"line":66,"column":9}},"28":{"start":{"line":65,"column":12},"end":{"line":65,"column":103}},"29":{"start":{"line":68,"column":28},"end":{"line":78,"column":10}},"30":{"start":{"line":80,"column":8},"end":{"line":106,"column":9}},"31":{"start":{"line":81,"column":28},"end":{"line":90,"column":14}},"32":{"start":{"line":92,"column":12},"end":{"line":92,"column":48}},"33":{"start":{"line":93,"column":12},"end":{"line":93,"column":37}},"34":{"start":{"line":95,"column":12},"end":{"line":104,"column":14}},"35":{"start":{"line":108,"column":8},"end":{"line":108,"column":97}},"36":{"start":{"line":109,"column":8},"end":{"line":109,"column":96}},"37":{"start":{"line":114,"column":8},"end":{"line":116,"column":9}},"38":{"start":{"line":115,"column":12},"end":{"line":115,"column":127}},"39":{"start":{"line":118,"column":25},"end":{"line":118,"column":79}},"40":{"start":{"line":118,"column":60},"end":{"line":118,"column":78}},"41":{"start":{"line":120,"column":8},"end":{"line":122,"column":9}},"42":{"start":{"line":121,"column":12},"end":{"line":121,"column":128}},"43":{"start":{"line":124,"column":8},"end":{"line":126,"column":9}},"44":{"start":{"line":125,"column":12},"end":{"line":125,"column":85}},"45":{"start":{"line":128,"column":8},"end":{"line":128,"column":32}},"46":{"start":{"line":130,"column":8},"end":{"line":130,"column":28}},"47":{"start":{"line":132,"column":8},"end":{"line":132,"column":98}},"48":{"start":{"line":135,"column":8},"end":{"line":135,"column":93}},"49":{"start":{"line":139,"column":24},"end":{"line":189,"column":1}},"50":{"start":{"line":140,"column":4},"end":{"line":188,"column":5}},"51":{"start":{"line":141,"column":24},"end":{"line":159,"column":14}},"52":{"start":{"line":161,"column":8},"end":{"line":163,"column":9}},"53":{"start":{"line":162,"column":12},"end":{"line":162,"column":74}},"54":{"start":{"line":165,"column":29},"end":{"line":165,"column":49}},"55":{"start":{"line":168,"column":8},"end":{"line":185,"column":9}},"56":{"start":{"line":170,"column":32},"end":{"line":170,"column":42}},"57":{"start":{"line":171,"column":12},"end":{"line":176,"column":13}},"58":{"start":{"line":172,"column":16},"end":{"line":175,"column":17}},"59":{"start":{"line":173,"column":20},"end":{"line":173,"column":53}},"60":{"start":{"line":174,"column":20},"end":{"line":174,"column":45}},"61":{"start":{"line":179,"column":12},"end":{"line":179,"column":77}},"62":{"start":{"line":179,"column":40},"end":{"line":179,"column":75}},"63":{"start":{"line":181,"column":12},"end":{"line":184,"column":15}},"64":{"start":{"line":187,"column":8},"end":{"line":187,"column":94}},"65":{"start":{"line":215,"column":26},"end":{"line":270,"column":1}},"66":{"start":{"line":216,"column":4},"end":{"line":269,"column":5}},"67":{"start":{"line":217,"column":23},"end":{"line":217,"column":33}},"68":{"start":{"line":220,"column":8},"end":{"line":222,"column":9}},"69":{"start":{"line":221,"column":12},"end":{"line":221,"column":83}},"70":{"start":{"line":225,"column":28},"end":{"line":225,"column":97}},"71":{"start":{"line":228,"column":8},"end":{"line":230,"column":9}},"72":{"start":{"line":229,"column":12},"end":{"line":229,"column":78}},"73":{"start":{"line":233,"column":8},"end":{"line":235,"column":9}},"74":{"start":{"line":234,"column":12},"end":{"line":234,"column":106}},"75":{"start":{"line":239,"column":23},"end":{"line":239,"column":64}},"76":{"start":{"line":240,"column":28},"end":{"line":242,"column":9}},"77":{"start":{"line":241,"column":12},"end":{"line":241,"column":115}},"78":{"start":{"line":244,"column":8},"end":{"line":250,"column":9}},"79":{"start":{"line":245,"column":29},"end":{"line":245,"column":95}},"80":{"start":{"line":245,"column":64},"end":{"line":245,"column":94}},"81":{"start":{"line":246,"column":12},"end":{"line":248,"column":13}},"82":{"start":{"line":247,"column":16},"end":{"line":247,"column":39}},"83":{"start":{"line":249,"column":12},"end":{"line":249,"column":32}},"84":{"start":{"line":253,"column":8},"end":{"line":255,"column":11}},"85":{"start":{"line":258,"column":8},"end":{"line":260,"column":11}},"86":{"start":{"line":263,"column":8},"end":{"line":263,"column":48}},"87":{"start":{"line":265,"column":8},"end":{"line":265,"column":87}},"88":{"start":{"line":267,"column":8},"end":{"line":267,"column":60}},"89":{"start":{"line":268,"column":8},"end":{"line":268,"column":96}}},"fnMap":{"0":{"name":"(anonymous_0)","decl":{"start":{"line":10,"column":32},"end":{"line":10,"column":33}},"loc":{"start":{"line":10,"column":58},"end":{"line":48,"column":1}},"line":10},"1":{"name":"(anonymous_1)","decl":{"start":{"line":26,"column":41},"end":{"line":26,"column":42}},"loc":{"start":{"line":26,"column":55},"end":{"line":26,"column":107}},"line":26},"2":{"name":"(anonymous_2)","decl":{"start":{"line":51,"column":23},"end":{"line":51,"column":24}},"loc":{"start":{"line":51,"column":43},"end":{"line":137,"column":1}},"line":51},"3":{"name":"(anonymous_3)","decl":{"start":{"line":64,"column":49},"end":{"line":64,"column":50}},"loc":{"start":{"line":65,"column":12},"end":{"line":65,"column":103}},"line":65},"4":{"name":"(anonymous_4)","decl":{"start":{"line":118,"column":52},"end":{"line":118,"column":53}},"loc":{"start":{"line":118,"column":60},"end":{"line":118,"column":78}},"line":118},"5":{"name":"(anonymous_5)","decl":{"start":{"line":139,"column":24},"end":{"line":139,"column":25}},"loc":{"start":{"line":139,"column":44},"end":{"line":189,"column":1}},"line":139},"6":{"name":"(anonymous_6)","decl":{"start":{"line":179,"column":30},"end":{"line":179,"column":31}},"loc":{"start":{"line":179,"column":40},"end":{"line":179,"column":75}},"line":179},"7":{"name":"(anonymous_7)","decl":{"start":{"line":215,"column":26},"end":{"line":215,"column":27}},"loc":{"start":{"line":215,"column":46},"end":{"line":270,"column":1}},"line":215},"8":{"name":"(anonymous_8)","decl":{"start":{"line":240,"column":49},"end":{"line":240,"column":50}},"loc":{"start":{"line":241,"column":12},"end":{"line":241,"column":115}},"line":241},"9":{"name":"(anonymous_9)","decl":{"start":{"line":245,"column":56},"end":{"line":245,"column":57}},"loc":{"start":{"line":245,"column":64},"end":{"line":245,"column":94}},"line":245}},"branchMap":{"0":{"loc":{"start":{"line":13,"column":8},"end":{"line":15,"column":9}},"type":"if","locations":[{"start":{"line":13,"column":8},"end":{"line":15,"column":9}},{"start":{},"end":{}}],"line":13},"1":{"loc":{"start":{"line":16,"column":8},"end":{"line":18,"column":9}},"type":"if","locations":[{"start":{"line":16,"column":8},"end":{"line":18,"column":9}},{"start":{},"end":{}}],"line":16},"2":{"loc":{"start":{"line":80,"column":8},"end":{"line":106,"column":9}},"type":"if","locations":[{"start":{"line":80,"column":8},"end":{"line":106,"column":9}},{"start":{},"end":{}}],"line":80},"3":{"loc":{"start":{"line":114,"column":8},"end":{"line":116,"column":9}},"type":"if","locations":[{"start":{"line":114,"column":8},"end":{"line":116,"column":9}},{"start":{},"end":{}}],"line":114},"4":{"loc":{"start":{"line":120,"column":8},"end":{"line":122,"column":9}},"type":"if","locations":[{"start":{"line":120,"column":8},"end":{"line":122,"column":9}},{"start":{},"end":{}}],"line":120},"5":{"loc":{"start":{"line":124,"column":8},"end":{"line":126,"column":9}},"type":"if","locations":[{"start":{"line":124,"column":8},"end":{"line":126,"column":9}},{"start":{},"end":{}}],"line":124},"6":{"loc":{"start":{"line":161,"column":8},"end":{"line":163,"column":9}},"type":"if","locations":[{"start":{"line":161,"column":8},"end":{"line":163,"column":9}},{"start":{},"end":{}}],"line":161},"7":{"loc":{"start":{"line":168,"column":8},"end":{"line":185,"column":9}},"type":"if","locations":[{"start":{"line":168,"column":8},"end":{"line":185,"column":9}},{"start":{},"end":{}}],"line":168},"8":{"loc":{"start":{"line":172,"column":16},"end":{"line":175,"column":17}},"type":"if","locations":[{"start":{"line":172,"column":16},"end":{"line":175,"column":17}},{"start":{},"end":{}}],"line":172},"9":{"loc":{"start":{"line":172,"column":20},"end":{"line":172,"column":98}},"type":"binary-expr","locations":[{"start":{"line":172,"column":20},"end":{"line":172,"column":60}},{"start":{"line":172,"column":64},"end":{"line":172,"column":98}}],"line":172},"10":{"loc":{"start":{"line":220,"column":8},"end":{"line":222,"column":9}},"type":"if","locations":[{"start":{"line":220,"column":8},"end":{"line":222,"column":9}},{"start":{},"end":{}}],"line":220},"11":{"loc":{"start":{"line":228,"column":8},"end":{"line":230,"column":9}},"type":"if","locations":[{"start":{"line":228,"column":8},"end":{"line":230,"column":9}},{"start":{},"end":{}}],"line":228},"12":{"loc":{"start":{"line":233,"column":8},"end":{"line":235,"column":9}},"type":"if","locations":[{"start":{"line":233,"column":8},"end":{"line":235,"column":9}},{"start":{},"end":{}}],"line":233},"13":{"loc":{"start":{"line":244,"column":8},"end":{"line":250,"column":9}},"type":"if","locations":[{"start":{"line":244,"column":8},"end":{"line":250,"column":9}},{"start":{},"end":{}}],"line":244},"14":{"loc":{"start":{"line":246,"column":12},"end":{"line":248,"column":13}},"type":"if","locations":[{"start":{"line":246,"column":12},"end":{"line":248,"column":13}},{"start":{},"end":{}}],"line":246}},"s":{"0":1,"1":4,"2":4,"3":1,"4":3,"5":1,"6":2,"7":2,"8":1,"9":2,"10":2,"11":1,"12":1,"13":1,"14":1,"15":2,"16":0,"17":0,"18":1,"19":6,"20":6,"21":6,"22":6,"23":6,"24":6,"25":6,"26":6,"27":6,"28":5,"29":6,"30":3,"31":1,"32":1,"33":1,"34":1,"35":3,"36":3,"37":3,"38":0,"39":3,"40":3,"41":3,"42":1,"43":2,"44":1,"45":1,"46":1,"47":1,"48":3,"49":1,"50":3,"51":3,"52":1,"53":0,"54":1,"55":1,"56":1,"57":1,"58":2,"59":2,"60":2,"61":1,"62":1,"63":1,"64":2,"65":1,"66":5,"67":5,"68":5,"69":1,"70":4,"71":4,"72":2,"73":2,"74":1,"75":1,"76":1,"77":1,"78":1,"79":1,"80":1,"81":1,"82":1,"83":1,"84":1,"85":1,"86":1,"87":1,"88":0,"89":0},"f":{"0":4,"1":1,"2":6,"3":5,"4":3,"5":3,"6":1,"7":5,"8":1,"9":1},"b":{"0":[1,3],"1":[1,2],"2":[1,2],"3":[0,3],"4":[1,2],"5":[1,1],"6":[0,1],"7":[1,0],"8":[2,0],"9":[2,2],"10":[1,4],"11":[2,2],"12":[1,1],"13":[1,0],"14":[1,0]},"_coverageSchema":"1a1c01bbd47fc00a2c39e90264f33305004495a9","hash":"1d770fba1a6286d7e22323802dbd7aa84d76c1eb"}
,"/app/controllers/patient.controllers/auth.controller.js": {"path":"/app/controllers/patient.controllers/auth.controller.js","statementMap":{"0":{"start":{"line":5,"column":15},"end":{"line":75,"column":1}},"1":{"start":{"line":6,"column":4},"end":{"line":74,"column":5}},"2":{"start":{"line":7,"column":134},"end":{"line":7,"column":142}},"3":{"start":{"line":9,"column":8},"end":{"line":23,"column":9}},"4":{"start":{"line":22,"column":12},"end":{"line":22,"column":80}},"5":{"start":{"line":25,"column":8},"end":{"line":27,"column":9}},"6":{"start":{"line":26,"column":12},"end":{"line":26,"column":79}},"7":{"start":{"line":29,"column":30},"end":{"line":29,"column":73}},"8":{"start":{"line":31,"column":8},"end":{"line":33,"column":9}},"9":{"start":{"line":32,"column":12},"end":{"line":32,"column":79}},"10":{"start":{"line":35,"column":21},"end":{"line":35,"column":47}},"11":{"start":{"line":36,"column":31},"end":{"line":36,"column":66}},"12":{"start":{"line":38,"column":24},"end":{"line":50,"column":10}},"13":{"start":{"line":52,"column":8},"end":{"line":69,"column":9}},"14":{"start":{"line":53,"column":12},"end":{"line":53,"column":42}},"15":{"start":{"line":54,"column":12},"end":{"line":68,"column":15}},"16":{"start":{"line":72,"column":8},"end":{"line":72,"column":67}},"17":{"start":{"line":73,"column":8},"end":{"line":73,"column":90}},"18":{"start":{"line":76,"column":23},"end":{"line":112,"column":1}},"19":{"start":{"line":77,"column":4},"end":{"line":111,"column":5}},"20":{"start":{"line":78,"column":69},"end":{"line":78,"column":77}},"21":{"start":{"line":80,"column":8},"end":{"line":82,"column":9}},"22":{"start":{"line":81,"column":12},"end":{"line":81,"column":80}},"23":{"start":{"line":84,"column":8},"end":{"line":86,"column":9}},"24":{"start":{"line":85,"column":12},"end":{"line":85,"column":79}},"25":{"start":{"line":88,"column":24},"end":{"line":88,"column":60}},"26":{"start":{"line":90,"column":8},"end":{"line":92,"column":9}},"27":{"start":{"line":91,"column":12},"end":{"line":91,"column":74}},"28":{"start":{"line":94,"column":24},"end":{"line":94,"column":81}},"29":{"start":{"line":96,"column":8},"end":{"line":98,"column":9}},"30":{"start":{"line":97,"column":12},"end":{"line":97,"column":81}},"31":{"start":{"line":100,"column":21},"end":{"line":100,"column":47}},"32":{"start":{"line":101,"column":31},"end":{"line":101,"column":69}},"33":{"start":{"line":103,"column":8},"end":{"line":103,"column":42}},"34":{"start":{"line":104,"column":8},"end":{"line":104,"column":29}},"35":{"start":{"line":106,"column":8},"end":{"line":106,"column":82}},"36":{"start":{"line":109,"column":8},"end":{"line":109,"column":75}},"37":{"start":{"line":110,"column":8},"end":{"line":110,"column":90}}},"fnMap":{"0":{"name":"(anonymous_0)","decl":{"start":{"line":5,"column":15},"end":{"line":5,"column":16}},"loc":{"start":{"line":5,"column":35},"end":{"line":75,"column":1}},"line":5},"1":{"name":"(anonymous_1)","decl":{"start":{"line":76,"column":23},"end":{"line":76,"column":24}},"loc":{"start":{"line":76,"column":43},"end":{"line":112,"column":1}
[...]
"line":54,"column":1}},"25":{"start":{"line":47,"column":4},"end":{"line":53,"column":5}},"26":{"start":{"line":48,"column":24},"end":{"line":48,"column":125}},"27":{"start":{"line":49,"column":8},"end":{"line":49,"column":94}},"28":{"start":{"line":52,"column":8},"end":{"line":52,"column":95}},"29":{"start":{"line":56,"column":24},"end":{"line":64,"column":1}},"30":{"start":{"line":57,"column":4},"end":{"line":63,"column":5}},"31":{"start":{"line":58,"column":24},"end":{"line":58,"column":123}},"32":{"start":{"line":59,"column":8},"end":{"line":59,"column":93}},"33":{"start":{"line":62,"column":8},"end":{"line":62,"column":94}},"34":{"start":{"line":66,"column":24},"end":{"line":79,"column":1}},"35":{"start":{"line":67,"column":4},"end":{"line":78,"column":5}},"36":{"start":{"line":68,"column":24},"end":{"line":72,"column":9}},"37":{"start":{"line":74,"column":8},"end":{"line":74,"column":92}},"38":{"start":{"line":77,"column":8},"end":{"line":77,"column":94}},"39":{"start":{"line":81,"column":22},"end":{"line":96,"column":1}},"40":{"start":{"line":82,"column":4},"end":{"line":95,"column":5}},"41":{"start":{"line":83,"column":28},"end":{"line":83,"column":48}},"42":{"start":{"line":85,"column":24},"end":{"line":89,"column":9}},"43":{"start":{"line":91,"column":8},"end":{"line":91,"column":81}},"44":{"start":{"line":94,"column":8},"end":{"line":94,"column":92}},"45":{"start":{"line":98,"column":24},"end":{"line":106,"column":1}},"46":{"start":{"line":99,"column":4},"end":{"line":105,"column":5}},"47":{"start":{"line":100,"column":24},"end":{"line":100,"column":123}},"48":{"start":{"line":101,"column":8},"end":{"line":101,"column":93}},"49":{"start":{"line":104,"column":8},"end":{"line":104,"column":94}}},"fnMap":{"0":{"name":"(anonymous_0)","decl":{"start":{"line":3,"column":24},"end":{"line":3,"column":25}},"loc":{"start":{"line":3,"column":44},"end":{"line":14,"column":1}},"line":3},"1":{"name":"(anonymous_1)","decl":{"start":{"line":16,"column":21},"end":{"line":16,"column":22}},"loc":{"start":{"line":16,"column":41},"end":{"line":24,"column":1}},"line":16},"2":{"name":"(anonymous_2)","decl":{"start":{"line":26,"column":21},"end":{"line":26,"column":22}},"loc":{"start":{"line":26,"column":41},"end":{"line":34,"column":1}},"line":26},"3":{"name":"(anonymous_3)","decl":{"start":{"line":36,"column":28},"end":{"line":36,"column":29}},"loc":{"start":{"line":36,"column":48},"end":{"line":44,"column":1}},"line":36},"4":{"name":"(anonymous_4)","decl":{"start":{"line":46,"column":25},"end":{"line":46,"column":26}},"loc":{"start":{"line":46,"column":45},"end":{"line":54,"column":1}},"line":46},"5":{"name":"(anonymous_5)","decl":{"start":{"line":56,"column":24},"end":{"line":56,"column":25}},"loc":{"start":{"line":56,"column":44},"end":{"line":64,"column":1}},"line":56},"6":{"name":"(anonymous_6)","decl":{"start":{"line":66,"column":24},"end":{"line":66,"column":25}},"loc":{"start":{"line":66,"column":44},"end":{"line":79,"column":1}},"line":66},"7":{"name":"(anonymous_7)","decl":{"start":{"line":81,"column":22},"end":{"line":81,"column":23}},"loc":{"start":{"line":81,"column":42},"end":{"line":96,"column":1}},"line":81},"8":{"name":"(anonymous_8)","decl":{"start":{"line":98,"column":24},"end":{"line":98,"column":25}},"loc":{"start":{"line":98,"column":44},"end":{"line":106,"column":1}},"line":98}},"branchMap":{},"s":{"0":1,"1":2,"2":2,"3":1,"4":1,"5":0,"6":0,"7":0,"8":2,"9":1,"10":2,"11":2,"12":1,"13":1,"14":1,"15":2,"16":2,"17":1,"18":1,"19":1,"20":2,"21":2,"22":1,"23":1,"24":1,"25":2,"26":2,"27":1,"28":1,"29":1,"30":2,"31":2,"32":1,"33":1,"34":1,"35":2,"36":2,"37":1,"38":1,"39":1,"40":2,"41":2,"42":2,"43":1,"44":1,"45":1,"46":2,"47":2,"48":1,"49":1},"f":{"0":2,"1":2,"2":2,"3":2,"4":2,"5":2,"6":2,"7":2,"8":2},"b":{},"_coverageSchema":"1a1c01bbd47fc00a2c39e90264f33305004495a9","hash":"6e7dc62d6a33b7903872d45511c74a5fea40ff75"}
,"/app/controllers/patient.controllers/home.controller.js": {"path":"/app/controllers/patient.controllers/home.controller.js","statementMap":{"0":{"start":{"line":3,"column":23},"end":{"line":35,"column":1}},"1":{"start":{"line":4,"column":4},"end":{"line":34,"column":5}},"2":{"start":{"line":5,"column":24},"end":{"line":14,"column":14}},"3":{"start":{"line":16,"column":8},"end":{"line":18,"column":9}},"4":{"start":{"line":17,"column":12},"end":{"line":17,"column":74}},"5":{"start":{"line":21,"column":37},"end":{"line":23,"column":64}},"6":{"start":{"line":22,"column":35},"end":{"line":22,"column":64}},"7":{"start":{"line":23,"column":28},"end":{"line":23,"column":63}},"8":{"start":{"line":26,"column":35},"end":{"line":28,"column":64}},"9":{"start":{"line":27,"column":35},"end":{"line":27,"column":64}},"10":{"start":{"line":28,"column":28},"end":{"line":28,"column":63}},"11":{"start":{"line":30,"column":8},"end":{"line":30,"column":63}},"12":{"start":{"line":32,"column":8},"end":{"line":32,"column":29}},"13":{"start":{"line":33,"column":8},"end":{"line":33,"column":45}}},"fnMap":{"0":{"name":"(anonymous_0)","decl":{"start":{"line":3,"column":23},"end":{"line":3,"column":24}},"loc":{"start":{"line":3,"column":43},"end":{"line":35,"column":1}},"line":3},"1":{"name":"(anonymous_1)","decl":{"start":{"line":22,"column":20},"end":{"line":22,"column":21}},"loc":{"start":{"line":22,"column":35},"end":{"line":22,"column":64}},"line":22},"2":{"name":"(anonymous_2)","decl":{"start":{"line":23,"column":18},"end":{"line":23,"column":19}},"loc":{"start":{"line":23,"column":28},"end":{"line":23,"column":63}},"line":23},"3":{"name":"(anonymous_3)","decl":{"start":{"line":27,"column":20},"end":{"line":27,"column":21}},"loc":{"start":{"line":27,"column":35},"end":{"line":27,"column":64}},"line":27},"4":{"name":"(anonymous_4)","decl":{"start":{"line":28,"column":18},"end":{"line":28,"column":19}},"loc":{"start":{"line":28,"column":28},"end":{"line":28,"column":63}},"line":28}},"branchMap":{"0":{"loc":{"start":{"line":16,"column":8},"end":{"line":18,"column":9}},"type":"if","locations":[{"start":{"line":16,"column":8},"end":{"line":18,"column":9}},{"start":{},"end":{}}],"line":16}},"s":{"0":1,"1":5,"2":5,"3":4,"4":1,"5":3,"6":4,"7":1,"8":3,"9":4,"10":0,"11":3,"12":1,"13":1},"f":{"0":5,"1":4,"2":1,"3":4,"4":0},"b":{"0":[1,3]},"_coverageSchema":"1a1c01bbd47fc00a2c39e90264f33305004495a9","hash":"9051c97a8fbef03af638a1a24a11ae8e92666676"}
,"/app/controllers/patient.controllers/medical.record.controller.js": {"path":"/app/controllers/patient.controllers/medical.record.controller.js","statementMap":{"0":{"start":{"line":3,"column":20},"end":{"line":34,"column":1}},"1":{"start":{"line":4,"column":4},"end":{"line":33,"column":5}},"2":{"start":{"line":6,"column":24},"end":{"line":21,"column":14}},"3":{"start":{"line":23,"column":8},"end":{"line":25,"column":9}},"4":{"start":{"line":24,"column":12},"end":{"line":24,"column":74}},"5":{"start":{"line":27,"column":8},"end":{"line":30,"column":11}},"6":{"start":{"line":32,"column":8},"end":{"line":32,"column":90}},"7":{"start":{"line":38,"column":22},"end":{"line":48,"column":1}},"8":{"start":{"line":39,"column":4},"end":{"line":47,"column":5}},"9":{"start":{"line":40,"column":27},"end":{"line":43,"column":45}},"10":{"start":{"line":44,"column":8},"end":{"line":44,"column":100}},"11":{"start":{"line":46,"column":8},"end":{"line":46,"column":93}},"12":{"start":{"line":50,"column":21},"end":{"line":58,"column":1}},"13":{"start":{"line":51,"column":4},"end":{"line":57,"column":5}},"14":{"start":{"line":52,"column":26},"end":{"line":53,"column":37}},"15":{"start":{"line":54,"column":8},"end":{"line":54,"column":96}},"16":{"start":{"line":56,"column":8},"end":{"line":56,"column":91}}},"fnMap":{"0":{"name":"(anonymous_0)","decl":{"start":{"line":3,"column":20},"end":{"line":3,"column":21}},"loc":{"start":{"line":3,"column":40},"end":{"line":34,"column":1}},"line":3},"1":{"name":"(anonymous_1)","decl":{"start":{"line":38,"column":22},"end":{"line":38,"column":23}},"loc":{"start":{"line":38,"column":42},"end":{"line":48,"column":1}},"line":38},"2":{"name":"(anonymous_2)","decl":{"start":{"line":50,"column":21},"end":{"line":50,"column":22}},"loc":{"start":{"line":50,"column":41},"end":{"line":58,"column":1}},"line":50}},"branchMap":{"0":{"loc":{"start":{"line":23,"column":8},"end":{"line":25,"column":9}},"type":"if","locations":[{"start":{"line":23,"column":8},"end":{"line":25,"column":9}},{"start":{},"end":{}}],"line":23}},"s":{"0":1,"1":4,"2":4,"3":3,"4":1,"5":2,"6":1,"7":1,"8":3,"9":3,"10":2,"11":1,"12":1,"13":5,"14":5,"15":3,"16":2},"f":{"0":4,"1":3,"2":5},"b":{"0":[1,2]},"_coverageSchema":"1a1c01bbd47fc00a2c39e90264f33305004495a9","hash":"6b0d3225df2871a2985070bc7629d97390398b40"}
,"/app/controllers/patient.controllers/profile.controller.js": {"path":"/app/controllers/patient.controllers/profile.controller.js","statementMap":{"0":{"start":{"line":3,"column":19},"end":{"line":10,"column":1}},"1":{"start":{"line":4,"column":4},"end":{"line":9,"column":5}},"2":{"start":{"line":5,"column":24},"end":{"line":5,"column":80}},"3":{"start":{"line":6,"column":8},"end":{"line":6,"column":92}},"4":{"start":{"line":8,"column":8},"end":{"line":8,"column":89}},"5":{"start":{"line":12,"column":22},"end":{"line":20,"column":1}},"6":{"start":{"line":13,"column":4},"end":{"line":19,"column":5}},"7":{"start":{"line":14,"column":24},"end":{"line":14,"column":94}},"8":{"start":{"line":15,"column":8},"end":{"line":15,"column":90}},"9":{"start":{"line":18,"column":8},"end":{"line":18,"column":92}}},"fnMap":{"0":{"name":"(anonymous_0)","decl":{"start":{"line":3,"column":19},"end":{"line":3,"column":20}},"loc":{"start":{"line":3,"column":39},"end":{"line":10,"column":1}},"line":3},"1":{"name":"(anonymous_1)","decl":{"start":{"line":12,"column":22},"end":{"line":12,"column":23}},"loc":{"start":{"line":12,"column":42},"end":{"line":20,"column":1}},"line":12}},"branchMap":{},"s":{"0":1,"1":2,"2":2,"3":1,"4":1,"5":1,"6":2,"7":2,"8":1,"9":1},"f":{"0":2,"1":2},"b":{},"_coverageSchema":"1a1c01bbd47fc00a2c39e90264f33305004495a9","hash":"2087c641c99c2a5060ee05f5f410abc38f6c4379"}
,"/app/models/admin.model.js": {"path":"/app/models/admin.model.js","statementMap":{"0":{"start":{"line":3,"column":20},"end":{"line":28,"column":24}},"1":{"start":{"line":30,"column":14},"end":{"line":30,"column":50}}},"fnMap":{},"branchMap":{},"s":{"0":1,"1":1},"f":{},"b":{},"_coverageSchema":"1a1c01bbd47fc00a2c39e90264f33305004495a9","hash":"c4f4e67c3f9953591c4aaf92667f52134f392ccd"}
,"/app/models/appointment.model.js": {"path":"/app/models/appointment.model.js","statementMap":{"0":{"start":{"line":3,"column":20},"end":{"line":46,"column":24}},"1":{"start":{"line":48,"column":20},"end":{"line":48,"column":62}}},"fnMap":{},"branchMap":{},"s":{"0":4,"1":4},"f":{},"b":{},"_coverageSchema":"1a1c01bbd47fc00a2c39e90264f33305004495a9","hash":"cc0acd5d5e03e0837d1ef25379acf27cbfcfeb13"}
,"/app/models/diagnosis.model.js": {"path":"/app/models/diagnosis.model.js","statementMap":{"0":{"start":{"line":3,"column":24},"end":{"line":26,"column":24}},"1":{"start":{"line":28,"column":18},"end":{"line":28,"column":62}}},"fnMap":{},"branchMap":{},"s":{"0":2,"1":2},"f":{},"b":{},"_coverageSchema":"1a1c01bbd47fc00a2c39e90264f33305004495a9","hash":"d1631987ce1a68088e0bf508edce2c237615c10e"}
,"/app/models/doctor.model.js": {"path":"/app/models/doctor.model.js","statementMap":{"0":{"start":{"line":3,"column":21},"end":{"line":104,"column":24}},"1":{"start":{"line":80,"column":29},"end":{"line":80,"column":31}},"2":{"start":{"line":81,"column":26},"end":{"line":81,"column":36}},"3":{"start":{"line":82,"column":28},"end":{"line":82,"column":29}},"4":{"start":{"line":83,"column":29},"end":{"line":83,"column":44}},"5":{"start":{"line":85,"column":12},"end":{"line":100,"column":13}},"6":{"start":{"line":87,"column":16},"end":{"line":97,"column":17}},"7":{"start":{"line":88,"column":38},"end":{"line":88,"column":40}},"8":{"start":{"line":89,"column":20},"end":{"line":94,"column":21}},"9":{"start":{"line":89,"column":36},"end":{"line":89,"column":37}},"10":{"start":{"line":90,"column":24},"end":{"line":93,"column":27}},"11":{"start":{"line":95,"column":20},"end":{"line":95,"column":77}},"12":{"start":{"line":96,"column":20},"end":{"line":96,"column":32}},"13":{"start":{"line":99,"column":16},"end":{"line":99,"column":61}},"14":{"start":{"line":101,"column":12},"end":{"line":101,"column":28}},"15":{"start":{"line":106,"column":0},"end":{"line":149,"column":2}},"16":{"start":{"line":108,"column":21},"end":{"line":108,"column":31}},"17":{"start":{"line":109,"column":4},"end":{"line":109,"column":34}},"18":{"start":{"line":110,"column":4},"end":{"line":110,"column":45}},"19":{"start":{"line":114,"column":22},"end":{"line":114,"column":54}},"20":{"start":{"line":115,"column":4},"end":{"line":115,"column":35}},"21":{"start":{"line":117,"column":4},"end":{"line":148,"column":5}},"22":{"start":{"line":120,"column":8},"end":{"line":120,"column":30}},"23":{"start":{"line":123,"column":23},"end":{"line":123,"column":78}},"24":{"start":{"line":125,"column":8},"end":{"line":139,"column":9}},"25":{"start":{"line":126,"column":12},"end":{"line":126,"column":53}},"26":{"start":{"line":127,"column":30},"end":{"line":127,"column":47}},"27":{"start":{"line":128,"column":12},"end":{"line":138,"column":13}},"28":{"start":{"line":129,"column":34},"end":{"line":129,"column":36}},"29":{"start":{"line":130,"column":16},"end":{"line":135,"column":17}},"30":{"start":{"line":130,"column":32},"end":{"line":130,"column":33}},"31":{"start":{"line":131,"column":20},"end":{"line":134,"column":23}},"32":{"start":{"line":136,"column":16},"end":{"line":136,"column":76}},"33":{"start":{"line":137,"column":16},"end":{"line":137,"column":22}},"34":{"start":{"line":142,"column":8},"end":{"line":142,"column":38}},"35":{"start":{"line":145,"column":8},"end":{"line":145,"column":26}},"36":{"start":{"line":152,"column":15},"end":{"line":152,"column":53}}},"fnMap":{"0":{"name":"(anonymous_0)","decl":{"start":{"line":78,"column":17},"end":{"line":78,"column":18}},"loc":{"start":{"line":78,"column":23},"end":{"line":102,"column":9}},"line":78},"1":{"name":"(anonymous_1)","decl":{"start":{"line":106,"column":38},"end":{"line":106,"column":39}},"loc":{"start":{"line":106,"column":56},"end":{"line":149,"column":1}},"line":106}},"branchMap":{"0":{"loc":{"start":{"line":87,"column":16},"end":{"line":97,"column":17}},"type":"if","locations":[{"start":{"line":87,"column":16},"end":{"line":97,"column":17}},{"start":{},"end":{}}],"line":87},"1":{"loc":{"start":{"line":87,"column":20},"end":{"line":87,"column":72}},"type":"binary-expr","locations":[{"start":{"line":87,"column":20},"end":{"line":87,"column":44}},{"start":{"line":87,"column":48},"end":{"line":87,"column":72}}],"line":87},"2":{"loc":{"start":{"line":91,"column":37},"end":{"line":91,"column":57}},"type":"cond-expr","locations":[{"start":{"line":91,"column":49},"end":{"line":91,"column":52}},{"start":{"line":91,"column":55},"end":{"line":91,"column":57}}],"line":91},"3":{"loc":{"start":{"line":117,"column":4},"end":{"line":148,"column":5}},"type":"if","locations":[{"start":{"line":117,"column":4},"end":{"line":148,"column":5}},{"start":{},"end":{}}],"line":117},"4":{"loc":{"start":{"line":128,"column":12},"end":{"line":138,"column":13}},"type":"if","locations":[{"start":{"line":128,"column":12},"end":{"line":138,"column":13}},{"start":{},"end":{}}],"line":128},"5":{"loc":{"start":{"line":128,"column":16},"end":{"line":128,"column":48}},"type":"binary-expr","locations":[{"start":{"line":128,"column":16},"end":{"line":128,"column":30}},{"start":{"line":128,"column":34},"end":{"line":128,"column":48}}],"line":128},"6":{"loc":{"start":{"line":132,"column":33},"end":{"line":132,"column":53}},"type":"cond-expr","locations":[{"start":{"line":132,"column":45},"end":{"line":132,"column":48}},{"start":{"line":132,"column":51},"end":{"line":132,"column":53}}],"line":132}},"s":{"0":9,"1":23,"2":23,"3":23,"4":23,"5":23,"6":460,"7":322,"8":322,"9":322,"10":2898,"11":322,"12":322,"13":460,"14":23,"15":9,"16":9,"17":9,"18":9,"19":9,"20":9,"21":9,"22":8,"23":8,"24":8,"25":12,"26":12,"27":12,"28":8,"29":8,"30":8,"31":72,"32":8,"33":8,"34":8,"35":8,"36":9},"f":{"0":23,"1":9},"b":{"0":[322,138],"1":[460,391],"2":[644,2254],"3":[8,1],"4":[8,4],"5":[12,9],"6":[16,56]},"_coverageSchema":"1a1c01bbd47fc00a2c39e90264f33305004495a9","hash":"2f2d064f93e355d9399a6d448e928a8f684e23f7"}
,"/app/models/hospital.model.js": {"path":"/app/models/hospital.model.js","statementMap":{"0":{"start":{"line":3,"column":23},"end":{"line":54,"column":24}},"1":{"start":{"line":56,"column":17},"end":{"line":56,"column":59}}},"fnMap":{},"branchMap":{},"s":{"0":8,"1":8},"f":{},"b":{},"_coverageSchema":"1a1c01bbd47fc00a2c39e90264f33305004495a9","hash":"a08c9368ef5d3347e13f14c962c1f377aeeb8db9"}
,"/app/models/lab.technician.model.js": {"path":"/app/models/lab.technician.model.js","statementMap":{"0":{"start":{"line":3,"column":28},"end":{"line":52,"column":24}},"1":{"start":{"line":54,"column":22},"end":{"line":54,"column":74}}},"fnMap":{},"branchMap":{},"s":{"0":8,"1":8},"f":{},"b":{},"_coverageSchema":"1a1c01bbd47fc00a2c39e90264f33305004495a9","hash":"22516dc08e303cb107f5f5735d98885515002c78"}
,"/app/models/lab.test.model.js": {"path":"/app/models/lab.test.model.js","statementMap":{"0":{"start":{"line":3,"column":22},"end":{"line":45,"column":24}},"1":{"start":{"line":47,"column":16},"end":{"line":47,"column":56}}},"fnMap":{},"branchMap":{},"s":{"0":6,"1":6},"f":{},"b":{},"_coverageSchema":"1a1c01bbd47fc00a2c39e90264f33305004495a9","hash":"7d49f5268c56d39861c9cfb5384d5a7ac54d509c"}
,"/app/models/patient.model.js": {"path":"/app/models/patient.model.js","statementMap":{"0":{"start":{"line":3,"column":22},"end":{"line":91,"column":24}},"1":{"start":{"line":93,"column":16},"end":{"line":93,"column":56}}},"fnMap":{},"branchMap":{},"s":{"0":9,"1":9},"f":{},"b":{},"_coverageSchema":"1a1c01bbd47fc00a2c39e90264f33305004495a9","hash":"5d031ebbb71157b4fa99d04a3790ce809d97786d"}
,"/app/models/polyclinic.model.js": {"path":"/app/models/polyclinic.model.js","statementMap":{"0":{"start":{"line":3,"column":25},"end":{"line":17,"column":24}},"1":{"start":{"line":19,"column":19},"end":{"line":19,"column":65}}},"fnMap":{},"branchMap":{},"s":{"0":6,"1":6},"f":{},"b":{},"_coverageSchema":"1a1c01bbd47fc00a2c39e90264f33305004495a9","hash":"3cd2f1a8b5bd264e16484ddc24034387e41c5cea"}
,"/app/models/prescription.model.js": {"path":"/app/models/prescription.model.js","statementMap":{"0":{"start":{"line":3,"column":21},"end":{"line":37,"column":24}},"1":{"start":{"line":39,"column":21},"end":{"line":39,"column":65}}},"fnMap":{},"branchMap":{},"s":{"0":2,"1":2},"f":{},"b":{},"_coverageSchema":"1a1c01bbd47fc00a2c39e90264f33305004495a9","hash":"ff0b965662f23074d65648a85ef45ac6bf6ab15c"}
,"/app/models/treatment.model.js": {"path":"/app/models/treatment.model.js","statementMap":{"0":{"start":{"line":3,"column":24},"end":{"line":48,"column":24}},"1":{"start":{"line":50,"column":18},"end":{"line":50,"column":62}}},"fnMap":{},"branchMap":{},"s":{"0":1,"1":1},"f":{},"b":{},"_coverageSchema":"1a1c01bbd47fc00a2c39e90264f33305004495a9","hash":"aba94caa9930273a8989e2c349887bd30c20a593"}
,"/app/utils/generateJwt.js": {"path":"/app/utils/generateJwt.js","statementMap":{"0":{"start":{"line":3,"column":28},"end":{"line":18,"column":1}},"1":{"start":{"line":4,"column":24},"end":{"line":4,"column":94}},"2":{"start":{"line":5,"column":25},"end":{"line":5,"column":102}},"3":{"start":{"line":7,"column":4},"end":{"line":11,"column":7}},"4":{"start":{"line":13,"column":4},"end":{"line":17,"column":7}}},"fnMap":{"0":{"name":"(anonymous_0)","decl":{"start":{"line":3,"column":28},"end":{"line":3,"column":29}},"loc":{"start":{"line":3,"column":45},"end":{"line":18,"column":1}},"line":3}},"branchMap":{},"s":{"0":3,"1":4,"2":2,"3":2,"4":2},"f":{"0":4},"b":{},"_coverageSchema":"1a1c01bbd47fc00a2c39e90264f33305004495a9","hash":"3647ed02c502fecce837a9281927083e4999aeb4"}
}
