{"/app/controllers/admin.controllers/doctor.controller.js": {"path":"/app/controllers/admin.controllers/doctor.controller.js","statementMap":{"0":{"start":{"line":4,"column":19},"end":{"line":11,"column":1}},"1":{"start":{"line":5,"column":4},"end":{"line":10,"column":5}},"2":{"start":{"line":6,"column":24},"end":{"line":6,"column":108}},"3":{"start":{"line":7,"column":8},"end":{"line":7,"column":92}},"4":{"start":{"line":9,"column":8},"end":{"line":9,"column":87}},"5":{"start":{"line":13,"column":29},"end":{"line":20,"column":1}},"6":{"start":{"line":14,"column":4},"end":{"line":19,"column":5}},"7":{"start":{"line":15,"column":24},"end":{"line":15,"column":151}},"8":{"start":{"line":16,"column":8},"end":{"line":16,"column":92}},"9":{"start":{"line":18,"column":8},"end":{"line":18,"column":97}},"10":{"start":{"line":22,"column":18},"end":{"line":29,"column":1}},"11":{"start":{"line":23,"column":4},"end":{"line":28,"column":5}},"12":{"start":{"line":24,"column":23},"end":{"line":24,"column":139}},"13":{"start":{"line":25,"column":8},"end":{"line":25,"column":90}},"14":{"start":{"line":27,"column":8},"end":{"line":27,"column":86}},"15":{"start":{"line":31,"column":18},"end":{"line":74,"column":1}},"16":{"start":{"line":32,"column":4},"end":{"line":73,"column":5}},"17":{"start":{"line":44,"column":12},"end":{"line":44,"column":20}},"18":{"start":{"line":46,"column":24},"end":{"line":46,"column":46}},"19":{"start":{"line":48,"column":8},"end":{"line":50,"column":9}},"20":{"start":{"line":49,"column":12},"end":{"line":49,"column":78}},"21":{"start":{"line":52,"column":31},"end":{"line":52,"column":64}},"22":{"start":{"line":54,"column":23},"end":{"line":66,"column":10}},"23":{"start":{"line":68,"column":8},"end":{"line":68,"column":28}},"24":{"start":{"line":70,"column":8},"end":{"line":70,"column":88}},"25":{"start":{"line":72,"column":8},"end":{"line":72,"column":86}},"26":{"start":{"line":76,"column":21},"end":{"line":86,"column":1}},"27":{"start":{"line":77,"column":4},"end":{"line":85,"column":5}},"28":{"start":{"line":78,"column":23},"end":{"line":79,"column":52}},"29":{"start":{"line":81,"column":8},"end":{"line":81,"column":88}},"30":{"start":{"line":84,"column":8},"end":{"line":84,"column":89}},"31":{"start":{"line":88,"column":21},"end":{"line":95,"column":1}},"32":{"start":{"line":89,"column":4},"end":{"line":94,"column":5}},"33":{"start":{"line":90,"column":8},"end":{"line":90,"column":54}},"34":{"start":{"line":91,"column":8},"end":{"line":91,"column":80}},"35":{"start":{"line":93,"column":8},"end":{"line":93,"column":89}}},"fnMap":{"0":{"name":"(anonymous_0)","decl":{"start":{"line":4,"column":19},"end":{"line":4,"column":20}},"loc":{"start":{"line":4,"column":39},"end":{"line":11,"column":1}},"line":4},"1":{"name":"(anonymous_1)","decl":{"start":{"line":13,"column":29},"end":{"line":13,"column":30}},"loc":{"start":{"line":13,"column":49},"end":{"line":20,"column":1}},"line":13},"2":{"name":"(anonymous_2)","decl":{"start":{"line":22,"column":18},"end":{"line":22,"column":19}},"loc":{"start":{"line":22,"column":38},"end":{"line":29,"column":1}},"line":22},"3":{"name":"(anonymous_3)","decl":{"start":{"line":31,"column":18},"end":{"line":31,"column":19}},"loc":{"start":{"line":31,"column":38},"end":{"line":74,"column":1}},"line":31},"4":{"name":"(anonymous_4)","decl":{"start":{"line":76,"column":21},"end":{"line":76,"column":22}},"loc":{"start":{"line":76,"column":41},"end":{"line":86,"column":1}},"line":76},"5":{"name":"(anonymous_5)","decl":{"start":{"line":88,"column":21},"end":{"line":88,"column":22}},"loc":{"start":{"line":88,"column":41},"end":{"line":95,"column":1}},"line":88}},"branchMap":{"0":{"loc":{"start":{"line":48,"column":8},"end":{"line":50,"column":9}},"type":"if","locations":[{"start":{"line":48,"column":8},"end":{"line":50,"column":9}},{"start":{},"end":{}}],"line":48}},"s":{"0":1,"1":2,"2":2,"3":1,"4":1,"5":1,"6":2,"7":2,"8":1,"9":1,"10":1,"11":2,"12":2,"13":1,"14":1,"15":1,"16":3,"17":3,"18":3,"19":3,"20":0,"21":3,"22":3,"23":3,"24":3,"25":0,"26":1,"27":2,"28":2,"29":1,"30":1,"31":1,"32":2,"33":2,"34":1,"35":1},"f":{"0":2,"1":2,"2":2,"3":3,"4":2,"5":2},"b":{"0":[0,3]},"_coverageSchema":"1a1c01bbd47fc00a2c39e90264f33305004495a9","hash":"aa09a63403037f93500b7152be78baddecdbd2d0"}
,"/app/controllers/admin.controllers/hospital.controller.js": {"path":"/app/controllers/admin.controllers/hospital.controller.js","statementMap":{"0":{"start":{"line":6,"column":21},"end":{"line":16,"column":1}},"1":{"start":{"line":7,"column":4},"end":{"line":15,"column":5}},"2":{"start":{"line":8,"column":26},"end":{"line":8,"column":69}},"3":{"start":{"line":10,"column":8},"end":{"line":12,"column":9}},"4":{"start":{"line":11,"column":12},"end":{"line":11,"column":55}},"5":{"start":{"line":14,"column":8},"end":{"line":14,"column":105}},"6":{"start":{"line":18,"column":20},"end":{"line":59,"column":1}},"7":{"start":{"line":19,"column":4},"end":{"line":58,"column":5}},"8":{"start":{"line":20,"column":25},"end":{"line":51,"column":14}},"9":{"start":{"line":53,"column":8},"end":{"line":55,"column":9}},"10":{"start":{"line":54,"column":12},"end":{"line":54,"column":54}},"11":{"start":{"line":57,"column":8},"end":{"line":57,"column":107}},"12":{"start":{"line":61,"column":20},"end":{"line":112,"column":1}},"13":{"start":{"line":62,"column":4},"end":{"line":111,"column":5}},"14":{"start":{"line":63,"column":97},"end":{"line":63,"column":105}},"15":{"start":{"line":65,"column":8},"end":{"line":75,"column":9}},"16":{"start":{"line":74,"column":12},"end":{"line":74,"column":80}},"17":{"start":{"line":77,"column":31},"end":{"line":77,"column":85}},"18":{"start":{"line":79,"column":8},"end":{"line":81,"column":9}},"19":{"start":{"line":80,"column":12},"end":{"line":80,"column":80}},"20":{"start":{"line":83,"column":25},"end":{"line":89,"column":10}},"21":{"start":{"line":92,"column":8},"end":{"line":95,"column":9}},"22":{"start":{"line":92,"column":21},"end":{"line":92,"column":22}},"23":{"start":{"line":93,"column":31},"end":{"line":93,"column":104}},"24":{"start":{"line":94,"column":12},"end":{"line":94,"column":54}},"25":{"start":{"line":97,"column":8},"end":{"line":99,"column":9}},"26":{"start":{"line":97,"column":21},"end":{"line":97,"column":22}},"27":{"start":{"line":98,"column":12},"end":{"line":98,"column":54}},"28":{"start":{"line":101,"column":8},"end":{"line":101,"column":30}},"29":{"start":{"line":103,"column":8},"end":{"line":108,"column":9}},"30":{"start":{"line":104,"column":12},"end":{"line":107,"column":15}},"31":{"start":{"line":110,"column":8},"end":{"line":110,"column":107}},"32":{"start":{"line":114,"column":23},"end":{"line":155,"column":1}},"33":{"start":{"line":115,"column":4},"end":{"line":154,"column":5}},"34":{"start":{"line":116,"column":89},"end":{"line":116,"column":97}},"35":{"start":{"line":117,"column":25},"end":{"line":117,"column":63}},"36":{"start":{"line":119,"column":8},"end":{"line":121,"column":9}},"37":{"start":{"line":120,"column":12},"end":{"line":120,"column":75}},"38":{"start":{"line":123,"column":8},"end":{"line":123,"column":46}},"39":{"start":{"line":124,"column":8},"end":{"line":124,"column":55}},"40":{"start":{"line":125,"column":8},"end":{"line":125,"column":85}},"41":{"start":{"line":126,"column":8},"end":{"line":126,"column":49}},"42":{"start":{"line":127,"column":8},"end":{"line":127,"column":49}},"43":{"start":{"line":129,"column":8},"end":{"line":134,"column":9}},"44":{"start":{"line":130,"column":12},"end":{"line":133,"column":13}},"45":{"start":{"line":130,"column":25},"end":{"line":130,"column":26}},"46":{"start":{"line":131,"column":35},"end":{"line":131,"column":140}},"47":{"start":{"line":132,"column":16},"end":{"line":132,"column":58}},"48":{"start":{"line":136,"column":8},"end":{"line":146,"column":9}},"49":{"start":{"line":137,"column":12},"end":{"line":139,"column":13}},"50":{"start":{"line":137,"column":25},"end":{"line":137,"column":26}},"51":{"start":{"line":138,"column":16},"end":{"line":138,"column":50}},"52":{"start":{"line":141,"column":12},"end":{"line":145,"column":13}},"53":{"start":{"line":141,"column":25},"end":{"line":141,"column":26}},"54":{"start":{"line":142,"column":31},"end":{"line":142,"column":64}},"55":{"start":{"line":143,"column":16},"end":{"line":143,"column":47}},"56":{"start":{"line":144,"column":16},"end":{"line":144,"column":36}},"57":{"start":{"line":149,"column":8},"end":{"line":149,"column":30}},"58":{"start":{"line":151,"column":8},"end":{"line":151,"column":92}},"59":{"start":{"line":153,"column":8},"end":{"line":153,"column":103}},"60":{"start":{"line":158,"column":23},"end":{"line":166,"column":1}},"61":{"start":{"line":159,"column":4},"end":{"line":165,"column":5}},"62":{"start":{"line":160,"column":8},"end":{"line":160,"column":56}},"63":{"start":{"line":162,"column":8},"end":{"line":162,"column":82}},"64":{"start":{"line":164,"column":8},"end":{"line":164,"column":103}}},"fnMap":{"0":{"name":"(anonymous_0)","decl":{"start":{"line":6,"column":21},"end":{"line":6,"column":22}},"loc":{"start":{"line":6,"column":41},"end":{"line":16,"column":1}},"line":6},"1":{"name":"(anonymous_1)","decl":{"start":{"line":18,"column":20},"end":{"line":18,"column":21}},"loc":{"start":{"line":18,"column":40},"end":{"line":59,"column":1}},"line":18},"2":{"name":"(anonymous_2)","decl":{"start":{"line":61,"column":20},"end":{"line":61,"column":21}},"loc":{"start":{"line":61,"column":40},"end":{"line":112,"column":1}},"line":61},"3":{"name":"(anonymous_3)","decl":{"start":{"line":114,"column":23},"end":{"line":114,"column":24}},"loc":{"start":{"line":114,"column":43},"end":{"line":155,"column":1}},"line":114},"4":{"name":"(anonymous_4)","decl":{"start":{"line":158,"column":23},"end":{"line":158,"column":24}},"loc":{"start":{"line":158,"column":43},"end":{"line":166,"column":1}},"line":158}},"branchMap":{"0":{"loc":{"start":{"line":10,"column":8},"end":{"line":12,"column":9}},"type":"if","locations":[{"start":{"line":10,"column":8},"end":{"line":12,"column":9}},{"start":{},"end":{}}],"line":10},"1":{"loc":{"start":{"line":53,"column":8},"end":{"line":55,"column":9}},"type":"if","locations":[{"start":{"line":53,"column":8},"end":{"line":55,"column":9}},{"start":{},"end":{}}],"line":53},"2":{"loc":{"start":{"line":65,"column":8},"end":{"line":75,"column":9}},"type":"if","locations":[{"start":{"line":65,"column":8},"end":{"line":75,"column":9}},{"start":{},"end":{}}],"line":65},"3":{"loc":{"start":{"line":66,"column":12},"end":{"line":72,"column":37}},"type":"binary-expr","locations":[{"start":{"line":66,"column":12},"end":{"line":66,"column":30}},{"start":{"line":67,"column":12},"end":{"line":67,"column":33}},{"start":{"line":68,"column":12},"end":{"line":68,"column":41}},{"start":{"line":69,"column":12},"end":{"line":69,"column":43}},{"start":{"line":70,"column":12},"end":{"line":70,"column":31}},{"start":{"line":71,"column":12},"end":{"line":71,"column":31}},{"start":{"line":72,"column":12},"end":{"line":72,"column":37}}],"line":66},"4":{"loc":{"start":{"line":79,"column":8},"end":{"line":81,"column":9}},"type":"if","locations":[{"start":{"line":79,"column":8},"end":{"line":81,"column":9}},{"start":{},"end":{}}],"line":79},"5":{"loc":{"start":{"line":103,"column":8},"end":{"line":108,"column":9}},"type":"if","locations":[{"start":{"line":103,"column":8},"end":{"line":108,"column":9}},{"start":{},"end":{}}],"line":103},"6":{"loc":{"start":{"line":119,"column":8},"end":{"line":121,"column":9}},"type":"if","locations":[{"start":{"line":119,"column":8},"end":{"line":121,"column":9}},{"start":{},"end":{}}],"line":119},"7":{"loc":{"start":{"line":123,"column":24},"end":{"line":123,"column":45}},"type":"binary-expr","locations":[{"start":{"line":123,"column":24},"end":{"line":123,"column":28}},{"start":{"line":123,"column":32},"end":{"line":123,"column":45}}],"line":123},"8":{"loc":{"start":{"line":124,"column":27},"end":{"line":124,"column":54}},"type":"binary-expr","locations":[{"start":{"line":124,"column":27},"end":{"line":124,"column":34}},{"start":{"line":124,"column":38},"end":{"line":124,"column":54}}],"line":124},"9":{"loc":{"start":{"line":125,"column":37},"end":{"line":125,"column":84}},"type":"binary-expr","locations":[{"start":{"line":125,"column":37},"end":{"line":125,"column":54}},{"start":{"line":125,"column":58},"end":{"line":125,"column":84}}],"line":125},"10":{"loc":{"start":{"line":126,"column":25},"end":{"line":126,"column":48}},"type":"binary-expr","locations":[{"start":{"line":126,"column":25},"end":{"line":126,"column":30}},{"start":{"line":126,"column":34},"end":{"line":126,"column":48}}],"line":126},"11":{"loc":{"start":{"line":127,"column":25},"end":{"line":127,"column":48}},"type":"binary-expr","locations":[{"start":{"line":127,"column":25},"end":{"line":127,"column":30}},{"start":{"line":127,"column":34},"end":{"line":127,"column":48}}],"line":127},"12":{"loc":{"start":{"line":129,"column":8},"end":{"line":134,"column":9}},"type":"if","locations":[{"start":{"line":129,"column":8},"end":{"line":134,"column":9}},{"start":{},"end":{}}],"line":129},"13":{"loc":{"start":{"line":136,"column":8},"end":{"line":146,"column":9}},"type":"if","locations":[{"start":{"line":136,"column":8},"end":{"line":146,"column":9}},{"start":{},"end":{}}],"line":136}},"s":{"0":1,"1":2,"2":2,"3":1,"4":1,"5":1,"6":1,"7":2,"8":2,"9":0,"10":0,"11":2,"12":1,"13":4,"14":4,"15":4,"16":1,"17":3,"18":2,"19":1,"20":1,"21":1,"22":1,"23":2,"24":2,"25":1,"26":1,"27":2,"28":1,"29":0,"30":0,"31":2,"32":1,"33":3,"34":3,"35":2,"36":1,"37":0,"38":1,"39":1,"40":1,"41":1,"42":1,"43":1,"44":1,"45":1,"46":1,"47":1,"48":1,"49":1,"50":1,"51":1,"52":1,"53":1,"54":1,"55":1,"56":1,"57":1,"58":1,"59":2,"60":1,"61":2,"62":2,"63":1,"64":1},"f":{"0":2,"1":2,"2":4,"3":3,"4":2},"b":{"0":[1,0],"1":[0,0],"2":[1,3],"3":[4,4,3,3,3,3,3],"4":[1,1],"5":[0,0],"6":[0,1],"7":[1,0],"8":[1,0],"9":[1,0],"10":[1,0],"11":[1,0],"12":[1,0],"13":[1,0]},"_coverageSchema":"1a1c01bbd47fc00a2c39e90264f33305004495a9","hash":"eb4929391fad80b5f4cbd65efee158c830c2ae47"}
,"/app/controllers/admin.controllers/labtechnician.controller.js": {"path":"/app/controllers/admin.controllers/labtechnician.controller.js","statementMap":{"0":{"start":{"line":4,"column":25},"end":{"line":51,"column":1}},"1":{"start":{"line":5,"column":4},"end":{"line":50,"column":5}},"2":{"start":{"line":18,"column":12},"end":{"line":18,"column":20}},"3":{"start":{"line":20,"column":24},"end":{"line":20,"column":62}},"4":{"start":{"line":22,"column":8},"end":{"line":24,"column":9}},"5":{"start":{"line":23,"column":12},"end":{"line":23,"column":86}},"6":{"start":{"line":26,"column":31},"end":{"line":26,"column":64}},"7":{"start":{"line":28,"column":30},"end":{"line":41,"column":10}},"8":{"start":{"line":43,"column":8},"end":{"line":43,"column":35}},"9":{"start":{"line":45,"column":8},"end":{"line":45,"column":96}},"10":{"start":{"line":48,"column":8},"end":{"line":48,"column":56}},"11":{"start":{"line":49,"column":8},"end":{"line":49,"column":67}},"12":{"start":{"line":53,"column":25},"end":{"line":60,"column":1}},"13":{"start":{"line":54,"column":4},"end":{"line":59,"column":5}},"14":{"start":{"line":55,"column":30},"end":{"line":55,"column":122}},"15":{"start":{"line":56,"column":8},"end":{"line":56,"column":105}},"16":{"start":{"line":58,"column":8},"end":{"line":58,"column":93}},"17":{"start":{"line":62,"column":29},"end":{"line":69,"column":1}},"18":{"start":{"line":63,"column":4},"end":{"line":68,"column":5}},"19":{"start":{"line":64,"column":31},"end":{"line":64,"column":106}},"20":{"start":{"line":65,"column":8},"end":{"line":65,"column":107}},"21":{"start":{"line":67,"column":8},"end":{"line":67,"column":97}},"22":{"start":{"line":71,"column":28},"end":{"line":81,"column":1}},"23":{"start":{"line":72,"column":4},"end":{"line":80,"column":5}},"24":{"start":{"line":73,"column":30},"end":{"line":74,"column":52}},"25":{"start":{"line":76,"column":8},"end":{"line":76,"column":103}},"26":{"start":{"line":79,"column":8},"end":{"line":79,"column":96}},"27":{"start":{"line":83,"column":28},"end":{"line":90,"column":1}},"28":{"start":{"line":84,"column":4},"end":{"line":89,"column":5}},"29":{"start":{"line":85,"column":8},"end":{"line":85,"column":61}},"30":{"start":{"line":86,"column":8},"end":{"line":86,"column":88}},"31":{"start":{"line":88,"column":8},"end":{"line":88,"column":96}}},"fnMap":{"0":{"name":"(anonymous_0)","decl":{"start":{"line":4,"column":25},"end":{"line":4,"column":26}},"loc":{"start":{"line":4,"column":45},"end":{"line":51,"column":1}},"line":4},"1":{"name":"(anonymous_1)","decl":{"start":{"line":53,"column":25},"end":{"line":53,"column":26}},"loc":{"start":{"line":53,"column":45},"end":{"line":60,"column":1}},"line":53},"2":{"name":"(anonymous_2)","decl":{"start":{"line":62,"column":29},"end":{"line":62,"column":30}},"loc":{"start":{"line":62,"column":49},"end":{"line":69,"column":1}},"line":62},"3":{"name":"(anonymous_3)","decl":{"start":{"line":71,"column":28},"end":{"line":71,"column":29}},"loc":{"start":{"line":71,"column":48},"end":{"line":81,"column":1}},"line":71},"4":{"name":"(anonymous_4)","decl":{"start":{"line":83,"column":28},"end":{"line":83,"column":29}},"loc":{"start":{"line":83,"column":48},"end":{"line":90,"column":1}},"line":83}},"branchMap":{"0":{"loc":{"start":{"line":22,"column":8},"end":{"line":24,"column":9}},"type":"if","locations":[{"start":{"line":22,"column":8},"end":{"line":24,"column":9}},{"start":{},"end":{}}],"line":22}},"s":{"0":1,"1":2,"2":2,"3":2,"4":2,"5":1,"6":1,"7":1,"8":1,"9":1,"10":0,"11":0,"12":1,"13":2,"14":2,"15":1,"16":1,"17":1,"18":1,"19":1,"20":0,"21":1,"22":1,"23":1,"24":1,"25":1,"26":0,"27":1,"28":1,"29":1,"30":1,"31":0},"f":{"0":2,"1":2,"2":1,"3":1,"4":1},"b":{"0":[1,1]},"_coverageSchema":"1a1c01bbd47fc00a2c39e90264f33305004495a9","hash":"112b610d5250d3519b9d618ba8b3edb353c3c384"}
,"/app/controllers/admin.controllers/polyclinic.controller.js": {"path":"/app/controllers/admin.controllers/polyclinic.controller.js","statementMap":{"0":{"start":{"line":5,"column":23},"end":{"line":16,"column":1}},"1":{"start":{"line":6,"column":4},"end":{"line":15,"column":5}},"2":{"start":{"line":7,"column":25},"end":{"line":7,"column":38}},"3":{"start":{"line":8,"column":28},"end":{"line":8,"column":107}},"4":{"start":{"line":10,"column":8},"end":{"line":12,"column":9}},"5":{"start":{"line":11,"column":12},"end":{"line":11,"column":57}},"6":{"start":{"line":14,"column":8},"end":{"line":14,"column":106}},"7":{"start":{"line":18,"column":22},"end":{"line":59,"column":1}},"8":{"start":{"line":19,"column":4},"end":{"line":58,"column":5}},"9":{"start":{"line":21,"column":48},"end":{"line":21,"column":56}},"10":{"start":{"line":23,"column":8},"end":{"line":28,"column":9}},"11":{"start":{"line":27,"column":12},"end":{"line":27,"column":80}},"12":{"start":{"line":30,"column":25},"end":{"line":30,"column":106}},"13":{"start":{"line":33,"column":33},"end":{"line":33,"column":98}},"14":{"start":{"line":33,"column":73},"end":{"line":33,"column":97}},"15":{"start":{"line":35,"column":8},"end":{"line":37,"column":9}},"16":{"start":{"line":36,"column":12},"end":{"line":36,"column":82}},"17":{"start":{"line":39,"column":25},"end":{"line":43,"column":10}},"18":{"start":{"line":45,"column":8},"end":{"line":49,"column":9}},"19":{"start":{"line":45,"column":21},"end":{"line":45,"column":22}},"20":{"start":{"line":46,"column":25},"end":{"line":46,"column":60}},"21":{"start":{"line":47,"column":12},"end":{"line":47,"column":47}},"22":{"start":{"line":48,"column":12},"end":{"line":48,"column":32}},"23":{"start":{"line":50,"column":8},"end":{"line":50,"column":46}},"24":{"start":{"line":51,"column":8},"end":{"line":51,"column":30}},"25":{"start":{"line":52,"column":8},"end":{"line":52,"column":32}},"26":{"start":{"line":54,"column":8},"end":{"line":54,"column":96}},"27":{"start":{"line":57,"column":8},"end":{"line":57,"column":109}},"28":{"start":{"line":61,"column":25},"end":{"line":93,"column":1}},"29":{"start":{"line":62,"column":4},"end":{"line":92,"column":5}},"30":{"start":{"line":63,"column":34},"end":{"line":63,"column":42}},"31":{"start":{"line":64,"column":27},"end":{"line":64,"column":67}},"32":{"start":{"line":66,"column":8},"end":{"line":68,"column":9}},"33":{"start":{"line":67,"column":12},"end":{"line":67,"column":77}},"34":{"start":{"line":70,"column":8},"end":{"line":70,"column":50}},"35":{"start":{"line":72,"column":8},"end":{"line":78,"column":9}},"36":{"start":{"line":73,"column":12},"end":{"line":77,"column":15}},"37":{"start":{"line":74,"column":16},"end":{"line":76,"column":17}},"38":{"start":{"line":75,"column":20},"end":{"line":75,"column":52}},"39":{"start":{"line":80,"column":8},"end":{"line":84,"column":9}},"40":{"start":{"line":80,"column":21},"end":{"line":80,"column":22}},"41":{"start":{"line":81,"column":25},"end":{"line":81,"column":58}},"42":{"start":{"line":82,"column":12},"end":{"line":82,"column":47}},"43":{"start":{"line":83,"column":12},"end":{"line":83,"column":32}},"44":{"start":{"line":87,"column":8},"end":{"line":87,"column":32}},"45":{"start":{"line":89,"column":8},"end":{"line":89,"column":96}},"46":{"start":{"line":91,"column":8},"end":{"line":91,"column":112}},"47":{"start":{"line":95,"column":25},"end":{"line":103,"column":1}},"48":{"start":{"line":96,"column":4},"end":{"line":102,"column":5}},"49":{"start":{"line":97,"column":8},"end":{"line":97,"column":58}},"50":{"start":{"line":99,"column":8},"end":{"line":99,"column":84}},"51":{"start":{"line":101,"column":8},"end":{"line":101,"column":112}}},"fnMap":{"0":{"name":"(anonymous_0)","decl":{"start":{"line":5,"column":23},"end":{"line":5,"column":24}},"loc":{"start":{"line":5,"column":43},"end":{"line":16,"column":1}},"line":5},"1":{"name":"(anonymous_1)","decl":{"start":{"line":18,"column":22},"end":{"line":18,"column":23}},"loc":{"start":{"line":18,"column":42},"end":{"line":59,"column":1}},"line":18},"2":{"name":"(anonymous_2)","decl":{"start":{"line":33,"column":59},"end":{"line":33,"column":60}},"loc":{"start":{"line":33,"column":73},"end":{"line":33,"column":97}},"line":33},"3":{"name":"(anonymous_3)","decl":{"start":{"line":61,"column":25},"end":{"line":61,"column":26}},"loc":{"start":{"line":61,"column":45},"end":{"line":93,"column":1}},"line":61},"4":{"name":"(anonymous_4)","decl":{"start":{"line":73,"column":28},"end":{"line":73,"column":29}},"loc":{"start":{"line":73,"column":38},"end":{"line":77,"column":13}},"line":73},"5":{"name":"(anonymous_5)","decl":{"start":{"line":95,"column":25},"end":{"line":95,"column":26}},"loc":{"start":{"line":95,"column":45},"end":{"line":103,"column":1}},"line":95}},"branchMap":{"0":{"loc":{"start":{"line":10,"column":8},"end":{"line":12,"column":9}},"type":"if","locations":[{"start":{"line":10,"column":8},"end":{"line":12,"column":9}},{"start":{},"end":{}}],"line":10},"1":{"loc":{"start":{"line":23,"column":8},"end":{"line":28,"column":9}},"type":"if","locations":[{"start":{"line":23,"column":8},"end":{"line":28,"column":9}},{"start":{},"end":{}}],"line":23},"2":{"loc":{"start":{"line":35,"column":8},"end":{"line":37,"column":9}},"type":"if","locations":[{"start":{"line":35,"column":8},"end":{"line":37,"column":9}},{"start":{},"end":{}}],"line":35},"3":{"loc":{"start":{"line":66,"column":8},"end":{"line":68,"column":9}},"type":"if","locations":[{"start":{"line":66,"column":8},"end":{"line":68,"column":9}},{"start":{},"end":{}}],"line":66},"4":{"loc":{"start":{"line":70,"column":26},"end":{"line":70,"column":49}},"type":"binary-expr","locations":[{"start":{"line":70,"column":26},"end":{"line":70,"column":30}},{"start":{"line":70,"column":34},"end":{"line":70,"column":49}}],"line":70},"5":{"loc":{"start":{"line":72,"column":8},"end":{"line":78,"column":9}},"type":"if","locations":[{"start":{"line":72,"column":8},"end":{"line":78,"column":9}},{"start":{},"end":{}}],"line":72},"6":{"loc":{"start":{"line":74,"column":16},"end":{"line":76,"column":17}},"type":"if","locations":[{"start":{"line":74,"column":16},"end":{"line":76,"column":17}},{"start":{},"end":{}}],"line":74}},"s":{"0":1,"1":2,"2":2,"3":2,"4":1,"5":1,"6":1,"7":1,"8":2,"9":2,"10":2,"11":1,"12":1,"13":0,"14":0,"15":0,"16":0,"17":0,"18":0,"19":0,"20":0,"21":0,"22":0,"23":0,"24":0,"25":0,"26":0,"27":1,"28":1,"29":2,"30":2,"31":2,"32":2,"33":1,"34":1,"35":1,"36":1,"37":1,"38":1,"39":1,"40":1,"41":1,"42":1,"43":0,"44":0,"45":0,"46":1,"47":1,"48":2,"49":2,"50":1,"51":1},"f":{"0":2,"1":2,"2":0,"3":2,"4":1,"5":2},"b":{"0":[1,0],"1":[1,1],"2":[0,0],"3":[1,1],"4":[1,0],"5":[1,0],"6":[1,0]},"_coverageSchema":"1a1c01bbd47fc00a2c39e90264f33305004495a9","hash":"09e284de9cb27ef22fb023a6ff1f4a7e0b4442f5"}
,"/app/controllers/doctor.controllers/auth.controller.js": {"path":"/app/controllers/doctor.controllers/auth.controller.js","statementMap":{"0":{"start":{"line":4,"column":23},"end":{"line":40,"column":1}},"1":{"start":{"line":5,"column":4},"end":{"line":39,"column":5}},"2":{"start":{"line":6,"column":69},"end":{"line":6,"column":77}},"3":{"start":{"line":8,"column":8},"end":{"line":10,"column":9}},"4":{"start":{"line":9,"column":12},"end":{"line":9,"column":80}},"5":{"start":{"line":12,"column":8},"end":{"line":14,"column":9}},"6":{"start":{"line":13,"column":12},"end":{"line":13,"column":79}},"7":{"start":{"line":16,"column":23},"end":{"line":16,"column":58}},"8":{"start":{"line":18,"column":8},"end":{"line":20,"column":9}},"9":{"start":{"line":19,"column":12},"end":{"line":19,"column":73}},"10":{"start":{"line":22,"column":24},"end":{"line":22,"column":80}},"11":{"start":{"line":24,"column":8},"end":{"line":26,"column":9}},"12":{"start":{"line":25,"column":12},"end":{"line":25,"column":81}},"13":{"start":{"line":28,"column":21},"end":{"line":28,"column":47}},"14":{"start":{"line":29,"column":31},"end":{"line":29,"column":69}},"15":{"start":{"line":31,"column":8},"end":{"line":31,"column":41}},"16":{"start":{"line":32,"column":8},"end":{"line":32,"column":28}},"17":{"start":{"line":34,"column":8},"end":{"line":34,"column":82}},"18":{"start":{"line":37,"column":8},"end":{"line":37,"column":75}},"19":{"start":{"line":38,"column":8},"end":{"line":38,"column":90}}},"fnMap":{"0":{"name":"(anonymous_0)","decl":{"start":{"line":4,"column":23},"end":{"line":4,"column":24}},"loc":{"start":{"line":4,"column":43},"end":{"line":40,"column":1}},"line":4}},"branchMap":{"0":{"loc":{"start":{"line":8,"column":8},"end":{"line":10,"column":9}},"type":"if","locations":[{"start":{"line":8,"column":8},"end":{"line":10,"column":9}},{"start":{},"end":{}}],"line":8},"1":{"loc":{"start":{"line":8,"column":12},"end":{"line":8,"column":106}},"type":"binary-expr","locations":[{"start":{"line":8,"column":12},"end":{"line":8,"column":41}},{"start":{"line":8,"column":45},"end":{"line":8,"column":70}},{"start":{"line":8,"column":74},"end":{"line":8,"column":106}}],"line":8},"2":{"loc":{"start":{"line":12,"column":8},"end":{"line":14,"column":9}},"type":"if","locations":[{"start":{"line":12,"column":8},"end":{"line":14,"column":9}},{"start":{},"end":{}}],"line":12},"3":{"loc":{"start":{"line":18,"column":8},"end":{"line":20,"column":9}},"type":"if","locations":[{"start":{"line":18,"column":8},"end":{"line":20,"column":9}},{"start":{},"end":{}}],"line":18},"4":{"loc":{"start":{"line":24,"column":8},"end":{"line":26,"column":9}},"type":"if","locations":[{"start":{"line":24,"column":8},"end":{"line":26,"column":9}},{"start":{},"end":{}}],"line":24}},"s":{"0":1,"1":6,"2":6,"3":6,"4":1,"5":5,"6":1,"7":4,"8":3,"9":1,"10":2,"11":2,"12":1,"13":1,"14":1,"15":1,"16":1,"17":1,"18":1,"19":1},"f":{"0":6},"b":{"0":[1,5],"1":[6,5,5],"2":[1,4],"3":[1,2],"4":[1,1]},"_coverageSchema":"1a1c01bbd47fc00a2c39e90264f33305004495a9","hash":"edafcb92c0d59c264904f34f0f26c21237f919a9"}
,"/app/controllers/doctor.controllers/home.controller.js": {"path":"/app/controllers/doctor.controllers/home.controller.js","statementMap":{"0":{"start":{"line":3,"column":22},"end":{"line":41,"column":1}},"1":{"start":{"line":4,"column":4},"end":{"line":40,"column":5}},"2":{"start":{"line":6,"column":8},"end":{"line":6,"column":33}},"3":{"start":{"line":7,"column":23},"end":{"line":15,"column":14}},"4":{"start":{"line":17,"column":8},"end":{"line":19,"column":9}},"5":{"start":{"line":18,"column":12},"end":{"line":18,"column":73}},"6":{"start":{"line":21,"column":35},"end":{"line":26,"column":10}},"7":{"start":{"line":22,"column":26},"end":{"line":22,"column":36}},"8":{"start":{"line":23,"column":12},"end":{"line":25,"column":71}},"9":{"start":{"line":28,"column":33},"end":{"line":30,"column":10}},"10":{"start":{"line":29,"column":12},"end":{"line":29,"column":81}},"11":{"start":{"line":29,"column":52},"end":{"line":29,"column":79}},"12":{"start":{"line":32,"column":8},"end":{"line":36,"column":11}},"13":{"start":{"line":38,"column":8},"end":{"line":38,"column":66}},"14":{"start":{"line":39,"column":8},"end":{"line":39,"column":45}}},"fnMap":{"0":{"name":"(anonymous_0)","decl":{"start":{"line":3,"column":22},"end":{"line":3,"column":23}},"loc":{"start":{"line":3,"column":42},"end":{"line":41,"column":1}},"line":3},"1":{"name":"(anonymous_1)","decl":{"start":{"line":21,"column":62},"end":{"line":21,"column":63}},"loc":{"start":{"line":21,"column":77},"end":{"line":26,"column":9}},"line":21},"2":{"name":"(anonymous_2)","decl":{"start":{"line":28,"column":57},"end":{"line":28,"column":58}},"loc":{"start":{"line":28,"column":72},"end":{"line":30,"column":9}},"line":28},"3":{"name":"(anonymous_3)","decl":{"start":{"line":29,"column":44},"end":{"line":29,"column":45}},"loc":{"start":{"line":29,"column":52},"end":{"line":29,"column":79}},"line":29}},"branchMap":{"0":{"loc":{"start":{"line":17,"column":8},"end":{"line":19,"column":9}},"type":"if","locations":[{"start":{"line":17,"column":8},"end":{"line":19,"column":9}},{"start":{},"end":{}}],"line":17},"1":{"loc":{"start":{"line":23,"column":19},"end":{"line":25,"column":70}},"type":"binary-expr","locations":[{"start":{"line":23,"column":19},"end":{"line":23,"column":65}},{"start":{"line":24,"column":16},"end":{"line":24,"column":64}},{"start":{"line":25,"column":16},"end":{"line":25,"column":70}}],"line":23}},"s":{"0":1,"1":2,"2":2,"3":2,"4":2,"5":1,"6":1,"7":1,"8":1,"9":1,"10":1,"11":1,"12":1,"13":0,"14":0},"f":{"0":2,"1":1,"2":1,"3":1},"b":{"0":[1,1],"1":[1,1,1]},"_coverageSchema":"1a1c01bbd47fc00a2c39e90264f33305004495a9","hash":"efb2b306ed01c2b38f14511e9d92ae4326d9b0c6"}
,"/app/controllers/doctor.controllers/lab.controller.js": {"path":"/app/controllers/doctor.controllers/lab.controller.js","statementMap":{"0":{"start":{"line":5,"column":26},"end":{"line":34,"column":1}},"1":{"start":{"line":6,"column":4},"end":{"line":33,"column":5}},"2":{"start":{"line":7,"column":30},"end":{"line":7,"column":38}},"3":{"start":{"line":8,"column":25},"end":{"line":8,"column":37}},"4":{"start":{"line":10,"column":27},"end":{"line":10,"column":99}},"5":{"start":{"line":11,"column":29},"end":{"line":11,"column":105}},"6":{"start":{"line":13,"column":24},"end":{"line":20,"column":10}},"7":{"start":{"line":22,"column":8},"end":{"line":22,"column":29}},"8":{"start":{"line":24,"column":25},"end":{"line":24,"column":91}},"9":{"start":{"line":27,"column":8},"end":{"line":27,"column":30}},"10":{"start":{"line":29,"column":8},"end":{"line":29,"column":26}},"11":{"start":{"line":31,"column":8},"end":{"line":31,"column":63}},"12":{"start":{"line":32,"column":8},"end":{"line":32,"column":45}}},"fnMap":{"0":{"name":"(anonymous_0)","decl":{"start":{"line":5,"column":26},"end":{"line":5,"column":27}},"loc":{"start":{"line":5,"column":46},"end":{"line":34,"column":1}},"line":5}},"branchMap":{},"s":{"0":1,"1":2,"2":2,"3":2,"4":2,"5":2,"6":2,"7":2,"8":0,"9":0,"10":0,"11":2,"12":2},"f":{"0":2},"b":{},"_coverageSchema":"1a1c01bbd47fc00a2c39e90264f33305004495a9","hash":"a2fa1167170532193309a76a0e529534dadfcff3"}
,"/app/controllers/doctor.controllers/patient.controller.js": {"path":"/app/controllers/doctor.controllers/patient.controller.js","statementMap":{"0":{"start":{"line":6,"column":20},"end":{"line":22,"column":1}},"1":{"start":{"line":7,"column":4},"end":{"line":21,"column":5}},"2":{"start":{"line":8,"column":25},"end":{"line":15,"column":10}},"3":{"start":{"line":18,"column":8},"end":{"line":18,"column":104}},"4":{"start":{"line":20,"column":8},"end":{"line":20,"column":89}},"5":{"start":{"line":24,"column":30},"end":{"line":42,"column":1}},"6":{"start":{"line":25,"column":4},"end":{"line":41,"column":5}},"7":{"start":{"line":26,"column":8},"end":{"line":28,"column":9}},"8":{"start":{"line":27,"column":12},"end":{"line":27,"column":79}},"9":{"start":{"line":30,"column":25},"end":{"line":36,"column":33}},"10":{"start":{"line":38,"column":8},"end":{"line":38,"column":103}},"11":{"start":{"line":40,"column":8},"end":{"line":40,"column":88}},"12":{"start":{"line":44,"column":37},"end":{"line":68,"column":1}},"13":{"start":{"line":45,"column":4},"end":{"line":67,"column":5}},"14":{"start":{"line":46,"column":8},"end":{"line":48,"column":9}},"15":{"start":{"line":47,"column":12},"end":{"line":47,"column":79}},"16":{"start":{"line":50,"column":29},"end":{"line":62,"column":14}},"17":{"start":{"line":64,"column":8},"end":{"line":64,"column":129}},"18":{"start":{"line":66,"column":8},"end":{"line":66,"column":88}},"19":{"start":{"line":70,"column":35},"end":{"line":94,"column":1}},"20":{"start":{"line":71,"column":4},"end":{"line":93,"column":5}},"21":{"start":{"line":72,"column":8},"end":{"line":74,"column":9}},"22":{"start":{"line":73,"column":12},"end":{"line":73,"column":79}},"23":{"start":{"line":76,"column":26},"end":{"line":88,"column":14}},"24":{"start":{"line":90,"column":8},"end":{"line":90,"column":141}},"25":{"start":{"line":92,"column":8},"end":{"line":92,"column":88}},"26":{"start":{"line":96,"column":32},"end":{"line":124,"column":1}},"27":{"start":{"line":97,"column":4},"end":{"line":123,"column":5}},"28":{"start":{"line":98,"column":8},"end":{"line":100,"column":9}},"29":{"start":{"line":99,"column":12},"end":{"line":99,"column":79}},"30":{"start":{"line":102,"column":23},"end":{"line":118,"column":14}},"31":{"start":{"line":120,"column":8},"end":{"line":120,"column":129}},"32":{"start":{"line":122,"column":8},"end":{"line":122,"column":88}},"33":{"start":{"line":126,"column":32},"end":{"line":151,"column":1}},"34":{"start":{"line":127,"column":4},"end":{"line":150,"column":5}},"35":{"start":{"line":128,"column":8},"end":{"line":130,"column":9}},"36":{"start":{"line":129,"column":12},"end":{"line":129,"column":79}},"37":{"start":{"line":132,"column":30},"end":{"line":144,"column":14}},"38":{"start":{"line":146,"column":8},"end":{"line":146,"column":157}},"39":{"start":{"line":149,"column":8},"end":{"line":149,"column":88}},"40":{"start":{"line":153,"column":27},"end":{"line":192,"column":1}},"41":{"start":{"line":154,"column":4},"end":{"line":191,"column":5}},"42":{"start":{"line":155,"column":8},"end":{"line":157,"column":9}},"43":{"start":{"line":156,"column":12},"end":{"line":156,"column":79}},"44":{"start":{"line":159,"column":37},"end":{"line":159,"column":45}},"45":{"start":{"line":161,"column":22},"end":{"line":169,"column":14}},"46":{"start":{"line":171,"column":8},"end":{"line":171,"column":50}},"47":{"start":{"line":173,"column":8},"end":{"line":175,"column":9}},"48":{"start":{"line":174,"column":12},"end":{"line":174,"column":74}},"49":{"start":{"line":177,"column":29},"end":{"line":180,"column":10}},"50":{"start":{"line":182,"column":8},"end":{"line":182,"column":34}},"51":{"start":{"line":184,"column":8},"end":{"line":184,"column":49}},"52":{"start":{"line":185,"column":8},"end":{"line":185,"column":29}},"53":{"start":{"line":187,"column":8},"end":{"line":187,"column":114}},"54":{"start":{"line":190,"column":8},"end":{"line":190,"column":96}},"55":{"start":{"line":194,"column":27},"end":{"line":218,"column":1}},"56":{"start":{"line":195,"column":4},"end":{"line":217,"column":5}},"57":{"start":{"line":196,"column":8},"end":{"line":198,"column":9}},"58":{"start":{"line":197,"column":12},"end":{"line":197,"column":84}},"59":{"start":{"line":200,"column":37},"end":{"line":200,"column":45}},"60":{"start":{"line":202,"column":29},"end":{"line":202,"column":83}},"61":{"start":{"line":204,"column":8},"end":{"line":206,"column":9}},"62":{"start":{"line":205,"column":12},"end":{"line":205,"column":79}},"63":{"start":{"line":208,"column":8},"end":{"line":208,"column":41}},"64":{"start":{"line":209,"column":8},"end":{"line":209,"column":37}},"65":{"start":{"line":211,"column":8},"end":{"line":211,"column":34}},"66":{"start":{"line":213,"column":8},"end":{"line":213,"column":114}},"67":{"start":{"line":216,"column":8},"end":{"line":216,"column":96}},"68":{"start":{"line":220,"column":27},"end":{"line":233,"column":1}},"69":{"start":{"line":221,"column":4},"end":{"line":232,"column":5}},"70":{"start":{"line":222,"column":8},"end":{"line":224,"column":9}},"71":{"start":{"line":223,"column":12},"end":{"line":223,"column":84}},"72":{"start":{"line":226,"column":8},"end":{"line":226,"column":72}},"73":{"start":{"line":228,"column":8},"end":{"line":228,"column":86}},"74":{"start":{"line":231,"column":8},"end":{"line":231,"column":96}}},"fnMap":{"0":{"name":"(anonymous_0)","decl":{"start":{"line":6,"column":20},"end":{"line":6,"column":21}},"loc":{"start":{"line":6,"column":40},"end":{"line":22,"column":1}},"line":6},"1":{"name":"(anonymous_1)","decl":{"start":{"line":24,"column":30},"end":{"line":24,"column":31}},"loc":{"start":{"line":24,"column":50},"end":{"line":42,"column":1}},"line":24},"2":{"name":"(anonymous_2)","decl":{"start":{"line":44,"column":37},"end":{"line":44,"column":38}},"loc":{"start":{"line":44,"column":57},"end":{"line":68,"column":1}},"line":44},"3":{"name":"(anonymous_3)","decl":{"start":{"line":70,"column":35},"end":{"line":70,"column":36}},"loc":{"start":{"line":70,"column":55},"end":{"line":94,"column":1}},"line":70},"4":{"name":"(anonymous_4)","decl":{"start":{"line":96,"column":32},"end":{"line":96,"column":33}},"loc":{"start":{"line":96,"column":52},"end":{"line":124,"column":1}},"line":96},"5":{"name":"(anonymous_5)","decl":{"start":{"line":126,"column":32},"end":{"line":126,"column":33}},"loc":{"start":{"line":126,"column":52},"end":{"line":151,"column":1}},"line":126},"6":{"name":"(anonymous_6)","decl":{"start":{"line":153,"column":27},"end":{"line":153,"column":28}},"loc":{"start":{"line":153,"column":47},"end":{"line":192,"column":1}},"line":153},"7":{"name":"(anonymous_7)","decl":{"start":{"line":194,"column":27},"end":{"line":194,"column":28}},"loc":{"start":{"line":194,"column":47},"end":{"line":218,"column":1}},"line":194},"8":{"name":"(anonymous_8)","decl":{"start":{"line":220,"column":27},"end":{"line":220,"column":28}},"loc":{"start":{"line":220,"column":47},"end":{"line":233,"column":1}},"line":220}},"branchMap":{"0":{"loc":{"start":{"line":26,"column":8},"end":{"line":28,"column":9}},"type":"if","locations":[{"start":{"line":26,"column":8},"end":{"line":28,"column":9}},{"start":{},"end":{}}],"line":26},"1":{"loc":{"start":{"line":46,"column":8},"end":{"line":48,"column":9}},"type":"if","locations":[{"start":{"line":46,"column":8},"end":{"line":48,"column":9}},{"start":{},"end":{}}],"line":46},"2":{"loc":{"start":{"line":72,"column":8},"end":{"line":74,"column":9}},"type":"if","locations":[{"start":{"line":72,"column":8},"end":{"line":74,"column":9}},{"start":{},"end":{}}],"line":72},"3":{"loc":{"start":{"line":98,"column":8},"end":{"line":100,"column":9}},"type":"if","locations":[{"start":{"line":98,"column":8},"end":{"line":100,"column":9}},{"start":{},"end":{}}],"line":98},"4":{"loc":{"start":{"line":128,"column":8},"end":{"line":130,"column":9}},"type":"if","locations":[{"start":{"line":128,"column":8},"end":{"line":130,"column":9}},{"start":{},"end":{}}],"line":128},"5":{"loc":{"start":{"line":155,"column":8},"end":{"line":157,"column":9}},"type":"if","locations":[{"start":{"line":155,"column":8},"end":{"line":157,"column":9}},{"start":{},"end":{}}],"line":155},"6":{"loc":{"start":{"line":173,"column":8},"end":{"line":175,"column":9}},"type":"if","locations":[{"start":{"line":173,"column":8},"end":{"line":175,"column":9}},{"start":{},"end":{}}],"line":173},"7":{"loc":{"start":{"line":196,"column":8},"end":{"line":198,"column":9}},"type":"if","locations":[{"start":{"line":196,"column":8},"end":{"line":198,"column":9}},{"start":{},"end":{}}],"line":196},"8":{"loc":{"start":{"line":204,"column":8},"end":{"line":206,"column":9}},"type":"if","locations":[{"start":{"line":204,"column":8},"end":{"line":206,"column":9}},{"start":{},"end":{}}],"line":204},"9":{"loc":{"start":{"line":222,"column":8},"end":{"line":224,"column":9}},"type":"if","locations":[{"start":{"line":222,"column":8},"end":{"line":224,"column":9}},{"start":{},"end":{}}],"line":222}},"s":{"0":1,"1":2,"2":2,"3":1,"4":1,"5":1,"6":2,"7":2,"8":1,"9":1,"10":0,"11":1,"12":1,"13":0,"14":0,"15":0,"16":0,"17":0,"18":0,"19":1,"20":0,"21":0,"22":0,"23":0,"24":0,"25":0,"26":1,"27":0,"28":0,"29":0,"30":0,"31":0,"32":0,"33":1,"34":0,"35":0,"36":0,"37":0,"38":0,"39":0,"40":1,"41":2,"42":2,"43":1,"44":1,"45":1,"46":0,"47":0,"48":0,"49":0,"50":0,"51":0,"52":0,"53":0,"54":1,"55":1,"56":2,"57":2,"58":1,"59":1,"60":1,"61":1,"62":0,"63":1,"64":1,"65":1,"66":1,"67":0,"68":1,"69":2,"70":2,"71":1,"72":1,"73":1,"74":0},"f":{"0":2,"1":2,"2":0,"3":0,"4":0,"5":0,"6":2,"7":2,"8":2},"b":{"0":[1,1],"1":[0,0],"2":[0,0],"3":[0,0],"4":[0,0],"5":[1,1],"6":[0,0],"7":[1,1],"8":[0,1],"9":[1,1]},"_coverageSchema":"1a1c01bbd47fc00a2c39e90264f33305004495a9","hash":"4a6d917dff2d3cc75dc6968123630761a36f0800"}
,"/app/controllers/lab.controllers/auth.controller.js": {"path":"/app/controllers/lab.controllers/auth.controller.js","statementMap":{"0":{"start":{"line":4,"column":23},"end":{"line":31,"column":1}},"1":{"start":{"line":5,"column":4},"end":{"line":30,"column":5}},"2":{"start":{"line":6,"column":45},"end":{"line":6,"column":53}},"3":{"start":{"line":8,"column":30},"end":{"line":8,"column":71}},"4":{"start":{"line":10,"column":8},"end":{"line":12,"column":9}},"5":{"start":{"line":11,"column":12},"end":{"line":11,"column":81}},"6":{"start":{"line":14,"column":24},"end":{"line":14,"column":83}},"7":{"start":{"line":16,"column":8},"end":{"line":18,"column":9}},"8":{"start":{"line":17,"column":12},"end":{"line":17,"column":76}},"9":{"start":{"line":20,"column":31},"end":{"line":20,"column":67}},"10":{"start":{"line":22,"column":8},"end":{"line":22,"column":48}},"11":{"start":{"line":24,"column":8},"end":{"line":24,"column":35}},"12":{"start":{"line":26,"column":8},"end":{"line":26,"column":82}},"13":{"start":{"line":28,"column":8},"end":{"line":28,"column":67}},"14":{"start":{"line":29,"column":8},"end":{"line":29,"column":45}}},"fnMap":{"0":{"name":"(anonymous_0)","decl":{"start":{"line":4,"column":23},"end":{"line":4,"column":24}},"loc":{"start":{"line":4,"column":43},"end":{"line":31,"column":1}},"line":4}},"branchMap":{"0":{"loc":{"start":{"line":10,"column":8},"end":{"line":12,"column":9}},"type":"if","locations":[{"start":{"line":10,"column":8},"end":{"line":12,"column":9}},{"start":{},"end":{}}],"line":10},"1":{"loc":{"start":{"line":16,"column":8},"end":{"line":18,"column":9}},"type":"if","locations":[{"start":{"line":16,"column":8},"end":{"line":18,"column":9}},{"start":{},"end":{}}],"line":16}},"s":{"0":1,"1":4,"2":4,"3":4,"4":3,"5":1,"6":2,"7":2,"8":1,"9":1,"10":1,"11":1,"12":1,"13":1,"14":1},"f":{"0":4},"b":{"0":[1,2],"1":[1,1]},"_coverageSchema":"1a1c01bbd47fc00a2c39e90264f33305004495a9","hash":"c290c02572c4bd90d74baf3b1a2c1cf370a1b7da"}
,"/app/controllers/lab.controllers/home.controller.js": {"path":"/app/controllers/lab.controllers/home.controller.js","statementMap":{"0":{"start":{"line":5,"column":20},"end":{"line":45,"column":1}},"1":{"start":{"line":6,"column":4},"end":{"line":44,"column":5}},"2":{"start":{"line":7,"column":19},"end":{"line":7,"column":31}},"3":{"start":{"line":9,"column":29},"end":{"line":33,"column":14}},"4":{"start":{"line":36,"column":8},"end":{"line":38,"column":9}},"5":{"start":{"line":37,"column":12},"end":{"line":37,"column":81}},"6":{"start":{"line":40,"column":8},"end":{"line":40,"column":31}},"7":{"start":{"line":42,"column":8},"end":{"line":42,"column":64}},"8":{"start":{"line":43,"column":8},"end":{"line":43,"column":45}},"9":{"start":{"line":47,"column":21},"end":{"line":59,"column":1}},"10":{"start":{"line":48,"column":4},"end":{"line":58,"column":5}},"11":{"start":{"line":49,"column":27},"end":{"line":49,"column":35}},"12":{"start":{"line":51,"column":8},"end":{"line":51,"column":73}},"13":{"start":{"line":53,"column":8},"end":{"line":53,"column":84}},"14":{"start":{"line":56,"column":8},"end":{"line":56,"column":65}},"15":{"start":{"line":57,"column":8},"end":{"line":57,"column":45}}},"fnMap":{"0":{"name":"(anonymous_0)","decl":{"start":{"line":5,"column":20},"end":{"line":5,"column":21}},"loc":{"start":{"line":5,"column":40},"end":{"line":45,"column":1}},"line":5},"1":{"name":"(anonymous_1)","decl":{"start":{"line":47,"column":21},"end":{"line":47,"column":22}},"loc":{"start":{"line":47,"column":41},"end":{"line":59,"column":1}},"line":47}},"branchMap":{"0":{"loc":{"start":{"line":36,"column":8},"end":{"line":38,"column":9}},"type":"if","locations":[{"start":{"line":36,"column":8},"end":{"line":38,"column":9}},{"start":{},"end":{}}],"line":36}},"s":{"0":1,"1":3,"2":3,"3":3,"4":2,"5":1,"6":1,"7":1,"8":1,"9":1,"10":2,"11":2,"12":2,"13":1,"14":1,"15":1},"f":{"0":3,"1":2},"b":{"0":[1,1]},"_coverageSchema":"1a1c01bbd47fc00a2c39e90264f33305004495a9","hash":"d9ef440a9643324a60b08570e9f66cf9570dd7a3"}
,"/app/controllers/lab.controllers/test.controller.js": {"path":"/app/controllers/lab.controllers/test.controller.js","statementMap":{"0":{"start":{"line":7,"column":19},"end":{"line":45,"column":1}},"1":{"start":{"line":8,"column":4},"end":{"line":44,"column":5}},"2":{"start":{"line":9,"column":24},"end":{"line":33,"column":14}},"3":{"start":{"line":35,"column":8},"end":{"line":37,"column":9}},"4":{"start":{"line":36,"column":12},"end":{"line":36,"column":74}},"5":{"start":{"line":39,"column":8},"end":{"line":39,"column":26}},"6":{"start":{"line":42,"column":8},"end":{"line":42,"column":63}},"7":{"start":{"line":43,"column":8},"end":{"line":43,"column":45}},"8":{"start":{"line":47,"column":20},"end":{"line":88,"column":1}},"9":{"start":{"line":48,"column":4},"end":{"line":87,"column":5}},"10":{"start":{"line":49,"column":25},"end":{"line":71,"column":14}},"11":{"start":{"line":74,"column":8},"end":{"line":76,"column":9}},"12":{"start":{"line":75,"column":12},"end":{"line":75,"column":76}},"13":{"start":{"line":79,"column":29},"end":{"line":79,"column":97}},"14":{"start":{"line":79,"column":71},"end":{"line":79,"column":96}},"15":{"start":{"line":80,"column":31},"end":{"line":80,"column":101}},"16":{"start":{"line":80,"column":73},"end":{"line":80,"column":100}},"17":{"start":{"line":82,"column":8},"end":{"line":82,"column":51}},"18":{"start":{"line":85,"column":8},"end":{"line":85,"column":64}},"19":{"start":{"line":86,"column":8},"end":{"line":86,"column":45}}},"fnMap":{"0":{"name":"(anonymous_0)","decl":{"start":{"line":7,"column":19},"end":{"line":7,"column":20}},"loc":{"start":{"line":7,"column":39},"end":{"line":45,"column":1}},"line":7},"1":{"name":"(anonymous_1)","decl":{"start":{"line":47,"column":20},"end":{"line":47,"column":21}},"loc":{"start":{"line":47,"column":40},"end":{"line":88,"column":1}},"line":47},"2":{"name":"(anonymous_2)","decl":{"start":{"line":79,"column":63},"end":{"line":79,"column":64}},"loc":{"start":{"line":79,"column":71},"end":{"line":79,"column":96}},"line":79},"3":{"name":"(anonymous_3)","decl":{"start":{"line":80,"column":65},"end":{"line":80,"column":66}},"loc":{"start":{"line":80,"column":73},"end":{"line":80,"column":100}},"line":80}},"branchMap":{"0":{"loc":{"start":{"line":35,"column":8},"end":{"line":37,"column":9}},"type":"if","locations":[{"start":{"line":35,"column":8},"end":{"line":37,"column":9}},{"start":{},"end":{}}],"line":35},"1":{"loc":{"start":{"line":74,"column":8},"end":{"line":76,"column":9}},"type":"if","locations":[{"start":{"line":74,"column":8},"end":{"line":76,"column":9}},{"start":{},"end":{}}],"line":74}},"s":{"0":1,"1":3,"2":3,"3":2,"4":1,"5":1,"6":1,"7":1,"8":1,"9":3,"10":3,"11":2,"12":1,"13":1,"14":2,"15":1,"16":2,"17":1,"18":1,"19":1},"f":{"0":3,"1":3,"2":2,"3":2},"b":{"0":[1,1],"1":[1,1]},"_coverageSchema":"1a1c01bbd47fc00a2c39e90264f33305004495a9","hash":"e157d7f68ce6774bebf2505e7c56e741b4993839"}
,"/app/controllers/patient.controllers/appointment.controller.js": {"path":"/app/controllers/patient.controllers/appointment.controller.js","statementMap":{"0":{"start":{"line":10,"column":32},"end":{"line":30,"column":1}},"1":{"start":{"line":11,"column":4},"end":{"line":29,"column":5}},"2":{"start":{"line":12,"column":8},"end":{"line":14,"column":9}},"3":{"start":{"line":13,"column":12},"end":{"line":13,"column":73}},"4":{"start":{"line":15,"column":8},"end":{"line":17,"column":9}},"5":{"start":{"line":16,"column":12},"end":{"line":16,"column":84}},"6":{"start":{"line":19,"column":26},"end":{"line":19,"column":165}},"7":{"start":{"line":21,"column":8},"end":{"line":21,"column":109}},"8":{"start":{"line":21,"column":55},"end":{"line":21,"column":107}},"9":{"start":{"line":23,"column":29},"end":{"line":23,"column":133}},"10":{"start":{"line":23,"column":61},"end":{"line":23,"column":130}},"11":{"start":{"line":25,"column":8},"end":{"line":25,"column":54}},"12":{"start":{"line":28,"column":8},"end":{"line":28,"column":121}},"13":{"start":{"line":32,"column":23},"end":{"line":96,"column":1}},"14":{"start":{"line":33,"column":4},"end":{"line":95,"column":5}},"15":{"start":{"line":34,"column":57},"end":{"line":34,"column":65}},"16":{"start":{"line":36,"column":23},"end":{"line":36,"column":54}},"17":{"start":{"line":38,"column":22},"end":{"line":38,"column":45}},"18":{"start":{"line":39,"column":24},"end":{"line":39,"column":65}},"19":{"start":{"line":40,"column":26},"end":{"line":40,"column":36}},"20":{"start":{"line":42,"column":27},"end":{"line":42,"column":44}},"21":{"start":{"line":43,"column":25},"end":{"line":43,"column":40}},"22":{"start":{"line":45,"column":28},"end":{"line":55,"column":10}},"23":{"start":{"line":57,"column":8},"end":{"line":84,"column":9}},"24":{"start":{"line":58,"column":12},"end":{"line":58,"column":35}},"25":{"start":{"line":59,"column":28},"end":{"line":68,"column":14}},"26":{"start":{"line":70,"column":12},"end":{"line":70,"column":48}},"27":{"start":{"line":71,"column":12},"end":{"line":71,"column":37}},"28":{"start":{"line":73,"column":12},"end":{"line":82,"column":14}},"29":{"start":{"line":86,"column":8},"end":{"line":86,"column":97}},"30":{"start":{"line":87,"column":8},"end":{"line":87,"column":96}},"31":{"start":{"line":91,"column":8},"end":{"line":91,"column":98}},"32":{"start":{"line":94,"column":8},"end":{"line":94,"column":93}},"33":{"start":{"line":98,"column":24},"end":{"line":136,"column":1}},"34":{"start":{"line":99,"column":4},"end":{"line":135,"column":5}},"35":{"start":{"line":100,"column":24},"end":{"line":118,"column":14}},"36":{"start":{"line":121,"column":8},"end":{"line":123,"column":9}},"37":{"start":{"line":122,"column":12},"end":{"line":122,"column":74}},"38":{"start":{"line":125,"column":29},"end":{"line":125,"column":49}},"39":{"start":{"line":127,"column":8},"end":{"line":132,"column":9}},"40":{"start":{"line":128,"column":12},"end":{"line":131,"column":15}},"41":{"start":{"line":134,"column":8},"end":{"line":134,"column":94}},"42":{"start":{"line":138,"column":26},"end":{"line":159,"column":1}},"43":{"start":{"line":139,"column":4},"end":{"line":158,"column":5}},"44":{"start":{"line":140,"column":23},"end":{"line":140,"column":33}},"45":{"start":{"line":142,"column":8},"end":{"line":144,"column":9}},"46":{"start":{"line":143,"column":12},"end":{"line":143,"column":83}},"47":{"start":{"line":146,"column":28},"end":{"line":146,"column":58}},"48":{"start":{"line":148,"column":8},"end":{"line":150,"column":9}},"49":{"start":{"line":149,"column":12},"end":{"line":149,"column":78}},"50":{"start":{"line":152,"column":8},"end":{"line":152,"column":48}},"51":{"start":{"line":154,"column":8},"end":{"line":154,"column":87}},"52":{"start":{"line":157,"column":8},"end":{"line":157,"column":96}}},"fnMap":{"0":{"name":"(anonymous_0)","decl":{"start":{"line":10,"column":32},"end":{"line":10,"column":33}},"loc":{"start":{"line":10,"column":58},"end":{"line":30,"column":1}},"line":10},"1":{"name":"(anonymous_1)","decl":{"start":{"line":21,"column":41},"end":{"line":21,"column":42}},"loc":{"start":{"line":21,"column":55},"end":{"line":21,"column":107}},"line":21},"2":{"name":"(anonymous_2)","decl":{"start":{"line":23,"column":45},"end":{"line":23,"column":46}},"loc":{"start":{"line":23,"column":59},"end":{"line":23,"column":132}},"line":23},"3":{"name":"(anonymous_3)","decl":{"start":{"line":32,"column":23},"end":{"line":32,"column":24}},"loc":{"start":{"line":32,"column":43},"end":{"line":96,"column":1}},"line":32},"4":{"name":"(anonymous_4)","decl":{"start":{"line":98,"column":24},"end":{"line":98,"column":25}},"loc":{"start":{"line":98,"column":44},"end":{"line":136,"column":1}},"line":98},"5":{"name":"(anonymous_5)","decl":{"start":{"line":138,"column":26},"end":{"line":138,"column":27}},"loc":{"start":{"line":138,"column":46},"end":{"line":159,"column":1}},"line":138}},"branchMap":{"0":{"loc":{"start":{"line":12,"column":8},"end":{"line":14,"column":9}},"type":"if","locations":[{"start":{"line":12,"column":8},"end":{"line":14,"column":9}},{"start":{},"end":{}}],"line":12},"1":{"loc":{"start":{"line":15,"column":8},"end":{"line":17,"column":9}},"type":"if","locations":[{"start":{"line":15,"column":8},"end":{"line":17,"column":9}},{"start":{},"end":{}}],"line":15},"2":{"loc":{"start":{"line":57,"column":8},"end":{"line":84,"column":9}},"type":"if","locations":[{"start":{"line":57,"column":8},"end":{"line":84,"column":9}},{"start":{},"end":{}}],"line":57},"3":{"loc":{"start":{"line":121,"column":8},"end":{"line":123,"column":9}},"type":"if","locations":[{"start":{"line":121,"column":8},"end":{"line":123,"column":9}},{"start":{},"end":{}}],"line":121},"4":{"loc":{"start":{"line":127,"column":8},"end":{"line":132,"column":9}},"type":"if","locations":[{"start":{"line":127,"column":8},"end":{"line":132,"column":9}},{"start":{},"end":{}}],"line":127},"5":{"loc":{"start":{"line":142,"column":8},"end":{"line":144,"column":9}},"type":"if","locations":[{"start":{"line":142,"column":8},"end":{"line":144,"column":9}},{"start":{},"end":{}}],"line":142},"6":{"loc":{"start":{"line":148,"column":8},"end":{"line":150,"column":9}},"type":"if","locations":[{"start":{"line":148,"column":8},"end":{"line":150,"column":9}},{"start":{},"end":{}}],"line":148}},"s":{"0":1,"1":3,"2":3,"3":1,"4":2,"5":1,"6":1,"7":0,"8":0,"9":0,"10":0,"11":0,"12":1,"13":1,"14":2,"15":2,"16":2,"17":2,"18":2,"19":2,"20":2,"21":1,"22":1,"23":1,"24":0,"25":0,"26":0,"27":0,"28":0,"29":1,"30":1,"31":1,"32":1,"33":1,"34":2,"35":2,"36":0,"37":0,"38":0,"39":0,"40":0,"41":2,"42":1,"43":2,"44":2,"45":2,"46":0,"47":2,"48":2,"49":1,"50":1,"51":1,"52":0},"f":{"0":3,"1":0,"2":0,"3":2,"4":2,"5":2},"b":{"0":[1,2],"1":[1,1],"2":[0,1],"3":[0,0],"4":[0,0],"5":[0,2],"6":[1,1]},"_coverageSchema":"1a1c01bbd47fc00a2c39e90264f33305004495a9","hash":"b1a70fda7f94c1d109fe24bb7166c0c47a31e5eb"}
,"/app/controllers/patient.controllers/auth.controller.js": {"path":"/app/controllers/patient.controllers/auth.controller.js","statementMap":{"0":{"start":{"line":5,"column":15},"end":{"line":75,"column":1}},"1":{"start":{"line":6,"column":4},"end":{"line":74,"column":5}},"2":{"start":{"line":7,"column":134},"end":{"line":7,"column":142}},"3":{"start":{"line":9,"column":8},"end":{"line":23,"column":9}},"4":{"start":{"line":22,"column":12},"end":{"line":22,"column":80}},"5":{"start":{"line":25,"column":8},"end":{"line":27,"column":9}},"6":{"start":{"line":26,"column":12},"end":{"line":26,"column":79}},"7":{"start":{"line":29,"column":30},"end":{"line":29,"column":73}},"8":{"start":{"line":31,"column":8},"end":{"line":33,"column":9}},"9":{"start":{"line":32,"column":12},"end":{"line":32,"column":79}},"10":{"start":{"line":35,"column":21},"end":{"line":35,"column":47}},"11":{"start":{"line":36,"column":31},"end":{"line":36,"column":66}},"12":{"start":{"line":38,"column":24},"end":{"line":50,"column":10}},"13":{"start":{"line":52,"column":8},"end":{"line":69,"column":9}},"14":{"start":{"line":53,"column":12},"end":{"line":53,"column":42}},"15":{"start":{"line":54,"column":12},"end":{"line":68,"column":15}},"16":{"start":{"line":72,"column":8},"end":{"line":72,"column":67}},"17":{"start":{"line":73,"column":8},"end":{"line":73,"column":90}},"18":{"start":{"line":76,"column":23},"end":{"line":112,"column":1}},"19":{"start":{"line":77,"column":4},"end":{"line":111,"column":5}},"20":{"start":{"line":78,"column":69},"end":{"line":78,"column":77}},"21":{"start":{"line":80,"column":8},"end":{"line":82,"column":9}},"22":{"start":{"line":81,"column":12},"end":{"line":81,"column":80}},"23":{"start":{"line":84,"column":8},"end":{"line":86,"column":9}},"24":{"start":{"line":85,"column":12},"end":{"line":85,"column":79}},"25":{"start":{"line":88,"column":24},"end":{"line":88,"column":60}},"26":{"start":{"line":90,"column":8},"end":{"line":92,"column":9}},"27":{"start":{"line":91,"column":12},"end":{"line":91,"column":74}},"28":{"start":{"line":94,"column":24},"end":{"line":94,"column":81}},"29":{"start":{"line":96,"column":8},"end":{"line":98,"column":9}},"30":{"start":{"line":97,"column":12},"end":{"line":97,"column":81}},"31":{"start":{"line":100,"column":21},"end":{"line":100,"column":47}},"32":{"start":{"line":101,"column":31},"end":{"line":101,"column":69}},"33":{"start":{"line":103,"column":8},"end":{"line":103,"column":42}},"34":{"start":{"line":104,"column":8},"end":{"line":104,"column":29}},"35":{"start":{"line":106,"column":8},"end":{"line":106,"column":82}},"36":{"start":{"line":109,"column":8},"end":{"line":109,"column":75}},"37":{"start":{"line":110,"column":8},"end":{"line":110,"column":90}}},"fnMap":{"0":{"name":"(anonymous_0)","decl":{"start":{"line":5,"column":15},"end":{"line":5,"column":16}},"loc":{"start":{"line":5,"column":35},"end":{"line":75,"column":1}},"line":5},"1":{"name":"(anonymous_1)","decl":{"start":{"line":76,"column":23},"end":{"line":76,"column":24}},"loc":{"start":{"line":76,"column":43},"end":{"line":112,"column":1}},"line":76}},"branchMap":{"0":{"loc":{"start":{"line":9,"column":8},"end":{"line":23,"column":9}},"type":"if","locations":[{"start":{"line":9,"column":8},"end":{"line":23,"column":9}},{"start":{},"end":{}}],"line":9},"1":{"loc":{"start":{"line":10,"column":12},"end":{"line":20,"column":33}},"type":"binary-expr","locations":[{"start":{"line":10,"column":12},"end":{"line":10,"column":30}},{"start":{"line":11,"column":12},"end":{"line":11,"column":33}},{"start":{"line":12,"column":12},"end":{"line":12,"column":32}},{"start":{"line":13,"column":12},"end":{"line":13,"column":31}},{"start":{"line":14,"column":12},"end":{"line":14,"column":34}},{"start":{"line":15,"column":12},"end":{"line":15,"column":41}},{"start":{"line":16,"column":12},"end":{"line":16,"column":31}},{"start":{"line":17,"column":12},"end":{"line":17,"column":42}},{"start":{"line":18,"column":12},"end":{"line":18,"column":35}},{"start":{"line":19,"column":12},"end":{"line":19,"column":37}},{"start":{"line":20,"column":12},"end":{"line":20,"column":33}}],"line":10},"2":{"loc":{"start":{"line":25,"column":8},"end":{"line":27,"column":9}},"type":"if","locations":[{"start":{"line":25,"column":8},"end":{"line":27,"column":9}},{"start":{},"end":{}}],"line":25},"3":{"loc":{"start":{"line":31,"column":8},"end":{"line":33,"column":9}},"type":"if","locations":[{"start":{"line":31,"column":8},"end":{"line":33,"column":9}},{"start":{},"end":{}}],"line":31},"4":{"loc":{"start":{"line":52,"column":8},"end":{"line":69,"column":9}},"type":"if","locations":[{"start":{"line":52,"column":8},"end":{"line":69,"column":9}},{"start":{},"end":{}}],"line":52},"5":{"loc":{"start":{"line":80,"column":8},"end":{"line":82,"column":9}},"type":"if","locations":[{"start":{"line":80,"column":8},"end":{"line":82,"column":9}},{"start":{},"end":{}}],"line":80},"6":{"loc":{"start":{"line":80,"column":12},"end":{"line":80,"column":106}},"type":"binary-expr","locations":[{"start":{"line":80,"column":12},"end":{"line":80,"column":41}},{"start":{"line":80,"column":45},"end":{"line":80,"column":70}},{"start":{"line":80,"column":74},"end":{"line":80,"column":106}}],"line":80},"7":{"loc":{"start":{"line":84,"column":8},"end":{"line":86,"column":9}},"type":"if","locations":[{"start":{"line":84,"column":8},"end":{"line":86,"column":9}},{"start":{},"end":{}}],"line":84},"8":{"loc":{"start":{"line":90,"column":8},"end":{"line":92,"column":9}},"type":"if","locations":[{"start":{"line":90,"column":8},"end":{"line":92,"column":9}},{"start":{},"end":{}}],"line":90},"9":{"loc":{"start":{"line":96,"column":8},"end":{"line":98,"column":9}},"type":"if","locations":[{"start":{"line":96,"column":8},"end":{"line":98,"column":9}},{"start":{},"end":{}}],"line":96}},"s":{"0":1,"1":4,"2":4,"3":4,"4":3,"5":1,"6":0,"7":1,"8":1,"9":0,"10":1,"11":1,"12":1,"13":1,"14":1,"15":1,"16":0,"17":0,"18":1,"19":4,"20":4,"21":3,"22":0,"23":3,"24":1,"25":2,"26":2,"27":0,"28":2,"29":2,"30":1,"31":1,"32":1,"33":1,"34":1,"35":1,"36":1,"37":1},"f":{"0":4,"1":4},"b":{"0":[3,1],"1":[4,3,1,1,1,1,1,1,1,1,1],"2":[0,1],"3":[0,1],"4":[1,0],"5":[0,3],"6":[3,3,3],"7":[1,2],"8":[0,2],"9":[1,1]},"_coverageSchema":"1a1c01bbd47fc00a2c39e90264f33305004495a9","hash":"6754501f40dc36f6ff852cdf7d0bd358bc70375b"}
,"/app/controllers/patient.controllers/health.metric.controller.js": {"path":"/app/controllers/patient.controllers/health.metric.controller.js","statementMap":{"0":{"start":{"line":3,"column":24},"end":{"line":14,"column":1}},"1":{"start":{"line":4,"column":4},"end":{"line":13,"column":5}},"2":{"start":{"line":5,"column":27},"end":{"line":5,"column":137}},"3":{"start":{"line":6,"column":26},"end":{"line":6,"column":87}},"4":{"start":{"line":7,"column":24},"end":{"line":7,"column":45}},"5":{"start":{"line":8,"column":20},"end":{"line":8,"column":79}},"6":{"start":{"line":9,"column":8},"end":{"line":9,"column":26}},"7":{"start":{"line":10,"column":8},"end":{"line":10,"column":110}},"8":{"start":{"line":12,"column":8},"end":{"line":12,"column":94}},"9":{"start":{"line":16,"column":21},"end":{"line":24,"column":1}},"10":{"start":{"line":17,"column":4},"end":{"line":23,"column":5}},"11":{"start":{"line":18,"column":24},"end":{"line":18,"column":113}},"12":{"start":{"line":19,"column":8},"end":{"line":19,"column":89}},"13":{"start":{"line":22,"column":8},"end":{"line":22,"column":91}},"14":{"start":{"line":26,"column":21},"end":{"line":34,"column":1}},"15":{"start":{"line":27,"column":4},"end":{"line":33,"column":5}},"16":{"start":{"line":28,"column":24},"end":{"line":28,"column":113}},"17":{"start":{"line":29,"column":8},"end":{"line":29,"column":89}},"18":{"start":{"line":32,"column":8},"end":{"line":32,"column":91}},"19":{"start":{"line":36,"column":28},"end":{"line":44,"column":1}},"20":{"start":{"line":37,"column":4},"end":{"line":43,"column":5}},"21":{"start":{"line":38,"column":24},"end":{"line":38,"column":131}},"22":{"start":{"line":39,"column":8},"end":{"line":39,"column":97}},"23":{"start":{"line":42,"column":8},"end":{"line":42,"column":98}},"24":{"start":{"line":46,"column":25},"end":{"line":54,"column":1}},"25":{"start":{"line":47,"column":4},"end":{"line":53,"column":5}},"26":{"start":{"line":48,"column":24},"end":{"line":48,"column":125}},"27":{"start":{"line":49,"column":8},"end":{"line":49,"column":94}},"28":{"start":{"line":52,"column":8},"end":{"line":52,"column":95}},"29":{"start":{"line":56,"column":24},"end":{"line":64,"column":1}},"30":{"start":{"line":57,"column":4},"end":{"line":63,"column":5}},"31":{"start":{"line":58,"column":24},"end":{"line":58,"column":123}},"32":{"start":{"line":59,"column":8},"end":{"line":59,"column":93}},"33":{"start":{"line":62,"column":8},"end":{"line":62,"column":94}},"34":{"start":{"line":66,"column":24},"end":{"line":79,"column":1}},"35":{"start":{"line":67,"column":4},"end":{"line":78,"column":5}},"36":{"start":{"line":68,"column":24},"end":{"line":72,"column":9}},"37":{"start":{"line":74,"column":8},"end":{"line":74,"column":92}},"38":{"start":{"line":77,"column":8},"end":{"line":77,"column":94}},"39":{"start":{"line":81,"column":22},"end":{"line":96,"column":1}},"40":{"start":{"line":82,"column":4},"end":{"line":95,"column":5}},"41":{"start":{"line":83,"column":28},"end":{"line":83,"column":48}},"42":{"start":{"line":85,"column":24},"end":{"line":89,"column":9}},"43":{"start":{"line":91,"column":8},"end":{"line":91,"column":90}},"44":{"start":{"line":94,"column":8},"end":{"line":94,"column":92}},"45":{"start":{"line":98,"column":24},"end":{"line":106,"column":1}},"46":{"start":{"line":99,"column":4},"end":{"line":105,"column":5}},"47":{"start":{"line":100,"column":24},"end":{"line":100,"column":123}},"48":{"start":{"line":101,"column":8},"end":{"line":101,"column":93}},"49":{"start":{"line":104,"column":8},"end":{"line":104,"column":94}}},"fnMap":{"0":{"name":"(anonymous_0)","decl":{"start":{"line":3,"column":24},"end":{"line":3,"column":25}},"loc":{"start":{"line":3,"column":44},"end":{"line":14,"column":1}},"line":3},"1":{"name":"(anonymous_1)","decl":{"start":{"line":16,"column":21},"end":{"line":16,"column":22}},"loc":{"start":{"line":16,"column":41},"end":{"line":24,"column":1}},"line":16},"2":{"name":"(anonymous_2)","decl":{"start":{"line":26,"column":21},"end":{"line":26,"column":22}},"loc":{"start":{"line":26,"column":41},"end":{"line":34,"column":1}},"line":26},"3":{"name":"(anonymous_3)","decl":{"start":{"line":36,"column":28},"end":{"line":36,"column":29}},"loc":{"start":{"line":36,"column":48},"end":{"line":44,"column":1}},"line":36},"4":{"name":"(anonymous_4)","decl":{"start":{"line":46,"column":25},"end":{"line":46,"column":26}},"loc":{"start":{"line":46,"column":45},"end":{"line":54,"column":1}},"line":46},"5":{"name":"(anonymous_5)","decl":{"start":{"line":56,"column":24},"end":{"line":56,"column":25}},"loc":{"start":{"line":56,"column":44},"end":{"line":64,"column":1}},"line":56},"6":{"name":"(anonymous_6)","decl":{"start":{"line":66,"column":24},"end":{"line":66,"column":25}},"loc":{"start":{"line":66,"column":44},"end":{"line":79,"column":1}},"line":66},"7":{"name":"(anonymous_7)","decl":{"start":{"line":81,"column":22},"end":{"line":81,"column":23}},"loc":{"start":{"line":81,"column":42},"end":{"line":96,"column":1}},"line":81},"8":{"name":"(anonymous_8)","decl":{"start":{"line":98,"column":24},"end":{"line":98,"column":25}},"loc":{"start":{"line":98,"column":44},"end":{"line":106,"column":1}},"line":98}},"branchMap":{},"s":{"0":1,"1":2,"2":2,"3":0,"4":0,"5":0,"6":0,"7":0,"8":2,"9":1,"10":1,"11":1,"12":1,"13":0,"14":1,"15":1,"16":1,"17":1,"18":0,"19":1,"20":1,"21":1,"22":1,"23":0,"24":1,"25":1,"26":1,"27":1,"28":0,"29":1,"30":0,"31":0,"32":0,"33":0,"34":1,"35":1,"36":1,"37":1,"38":0,"39":1,"40":1,"41":1,"42":1,"43":1,"44":0,"45":1,"46":0,"47":0,"48":0,"49":0},"f":{"0":2,"1":1,"2":1,"3":1,"4":1,"5":0,"6":1,"7":1,"8":0},"b":{},"_coverageSchema":"1a1c01bbd47fc00a2c39e90264f33305004495a9","hash":"c39c85547715da5667e1c7740343c34810da94e3"}
,"/app/controllers/patient.controllers/home.controller.js": {"path":"/app/controllers/patient.controllers/home.controller.js","statementMap":{"0":{"start":{"line":3,"column":23},"end":{"line":22,"column":1}},"1":{"start":{"line":4,"column":4},"end":{"line":21,"column":5}},"2":{"start":{"line":5,"column":24},"end":{"line":14,"column":14}},"3":{"start":{"line":15,"column":37},"end":{"line":15,"column":110}},"4":{"start":{"line":15,"column":80},"end":{"line":15,"column":109}},"5":{"start":{"line":16,"column":35},"end":{"line":16,"column":108}},"6":{"start":{"line":16,"column":78},"end":{"line":16,"column":107}},"7":{"start":{"line":17,"column":8},"end":{"line":17,"column":63}},"8":{"start":{"line":19,"column":8},"end":{"line":19,"column":29}},"9":{"start":{"line":20,"column":8},"end":{"line":20,"column":45}}},"fnMap":{"0":{"name":"(anonymous_0)","decl":{"start":{"line":3,"column":23},"end":{"line":3,"column":24}},"loc":{"start":{"line":3,"column":43},"end":{"line":22,"column":1}},"line":3},"1":{"name":"(anonymous_1)","decl":{"start":{"line":15,"column":65},"end":{"line":15,"column":66}},"loc":{"start":{"line":15,"column":80},"end":{"line":15,"column":109}},"line":15},"2":{"name":"(anonymous_2)","decl":{"start":{"line":16,"column":63},"end":{"line":16,"column":64}},"loc":{"start":{"line":16,"column":78},"end":{"line":16,"column":107}},"line":16}},"branchMap":{},"s":{"0":1,"1":3,"2":3,"3":3,"4":0,"5":0,"6":0,"7":0,"8":3,"9":3},"f":{"0":3,"1":0,"2":0},"b":{},"_coverageSchema":"1a1c01bbd47fc00a2c39e90264f33305004495a9","hash":"109e8ee4aff02d69310d7c582bb8ddb872e16662"}
,"/app/controllers/patient.controllers/medical.record.controller.js": {"path":"/app/controllers/patient.controllers/medical.record.controller.js","statementMap":{"0":{"start":{"line":3,"column":20},"end":{"line":13,"column":1}},"1":{"start":{"line":4,"column":4},"end":{"line":12,"column":5}},"2":{"start":{"line":5,"column":25},"end":{"line":8,"column":43}},"3":{"start":{"line":9,"column":8},"end":{"line":9,"column":98}},"4":{"start":{"line":11,"column":8},"end":{"line":11,"column":93}},"5":{"start":{"line":15,"column":22},"end":{"line":25,"column":1}},"6":{"start":{"line":16,"column":4},"end":{"line":24,"column":5}},"7":{"start":{"line":17,"column":27},"end":{"line":20,"column":45}},"8":{"start":{"line":21,"column":8},"end":{"line":21,"column":100}},"9":{"start":{"line":23,"column":8},"end":{"line":23,"column":93}},"10":{"start":{"line":27,"column":21},"end":{"line":35,"column":1}},"11":{"start":{"line":28,"column":4},"end":{"line":34,"column":5}},"12":{"start":{"line":29,"column":26},"end":{"line":30,"column":37}},"13":{"start":{"line":31,"column":8},"end":{"line":31,"column":96}},"14":{"start":{"line":33,"column":8},"end":{"line":33,"column":91}}},"fnMap":{"0":{"name":"(anonymous_0)","decl":{"start":{"line":3,"column":20},"end":{"line":3,"column":21}},"loc":{"start":{"line":3,"column":40},"end":{"line":13,"column":1}},"line":3},"1":{"name":"(anonymous_1)","decl":{"start":{"line":15,"column":22},"end":{"line":15,"column":23}},"loc":{"start":{"line":15,"column":42},"end":{"line":25,"column":1}},"line":15},"2":{"name":"(anonymous_2)","decl":{"start":{"line":27,"column":21},"end":{"line":27,"column":22}},"loc":{"start":{"line":27,"column":41},"end":{"line":35,"column":1}},"line":27}},"branchMap":{},"s":{"0":1,"1":2,"2":2,"3":1,"4":1,"5":1,"6":2,"7":2,"8":1,"9":1,"10":1,"11":1,"12":1,"13":1,"14":0},"f":{"0":2,"1":2,"2":1},"b":{},"_coverageSchema":"1a1c01bbd47fc00a2c39e90264f33305004495a9","hash":"99463228ef608f81eec0aacf1cd2057cff749afd"}
,"/app/controllers/patient.controllers/profile.controller.js": {"path":"/app/controllers/patient.controllers/profile.controller.js","statementMap":{"0":{"start":{"line":3,"column":19},"end":{"line":10,"column":1}},"1":{"start":{"line":4,"column":4},"end":{"line":9,"column":5}},"2":{"start":{"line":5,"column":24},"end":{"line":5,"column":80}},"3":{"start":{"line":6,"column":8},"end":{"line":6,"column":92}},"4":{"start":{"line":8,"column":8},"end":{"line":8,"column":89}},"5":{"start":{"line":12,"column":22},"end":{"line":20,"column":1}},"6":{"start":{"line":13,"column":4},"end":{"line":19,"column":5}},"7":{"start":{"line":14,"column":24},"end":{"line":14,"column":94}},"8":{"start":{"line":15,"column":8},"end":{"line":15,"column":90}},"9":{"start":{"line":18,"column":8},"end":{"line":18,"column":92}}},"fnMap":{"0":{"name":"(anonymous_0)","decl":{"start":{"line":3,"column":19},"end":{"line":3,"column":20}},"loc":{"start":{"line":3,"column":39},"end":{"line":10,"column":1}},"line":3},"1":{"name":"(anonymous_1)","decl":{"start":{"line":12,"column":22},"end":{"line":12,"column":23}},"loc":{"start":{"line":12,"column":42},"end":{"line":20,"column":1}},"line":12}},"branchMap":{},"s":{"0":1,"1":2,"2":2,"3":1,"4":1,"5":1,"6":2,"7":2,"8":1,"9":1},"f":{"0":2,"1":2},"b":{},"_coverageSchema":"1a1c01bbd47fc00a2c39e90264f33305004495a9","hash":"2087c641c99c2a5060ee05f5f410abc38f6c4379"}
,"/app/models/admin.model.js": {"path":"/app/models/admin.model.js","statementMap":{"0":{"start":{"line":3,"column":20},"end":{"line":28,"column":24}},"1":{"start":{"line":30,"column":14},"end":{"line":30,"column":50}}},"fnMap":{},"branchMap":{},"s":{"0":1,"1":1},"f":{},"b":{},"_coverageSchema":"1a1c01bbd47fc00a2c39e90264f33305004495a9","hash":"c4f4e67c3f9953591c4aaf92667f52134f392ccd"}
,"/app/models/appointment.model.js": {"path":"/app/models/appointment.model.js","statementMap":{"0":{"start":{"line":3,"column":20},"end":{"line":46,"column":24}},"1":{"start":{"line":48,"column":20},"end":{"line":48,"column":62}}},"fnMap":{},"branchMap":{},"s":{"0":3,"1":3},"f":{},"b":{},"_coverageSchema":"1a1c01bbd47fc00a2c39e90264f33305004495a9","hash":"cc0acd5d5e03e0837d1ef25379acf27cbfcfeb13"}
,"/app/models/diagnosis.model.js": {"path":"/app/models/diagnosis.model.js","statementMap":{"0":{"start":{"line":3,"column":24},"end":{"line":26,"column":24}},"1":{"start":{"line":28,"column":18},"end":{"line":28,"column":62}}},"fnMap":{},"branchMap":{},"s":{"0":2,"1":2},"f":{},"b":{},"_coverageSchema":"1a1c01bbd47fc00a2c39e90264f33305004495a9","hash":"d1631987ce1a68088e0bf508edce2c237615c10e"}
,"/app/models/doctor.model.js": {"path":"/app/models/doctor.model.js","statementMap":{"0":{"start":{"line":3,"column":21},"end":{"line":93,"column":24}},"1":{"start":{"line":76,"column":29},"end":{"line":76,"column":31}},"2":{"start":{"line":77,"column":26},"end":{"line":77,"column":36}},"3":{"start":{"line":78,"column":12},"end":{"line":89,"column":13}},"4":{"start":{"line":78,"column":25},"end":{"line":78,"column":26}},"5":{"start":{"line":79,"column":35},"end":{"line":79,"column":50}},"6":{"start":{"line":80,"column":16},"end":{"line":80,"column":56}},"7":{"start":{"line":81,"column":34},"end":{"line":81,"column":36}},"8":{"start":{"line":82,"column":16},"end":{"line":87,"column":17}},"9":{"start":{"line":82,"column":32},"end":{"line":82,"column":33}},"10":{"start":{"line":83,"column":20},"end":{"line":86,"column":23}},"11":{"start":{"line":88,"column":16},"end":{"line":88,"column":63}},"12":{"start":{"line":90,"column":12},"end":{"line":90,"column":28}},"13":{"start":{"line":95,"column":0},"end":{"line":115,"column":2}},"14":{"start":{"line":97,"column":4},"end":{"line":97,"column":26}},"15":{"start":{"line":100,"column":18},"end":{"line":100,"column":72}},"16":{"start":{"line":101,"column":19},"end":{"line":101,"column":34}},"17":{"start":{"line":102,"column":4},"end":{"line":102,"column":40}},"18":{"start":{"line":104,"column":22},"end":{"line":104,"column":24}},"19":{"start":{"line":105,"column":4},"end":{"line":110,"column":5}},"20":{"start":{"line":105,"column":20},"end":{"line":105,"column":21}},"21":{"start":{"line":106,"column":8},"end":{"line":109,"column":11}},"22":{"start":{"line":112,"column":4},"end":{"line":112,"column":52}},"23":{"start":{"line":114,"column":4},"end":{"line":114,"column":22}},"24":{"start":{"line":117,"column":15},"end":{"line":117,"column":53}}},"fnMap":{"0":{"name":"(anonymous_0)","decl":{"start":{"line":74,"column":17},"end":{"line":74,"column":18}},"loc":{"start":{"line":74,"column":23},"end":{"line":91,"column":9}},"line":74},"1":{"name":"(anonymous_1)","decl":{"start":{"line":95,"column":38},"end":{"line":95,"column":39}},"loc":{"start":{"line":95,"column":56},"end":{"line":115,"column":1}},"line":95}},"branchMap":{"0":{"loc":{"start":{"line":84,"column":33},"end":{"line":84,"column":53}},"type":"cond-expr","locations":[{"start":{"line":84,"column":45},"end":{"line":84,"column":48}},{"start":{"line":84,"column":51},"end":{"line":84,"column":53}}],"line":84},"1":{"loc":{"start":{"line":107,"column":21},"end":{"line":107,"column":41}},"type":"cond-expr","locations":[{"start":{"line":107,"column":33},"end":{"line":107,"column":36}},{"start":{"line":107,"column":39},"end":{"line":107,"column":41}}],"line":107}},"s":{"0":10,"1":6,"2":6,"3":6,"4":6,"5":84,"6":84,"7":84,"8":84,"9":84,"10":756,"11":84,"12":6,"13":10,"14":1,"15":1,"16":1,"17":1,"18":1,"19":1,"20":1,"21":9,"22":1,"23":1,"24":10},"f":{"0":6,"1":1},"b":{"0":[168,588],"1":[2,7]},"_coverageSchema":"1a1c01bbd47fc00a2c39e90264f33305004495a9","hash":"7baeff66fea331d8c1dfc421368930e15965ed78"}
,"/app/models/hospital.model.js": {"path":"/app/models/hospital.model.js","statementMap":{"0":{"start":{"line":3,"column":23},"end":{"line":54,"column":24}},"1":{"start":{"line":56,"column":17},"end":{"line":56,"column":59}}},"fnMap":{},"branchMap":{},"s":{"0":6,"1":6},"f":{},"b":{},"_coverageSchema":"1a1c01bbd47fc00a2c39e90264f33305004495a9","hash":"a08c9368ef5d3347e13f14c962c1f377aeeb8db9"}
,"/app/models/lab.technician.model.js": {"path":"/app/models/lab.technician.model.js","statementMap":{"0":{"start":{"line":3,"column":28},"end":{"line":52,"column":24}},"1":{"start":{"line":54,"column":22},"end":{"line":54,"column":74}}},"fnMap":{},"branchMap":{},"s":{"0":5,"1":5},"f":{},"b":{},"_coverageSchema":"1a1c01bbd47fc00a2c39e90264f33305004495a9","hash":"22516dc08e303cb107f5f5735d98885515002c78"}
,"/app/models/lab.test.model.js": {"path":"/app/models/lab.test.model.js","statementMap":{"0":{"start":{"line":3,"column":22},"end":{"line":40,"column":24}},"1":{"start":{"line":42,"column":16},"end":{"line":42,"column":56}}},"fnMap":{},"branchMap":{},"s":{"0":7,"1":7},"f":{},"b":{},"_coverageSchema":"1a1c01bbd47fc00a2c39e90264f33305004495a9","hash":"85aef52c41fb049bc7bd378debe93e9267bb0342"}
,"/app/models/patient.model.js": {"path":"/app/models/patient.model.js","statementMap":{"0":{"start":{"line":3,"column":22},"end":{"line":91,"column":24}},"1":{"start":{"line":93,"column":16},"end":{"line":93,"column":56}}},"fnMap":{},"branchMap":{},"s":{"0":8,"1":8},"f":{},"b":{},"_coverageSchema":"1a1c01bbd47fc00a2c39e90264f33305004495a9","hash":"5d031ebbb71157b4fa99d04a3790ce809d97786d"}
,"/app/models/polyclinic.model.js": {"path":"/app/models/polyclinic.model.js","statementMap":{"0":{"start":{"line":3,"column":25},"end":{"line":17,"column":24}},"1":{"start":{"line":19,"column":19},"end":{"line":19,"column":65}}},"fnMap":{},"branchMap":{},"s":{"0":4,"1":4},"f":{},"b":{},"_coverageSchema":"1a1c01bbd47fc00a2c39e90264f33305004495a9","hash":"3cd2f1a8b5bd264e16484ddc24034387e41c5cea"}
,"/app/models/prescription.model.js": {"path":"/app/models/prescription.model.js","statementMap":{"0":{"start":{"line":3,"column":21},"end":{"line":27,"column":24}},"1":{"start":{"line":29,"column":21},"end":{"line":29,"column":65}}},"fnMap":{},"branchMap":{},"s":{"0":2,"1":2},"f":{},"b":{},"_coverageSchema":"1a1c01bbd47fc00a2c39e90264f33305004495a9","hash":"7d3b9f1bf64a309c8810b4c5de7b92e5428cc07e"}
,"/app/models/treatment.model.js": {"path":"/app/models/treatment.model.js","statementMap":{"0":{"start":{"line":3,"column":24},"end":{"line":48,"column":24}},"1":{"start":{"line":50,"column":18},"end":{"line":50,"column":62}}},"fnMap":{},"branchMap":{},"s":{"0":1,"1":1},"f":{},"b":{},"_coverageSchema":"1a1c01bbd47fc00a2c39e90264f33305004495a9","hash":"aba94caa9930273a8989e2c349887bd30c20a593"}
,"/app/utils/generateJwt.js": {"path":"/app/utils/generateJwt.js","statementMap":{"0":{"start":{"line":3,"column":28},"end":{"line":18,"column":1}},"1":{"start":{"line":4,"column":24},"end":{"line":4,"column":94}},"2":{"start":{"line":5,"column":25},"end":{"line":5,"column":102}},"3":{"start":{"line":7,"column":4},"end":{"line":11,"column":7}},"4":{"start":{"line":13,"column":4},"end":{"line":17,"column":7}}},"fnMap":{"0":{"name":"(anonymous_0)","decl":{"start":{"line":3,"column":28},"end":{"line":3,"column":29}},"loc":{"start":{"line":3,"column":45},"end":{"line":18,"column":1}},"line":3}},"branchMap":{},"s":{"0":2,"1":2,"2":1,"3":1,"4":1},"f":{"0":2},"b":{},"_coverageSchema":"1a1c01bbd47fc00a2c39e90264f33305004495a9","hash":"3647ed02c502fecce837a9281927083e4999aeb4"}
}
