TN:
SF:controllers/admin.controllers/doctor.controller.js
FN:4,(anonymous_0)
FN:21,(anonymous_1)
FN:30,(anonymous_2)
FN:39,(anonymous_3)
FN:84,(anonymous_4)
FN:96,(anonymous_5)
FNF:6
FNH:6
FNDA:2,(anonymous_0)
FNDA:2,(anonymous_1)
FNDA:5,(anonymous_2)
FNDA:3,(anonymous_3)
FNDA:1,(anonymous_4)
FNDA:1,(anonymous_5)
DA:4,1
DA:5,2
DA:7,2
DA:11,0
DA:16,2
DA:21,1
DA:22,2
DA:23,2
DA:24,0
DA:26,2
DA:30,1
DA:31,5
DA:32,5
DA:33,2
DA:35,3
DA:39,1
DA:40,3
DA:52,3
DA:54,3
DA:56,3
DA:57,1
DA:60,2
DA:62,2
DA:76,2
DA:78,0
DA:80,2
DA:84,1
DA:85,1
DA:86,1
DA:89,1
DA:92,0
DA:96,1
DA:97,1
DA:98,1
DA:99,1
DA:101,0
LF:36
LH:31
BRDA:56,0,0,1
BRDA:56,0,1,2
BRF:2
BRH:2
end_of_record
TN:
SF:controllers/admin.controllers/hospital.controller.js
FN:7,(anonymous_0)
FN:19,(anonymous_1)
FN:62,(anonymous_2)
FN:113,(anonymous_3)
FN:168,(anonymous_4)
FN:218,(anonymous_5)
FNF:6
FNH:5
FNDA:2,(anonymous_0)
FNDA:2,(anonymous_1)
FNDA:3,(anonymous_2)
FNDA:4,(anonymous_3)
FNDA:0,(anonymous_4)
FNDA:3,(anonymous_5)
DA:7,1
DA:8,2
DA:9,2
DA:11,1
DA:12,1
DA:15,1
DA:19,1
DA:20,2
DA:21,2
DA:54,2
DA:55,1
DA:58,0
DA:62,1
DA:63,3
DA:64,3
DA:66,3
DA:73,1
DA:76,2
DA:78,2
DA:79,0
DA:82,2
DA:91,2
DA:92,0
DA:93,0
DA:96,2
DA:97,0
DA:100,2
DA:102,1
DA:103,1
DA:109,1
DA:113,1
DA:114,4
DA:124,4
DA:126,4
DA:127,2
DA:128,1
DA:132,1
DA:133,1
DA:134,1
DA:135,1
DA:136,1
DA:139,1
DA:140,0
DA:141,0
DA:146,0
DA:151,1
DA:152,0
DA:153,0
DA:156,0
DA:157,0
DA:158,0
DA:159,0
DA:160,0
DA:166,1
DA:168,0
DA:169,0
DA:171,0
DA:172,0
DA:173,0
DA:174,0
DA:175,0
DA:180,0
DA:181,0
DA:182,0
DA:184,0
DA:185,0
DA:188,0
DA:189,0
DA:194,1
DA:195,0
DA:196,0
DA:197,0
DA:198,0
DA:201,1
DA:205,1
DA:207,0
DA:209,3
DA:210,3
DA:218,1
DA:219,3
DA:220,3
DA:222,2
DA:224,1
LF:83
LH:49
BRDA:11,0,0,1
BRDA:11,0,1,0
BRDA:54,1,0,1
BRDA:54,1,1,1
BRDA:64,2,0,3
BRDA:64,3,0,3
BRDA:64,4,0,3
BRDA:66,5,0,1
BRDA:66,5,1,2
BRDA:67,6,0,3
BRDA:67,6,1,3
BRDA:67,6,2,2
BRDA:67,6,3,2
BRDA:67,6,4,2
BRDA:78,7,0,0
BRDA:78,7,1,2
BRDA:102,8,0,1
BRDA:102,8,1,0
BRDA:118,9,0,4
BRDA:122,10,0,4
BRDA:123,11,0,4
BRDA:127,12,0,1
BRDA:127,12,1,1
BRDA:132,13,0,1
BRDA:132,13,1,0
BRDA:133,14,0,1
BRDA:133,14,1,0
BRDA:134,15,0,1
BRDA:134,15,1,1
BRDA:135,16,0,1
BRDA:135,16,1,0
BRDA:136,17,0,1
BRDA:136,17,1,1
BRDA:139,18,0,0
BRDA:139,18,1,1
BRDA:139,19,0,1
BRDA:139,19,1,1
BRDA:151,20,0,0
BRDA:151,20,1,1
BRDA:151,21,0,1
BRDA:151,21,1,1
BRDA:158,22,0,0
BRDA:158,22,1,0
BRDA:166,23,0,0
BRDA:166,23,1,1
BRDA:166,24,0,1
BRDA:166,24,1,1
BRDA:173,25,0,0
BRDA:173,25,1,0
BRDA:182,26,0,0
BRDA:182,26,1,0
BRDA:184,27,0,0
BRDA:184,27,1,0
BRDA:196,28,0,0
BRDA:196,28,1,0
BRF:55
BRH:36
end_of_record
TN:
SF:controllers/admin.controllers/labtechnician.controller.js
FN:4,(anonymous_0)
FN:53,(anonymous_1)
FN:62,(anonymous_2)
FN:71,(anonymous_3)
FN:83,(anonymous_4)
FNF:5
FNH:5
FNDA:2,(anonymous_0)
FNDA:2,(anonymous_1)
FNDA:1,(anonymous_2)
FNDA:1,(anonymous_3)
FNDA:1,(anonymous_4)
DA:4,1
DA:5,2
DA:18,2
DA:20,2
DA:22,2
DA:23,1
DA:26,1
DA:28,1
DA:43,1
DA:45,1
DA:48,0
DA:49,0
DA:53,1
DA:54,2
DA:55,2
DA:56,1
DA:58,1
DA:62,1
DA:63,1
DA:64,1
DA:65,0
DA:67,1
DA:71,1
DA:72,1
DA:73,1
DA:76,1
DA:79,0
DA:83,1
DA:84,1
DA:85,1
DA:86,1
DA:88,0
LF:32
LH:27
BRDA:22,0,0,1
BRDA:22,0,1,1
BRF:2
BRH:2
end_of_record
TN:
SF:controllers/admin.controllers/polyclinic.controller.js
FN:5,(anonymous_0)
FN:26,(anonymous_1)
FN:42,(anonymous_2)
FN:76,(anonymous_3)
FN:92,(anonymous_4)
FN:130,(anonymous_5)
FNF:6
FNH:4
FNDA:2,(anonymous_0)
FNDA:2,(anonymous_1)
FNDA:0,(anonymous_2)
FNDA:2,(anonymous_3)
FNDA:0,(anonymous_4)
FNDA:2,(anonymous_5)
DA:5,1
DA:6,2
DA:7,2
DA:10,2
DA:15,1
DA:16,0
DA:19,1
DA:21,1
DA:26,1
DA:27,2
DA:28,2
DA:30,2
DA:31,1
DA:35,1
DA:37,0
DA:38,0
DA:42,0
DA:44,0
DA:45,0
DA:49,0
DA:56,0
DA:57,0
DA:58,0
DA:59,0
DA:60,0
DA:61,0
DA:66,0
DA:67,0
DA:69,0
DA:72,1
DA:76,1
DA:77,2
DA:78,2
DA:81,2
DA:83,0
DA:84,0
DA:88,0
DA:91,0
DA:92,0
DA:96,0
DA:97,0
DA:98,0
DA:99,0
DA:100,0
DA:101,0
DA:102,0
DA:107,0
DA:108,0
DA:109,0
DA:110,0
DA:111,0
DA:112,0
DA:117,0
DA:120,0
DA:122,0
DA:124,2
DA:130,1
DA:131,2
DA:132,2
DA:134,1
DA:136,1
LF:61
LH:24
BRDA:15,0,0,0
BRDA:15,0,1,1
BRDA:28,1,0,1
BRDA:30,2,0,1
BRDA:30,2,1,1
BRDA:30,3,0,2
BRDA:30,3,1,1
BRDA:37,4,0,0
BRDA:37,4,1,0
BRDA:44,5,0,0
BRDA:44,5,1,0
BRDA:58,6,0,0
BRDA:58,6,1,0
BRDA:78,7,0,1
BRDA:83,8,0,0
BRDA:83,8,1,0
BRDA:88,9,0,0
BRDA:88,9,1,0
BRDA:98,10,0,0
BRDA:98,10,1,0
BRDA:98,11,0,0
BRDA:98,11,1,0
BRDA:109,12,0,0
BRDA:109,12,1,0
BRF:24
BRH:7
end_of_record
TN:
SF:controllers/doctor.controllers/auth.controller.js
FN:4,(anonymous_0)
FNF:1
FNH:1
FNDA:6,(anonymous_0)
DA:4,1
DA:5,6
DA:6,6
DA:8,6
DA:9,1
DA:12,5
DA:13,1
DA:16,4
DA:18,3
DA:19,1
DA:22,2
DA:24,2
DA:25,1
DA:28,1
DA:29,1
DA:31,1
DA:32,1
DA:34,1
DA:37,1
DA:38,1
LF:20
LH:20
BRDA:8,0,0,1
BRDA:8,0,1,5
BRDA:8,1,0,6
BRDA:8,1,1,5
BRDA:8,1,2,5
BRDA:12,2,0,1
BRDA:12,2,1,4
BRDA:18,3,0,1
BRDA:18,3,1,2
BRDA:24,4,0,1
BRDA:24,4,1,1
BRF:11
BRH:11
end_of_record
TN:
SF:controllers/doctor.controllers/patient.controller.js
FN:11,(anonymous_0)
FN:43,(anonymous_1)
FN:61,(anonymous_2)
FN:62,(anonymous_3)
FN:77,(anonymous_4)
FN:159,(anonymous_5)
FN:219,(anonymous_6)
FN:245,(anonymous_7)
FN:260,(anonymous_8)
FN:296,(anonymous_9)
FNF:10
FNH:10
FNDA:2,(anonymous_0)
FNDA:2,(anonymous_1)
FNDA:1,(anonymous_2)
FNDA:1,(anonymous_3)
FNDA:2,(anonymous_4)
FNDA:2,(anonymous_5)
FNDA:2,(anonymous_6)
FNDA:2,(anonymous_7)
FNDA:2,(anonymous_8)
FNDA:5,(anonymous_9)
DA:11,1
DA:12,2
DA:13,2
DA:16,2
DA:26,2
DA:27,1
DA:31,1
DA:33,1
DA:38,0
DA:43,1
DA:44,2
DA:46,2
DA:59,2
DA:60,2
DA:61,1
DA:63,1
DA:64,1
DA:65,1
DA:67,0
DA:70,2
DA:72,0
DA:77,1
DA:78,2
DA:79,2
DA:80,2
DA:83,2
DA:84,2
DA:85,1
DA:88,1
DA:91,1
DA:148,1
DA:150,0
DA:151,0
DA:159,1
DA:160,2
DA:161,2
DA:162,2
DA:164,2
DA:165,0
DA:168,2
DA:171,2
DA:182,2
DA:183,1
DA:187,1
DA:188,1
DA:189,0
DA:193,1
DA:200,1
DA:203,1
DA:204,1
DA:205,0
DA:208,1
DA:209,1
DA:211,1
DA:213,0
DA:214,0
DA:219,1
DA:220,2
DA:221,2
DA:222,0
DA:225,2
DA:227,2
DA:229,2
DA:230,1
DA:233,1
DA:234,1
DA:236,1
DA:238,1
DA:241,0
DA:245,1
DA:246,2
DA:247,2
DA:248,1
DA:251,1
DA:253,1
DA:256,0
DA:260,1
DA:261,2
DA:262,2
DA:263,2
DA:266,2
DA:267,2
DA:268,0
DA:271,2
DA:274,2
DA:280,2
DA:281,1
DA:285,1
DA:290,0
DA:291,0
DA:296,1
DA:297,5
DA:298,5
DA:299,5
DA:300,5
DA:303,5
DA:304,1
DA:308,4
DA:312,4
DA:313,0
DA:316,4
DA:317,4
DA:320,4
DA:321,4
DA:322,1
DA:326,3
DA:327,1
DA:331,2
DA:332,1
DA:336,1
DA:348,1
DA:351,1
DA:352,1
DA:353,0
DA:356,1
DA:357,1
DA:360,1
DA:361,1
DA:362,0
DA:365,1
DA:366,1
DA:369,1
DA:370,1
DA:373,1
DA:378,0
DA:379,0
LF:126
LH:105
BRDA:26,0,0,1
BRDA:26,0,1,1
BRDA:26,1,0,2
BRDA:26,1,1,2
BRDA:63,2,0,1
BRDA:63,2,1,0
BRDA:84,3,0,1
BRDA:84,3,1,1
BRDA:84,4,0,2
BRDA:84,4,1,1
BRDA:164,5,0,0
BRDA:164,5,1,2
BRDA:182,6,0,1
BRDA:182,6,1,1
BRDA:182,7,0,2
BRDA:182,7,1,2
BRDA:188,8,0,0
BRDA:188,8,1,1
BRDA:204,9,0,0
BRDA:204,9,1,1
BRDA:221,10,0,0
BRDA:221,10,1,2
BRDA:229,11,0,1
BRDA:229,11,1,1
BRDA:247,12,0,1
BRDA:247,12,1,1
BRDA:267,13,0,0
BRDA:267,13,1,2
BRDA:267,14,0,2
BRDA:267,14,1,2
BRDA:280,15,0,1
BRDA:280,15,1,1
BRDA:303,16,0,1
BRDA:303,16,1,4
BRDA:303,17,0,5
BRDA:303,17,1,5
BRDA:303,17,2,4
BRDA:303,17,3,4
BRDA:303,17,4,4
BRDA:312,18,0,0
BRDA:312,18,1,4
BRDA:312,19,0,4
BRDA:312,19,1,4
BRDA:312,19,2,4
BRDA:321,20,0,1
BRDA:321,20,1,3
BRDA:326,21,0,1
BRDA:326,21,1,2
BRDA:331,22,0,1
BRDA:331,22,1,1
BRDA:352,23,0,0
BRDA:352,23,1,1
BRDA:361,24,0,0
BRDA:361,24,1,1
BRF:54
BRH:45
end_of_record
TN:
SF:controllers/lab.controllers/auth.controller.js
FN:4,(anonymous_0)
FNF:1
FNH:1
FNDA:6,(anonymous_0)
DA:4,1
DA:5,6
DA:6,6
DA:8,6
DA:9,1
DA:12,5
DA:13,1
DA:16,4
DA:18,3
DA:19,1
DA:22,2
DA:24,2
DA:25,1
DA:28,1
DA:29,1
DA:31,1
DA:32,1
DA:34,1
DA:37,1
DA:38,1
LF:20
LH:20
BRDA:8,0,0,1
BRDA:8,0,1,5
BRDA:8,1,0,6
BRDA:8,1,1,5
BRDA:8,1,2,5
BRDA:12,2,0,1
BRDA:12,2,1,4
BRDA:18,3,0,1
BRDA:18,3,1,2
BRDA:24,4,0,1
BRDA:24,4,1,1
BRF:11
BRH:11
end_of_record
TN:
SF:controllers/lab.controllers/home.controller.js
FN:5,(anonymous_0)
FN:47,(anonymous_1)
FNF:2
FNH:2
FNDA:3,(anonymous_0)
FNDA:3,(anonymous_1)
DA:5,1
DA:6,3
DA:7,3
DA:9,3
DA:36,2
DA:37,1
DA:40,1
DA:42,1
DA:43,1
DA:47,1
DA:48,3
DA:49,3
DA:52,3
DA:53,2
DA:54,1
DA:58,1
DA:59,1
DA:60,1
DA:62,1
DA:65,1
DA:69,0
DA:74,2
DA:75,2
LF:23
LH:22
BRDA:36,0,0,1
BRDA:36,0,1,1
BRDA:53,1,0,1
BRDA:53,1,1,1
BRDA:59,2,0,1
BRDA:59,2,1,0
BRF:6
BRH:5
end_of_record
TN:
SF:controllers/lab.controllers/test.controller.js
FN:7,(anonymous_0)
FN:47,(anonymous_1)
FN:68,(anonymous_2)
FN:104,(anonymous_3)
FN:105,(anonymous_4)
FN:106,(anonymous_5)
FN:121,(anonymous_6)
FN:122,(anonymous_7)
FN:123,(anonymous_8)
FNF:9
FNH:7
FNDA:3,(anonymous_0)
FNDA:3,(anonymous_1)
FNDA:2,(anonymous_2)
FNDA:2,(anonymous_3)
FNDA:0,(anonymous_4)
FNDA:1,(anonymous_5)
FNDA:2,(anonymous_6)
FNDA:0,(anonymous_7)
FNDA:1,(anonymous_8)
DA:7,1
DA:8,3
DA:9,3
DA:35,2
DA:36,1
DA:39,1
DA:42,1
DA:43,1
DA:47,1
DA:48,3
DA:49,3
DA:52,3
DA:53,2
DA:54,1
DA:58,1
DA:60,1
DA:62,1
DA:63,1
DA:68,1
DA:69,2
DA:71,2
DA:74,2
DA:98,2
DA:99,0
DA:103,2
DA:104,2
DA:105,0
DA:106,1
DA:120,2
DA:121,2
DA:122,0
DA:123,1
DA:139,2
DA:141,0
DA:142,0
LF:35
LH:30
BRDA:35,0,0,1
BRDA:35,0,1,1
BRDA:53,1,0,1
BRDA:53,1,1,1
BRDA:98,2,0,0
BRDA:98,2,1,2
BRDA:98,3,0,2
BRDA:98,3,1,2
BRDA:98,3,2,2
BRF:9
BRH:8
end_of_record
TN:
SF:controllers/patient.controllers/appointment.controller.js
FN:10,(anonymous_0)
FN:26,(anonymous_1)
FN:51,(anonymous_2)
FN:64,(anonymous_3)
FN:118,(anonymous_4)
FN:139,(anonymous_5)
FN:179,(anonymous_6)
FN:215,(anonymous_7)
FN:240,(anonymous_8)
FN:245,(anonymous_9)
FNF:10
FNH:10
FNDA:4,(anonymous_0)
FNDA:1,(anonymous_1)
FNDA:6,(anonymous_2)
FNDA:5,(anonymous_3)
FNDA:3,(anonymous_4)
FNDA:3,(anonymous_5)
FNDA:1,(anonymous_6)
FNDA:5,(anonymous_7)
FNDA:1,(anonymous_8)
FNDA:1,(anonymous_9)
DA:10,1
DA:11,4
DA:13,4
DA:14,1
DA:16,3
DA:17,1
DA:21,2
DA:26,2
DA:29,2
DA:30,2
DA:31,1
DA:34,1
DA:35,1
DA:38,1
DA:42,2
DA:45,0
DA:46,0
DA:51,1
DA:52,6
DA:53,6
DA:55,6
DA:57,6
DA:58,6
DA:59,6
DA:61,6
DA:62,6
DA:64,6
DA:65,5
DA:68,6
DA:80,3
DA:81,1
DA:92,1
DA:93,1
DA:95,1
DA:108,3
DA:109,3
DA:114,3
DA:115,0
DA:118,3
DA:120,3
DA:121,1
DA:124,2
DA:125,1
DA:128,1
DA:130,1
DA:132,1
DA:135,3
DA:139,1
DA:140,3
DA:141,3
DA:161,1
DA:162,0
DA:165,1
DA:168,1
DA:170,1
DA:171,1
DA:172,2
DA:173,2
DA:174,2
DA:179,1
DA:181,1
DA:187,2
DA:215,1
DA:216,5
DA:217,5
DA:220,5
DA:221,1
DA:225,4
DA:228,4
DA:229,2
DA:233,2
DA:234,1
DA:239,1
DA:240,1
DA:241,1
DA:244,1
DA:245,1
DA:246,1
DA:247,1
DA:249,1
DA:253,1
DA:258,1
DA:263,1
DA:265,1
DA:267,0
DA:268,0
LF:86
LH:80
BRDA:13,0,0,1
BRDA:13,0,1,3
BRDA:16,1,0,1
BRDA:16,1,1,2
BRDA:80,2,0,1
BRDA:80,2,1,2
BRDA:114,3,0,0
BRDA:114,3,1,3
BRDA:120,4,0,1
BRDA:120,4,1,2
BRDA:124,5,0,1
BRDA:124,5,1,1
BRDA:161,6,0,0
BRDA:161,6,1,1
BRDA:168,7,0,1
BRDA:168,7,1,0
BRDA:172,8,0,2
BRDA:172,8,1,0
BRDA:172,9,0,2
BRDA:172,9,1,2
BRDA:220,10,0,1
BRDA:220,10,1,4
BRDA:228,11,0,2
BRDA:228,11,1,2
BRDA:233,12,0,1
BRDA:233,12,1,1
BRDA:244,13,0,1
BRDA:244,13,1,0
BRDA:246,14,0,1
BRDA:246,14,1,0
BRF:30
BRH:24
end_of_record
TN:
SF:controllers/patient.controllers/auth.controller.js
FN:5,(anonymous_0)
FN:76,(anonymous_1)
FNF:2
FNH:2
FNDA:4,(anonymous_0)
FNDA:5,(anonymous_1)
DA:5,1
DA:6,4
DA:7,4
DA:9,4
DA:22,1
DA:25,3
DA:26,1
DA:29,2
DA:31,2
DA:32,1
DA:35,1
DA:36,1
DA:38,1
DA:52,1
DA:53,1
DA:54,1
DA:72,0
DA:73,0
DA:76,1
DA:77,5
DA:78,5
DA:80,4
DA:81,1
DA:84,3
DA:85,1
DA:88,2
DA:90,2
DA:91,0
DA:94,2
DA:96,2
DA:97,1
DA:100,1
DA:101,1
DA:103,1
DA:104,1
DA:106,1
DA:109,1
DA:110,1
LF:38
LH:35
BRDA:9,0,0,1
BRDA:9,0,1,3
BRDA:10,1,0,4
BRDA:10,1,1,4
BRDA:10,1,2,3
BRDA:10,1,3,3
BRDA:10,1,4,3
BRDA:10,1,5,3
BRDA:10,1,6,3
BRDA:10,1,7,3
BRDA:10,1,8,3
BRDA:10,1,9,3
BRDA:10,1,10,3
BRDA:25,2,0,1
BRDA:25,2,1,2
BRDA:31,3,0,1
BRDA:31,3,1,1
BRDA:52,4,0,1
BRDA:52,4,1,0
BRDA:80,5,0,1
BRDA:80,5,1,3
BRDA:80,6,0,4
BRDA:80,6,1,3
BRDA:80,6,2,3
BRDA:84,7,0,1
BRDA:84,7,1,2
BRDA:90,8,0,0
BRDA:90,8,1,2
BRDA:96,9,0,1
BRDA:96,9,1,1
BRF:30
BRH:28
end_of_record
TN:
SF:controllers/patient.controllers/health.metric.controller.js
FN:3,(anonymous_0)
FN:16,(anonymous_1)
FN:26,(anonymous_2)
FN:36,(anonymous_3)
FN:46,(anonymous_4)
FN:56,(anonymous_5)
FN:66,(anonymous_6)
FN:81,(anonymous_7)
FN:98,(anonymous_8)
FNF:9
FNH:9
FNDA:2,(anonymous_0)
FNDA:2,(anonymous_1)
FNDA:2,(anonymous_2)
FNDA:2,(anonymous_3)
FNDA:2,(anonymous_4)
FNDA:2,(anonymous_5)
FNDA:2,(anonymous_6)
FNDA:2,(anonymous_7)
FNDA:2,(anonymous_8)
DA:3,1
DA:4,2
DA:5,2
DA:6,1
DA:7,1
DA:8,0
DA:9,0
DA:10,0
DA:12,2
DA:16,1
DA:17,2
DA:18,2
DA:19,1
DA:22,1
DA:26,1
DA:27,2
DA:28,2
DA:29,1
DA:32,1
DA:36,1
DA:37,2
DA:38,2
DA:39,1
DA:42,1
DA:46,1
DA:47,2
DA:48,2
DA:49,1
DA:52,1
DA:56,1
DA:57,2
DA:58,2
DA:59,1
DA:62,1
DA:66,1
DA:67,2
DA:68,2
DA:74,1
DA:77,1
DA:81,1
DA:82,2
DA:83,2
DA:85,2
DA:91,1
DA:94,1
DA:98,1
DA:99,2
DA:100,2
DA:101,1
DA:104,1
LF:50
LH:47
BRF:0
BRH:0
end_of_record
TN:
SF:controllers/patient.controllers/home.controller.js
FN:3,(anonymous_0)
FN:22,(anonymous_1)
FN:23,(anonymous_2)
FN:27,(anonymous_3)
FN:28,(anonymous_4)
FNF:5
FNH:4
FNDA:5,(anonymous_0)
FNDA:4,(anonymous_1)
FNDA:1,(anonymous_2)
FNDA:4,(anonymous_3)
FNDA:0,(anonymous_4)
DA:3,1
DA:4,5
DA:5,5
DA:16,4
DA:17,1
DA:21,3
DA:22,4
DA:23,1
DA:26,3
DA:27,4
DA:28,0
DA:30,3
DA:32,1
DA:33,1
LF:14
LH:13
BRDA:16,0,0,1
BRDA:16,0,1,3
BRF:2
BRH:2
end_of_record
TN:
SF:controllers/patient.controllers/medical.record.controller.js
FN:3,(anonymous_0)
FN:38,(anonymous_1)
FN:50,(anonymous_2)
FNF:3
FNH:3
FNDA:4,(anonymous_0)
FNDA:3,(anonymous_1)
FNDA:5,(anonymous_2)
DA:3,1
DA:4,4
DA:6,4
DA:23,3
DA:24,1
DA:27,2
DA:32,1
DA:38,1
DA:39,3
DA:40,3
DA:44,2
DA:46,1
DA:50,1
DA:51,5
DA:52,5
DA:54,3
DA:56,2
LF:17
LH:17
BRDA:23,0,0,1
BRDA:23,0,1,2
BRF:2
BRH:2
end_of_record
TN:
SF:controllers/patient.controllers/profile.controller.js
FN:3,(anonymous_0)
FN:12,(anonymous_1)
FNF:2
FNH:2
FNDA:2,(anonymous_0)
FNDA:2,(anonymous_1)
DA:3,1
DA:4,2
DA:5,2
DA:6,1
DA:8,1
DA:12,1
DA:13,2
DA:14,2
DA:15,1
DA:18,1
LF:10
LH:10
BRF:0
BRH:0
end_of_record
TN:
SF:models/admin.model.js
FNF:0
FNH:0
DA:3,1
DA:30,1
LF:2
LH:2
BRF:0
BRH:0
end_of_record
TN:
SF:models/appointment.model.js
FNF:0
FNH:0
DA:3,4
DA:48,4
LF:2
LH:2
BRF:0
BRH:0
end_of_record
TN:
SF:models/diagnosis.model.js
FNF:0
FNH:0
DA:3,2
DA:28,2
LF:2
LH:2
BRF:0
BRH:0
end_of_record
TN:
SF:models/doctor.model.js
FN:78,(anonymous_0)
FN:106,(anonymous_1)
FNF:2
FNH:2
FNDA:23,(anonymous_0)
FNDA:9,(anonymous_1)
DA:3,9
DA:80,23
DA:81,23
DA:82,23
DA:83,23
DA:85,23
DA:87,460
DA:88,322
DA:89,322
DA:90,2898
DA:95,322
DA:96,322
DA:99,460
DA:101,23
DA:106,9
DA:108,9
DA:109,9
DA:110,9
DA:114,9
DA:115,9
DA:117,9
DA:120,8
DA:123,8
DA:125,8
DA:126,12
DA:127,12
DA:128,12
DA:129,8
DA:130,8
DA:131,72
DA:136,8
DA:137,8
DA:142,8
DA:145,8
DA:152,9
LF:35
LH:35
BRDA:87,0,0,322
BRDA:87,0,1,138
BRDA:87,1,0,460
BRDA:87,1,1,391
BRDA:91,2,0,644
BRDA:91,2,1,2254
BRDA:117,3,0,8
BRDA:117,3,1,1
BRDA:128,4,0,8
BRDA:128,4,1,4
BRDA:128,5,0,12
BRDA:128,5,1,9
BRDA:132,6,0,16
BRDA:132,6,1,56
BRF:14
BRH:14
end_of_record
TN:
SF:models/hospital.model.js
FNF:0
FNH:0
DA:3,8
DA:56,8
LF:2
LH:2
BRF:0
BRH:0
end_of_record
TN:
SF:models/lab.technician.model.js
FNF:0
FNH:0
DA:3,8
DA:54,8
LF:2
LH:2
BRF:0
BRH:0
end_of_record
TN:
SF:models/lab.test.model.js
FNF:0
FNH:0
DA:3,6
DA:47,6
LF:2
LH:2
BRF:0
BRH:0
end_of_record
TN:
SF:models/patient.model.js
FNF:0
FNH:0
DA:3,9
DA:93,9
LF:2
LH:2
BRF:0
BRH:0
end_of_record
TN:
SF:models/polyclinic.model.js
FNF:0
FNH:0
DA:3,6
DA:19,6
LF:2
LH:2
BRF:0
BRH:0
end_of_record
TN:
SF:models/prescription.model.js
FNF:0
FNH:0
DA:3,2
DA:39,2
LF:2
LH:2
BRF:0
BRH:0
end_of_record
TN:
SF:models/treatment.model.js
FNF:0
FNH:0
DA:3,1
DA:50,1
LF:2
LH:2
BRF:0
BRH:0
end_of_record
TN:
SF:utils/generateJwt.js
FN:3,(anonymous_0)
FNF:1
FNH:1
FNDA:4,(anonymous_0)
DA:3,3
DA:4,4
DA:5,2
DA:7,2
DA:13,2
LF:5
LH:5
BRF:0
BRH:0
end_of_record
