TN:
SF:controllers/admin.controllers/doctor.controller.js
FN:4,(anonymous_0)
FN:13,(anonymous_1)
FN:22,(anonymous_2)
FN:31,(anonymous_3)
FN:76,(anonymous_4)
FN:88,(anonymous_5)
FNF:6
FNH:6
FNDA:2,(anonymous_0)
FNDA:2,(anonymous_1)
FNDA:2,(anonymous_2)
FNDA:3,(anonymous_3)
FNDA:2,(anonymous_4)
FNDA:2,(anonymous_5)
DA:4,1
DA:5,2
DA:6,2
DA:7,1
DA:9,1
DA:13,1
DA:14,2
DA:15,2
DA:16,1
DA:18,1
DA:22,1
DA:23,2
DA:24,2
DA:25,1
DA:27,1
DA:31,1
DA:32,3
DA:44,3
DA:46,3
DA:48,3
DA:49,0
DA:52,3
DA:54,3
DA:68,3
DA:70,3
DA:72,0
DA:76,1
DA:77,2
DA:78,2
DA:81,1
DA:84,1
DA:88,1
DA:89,2
DA:90,2
DA:91,1
DA:93,1
LF:36
LH:34
BRDA:48,0,0,0
BRDA:48,0,1,3
BRF:2
BRH:1
end_of_record
TN:
SF:controllers/admin.controllers/hospital.controller.js
FN:6,(anonymous_0)
FN:18,(anonymous_1)
FN:61,(anonymous_2)
FN:114,(anonymous_3)
FN:158,(anonymous_4)
FNF:5
FNH:5
FNDA:2,(anonymous_0)
FNDA:2,(anonymous_1)
FNDA:4,(anonymous_2)
FNDA:3,(anonymous_3)
FNDA:2,(anonymous_4)
DA:6,1
DA:7,2
DA:8,2
DA:10,1
DA:11,1
DA:14,1
DA:18,1
DA:19,2
DA:20,2
DA:53,0
DA:54,0
DA:57,2
DA:61,1
DA:62,4
DA:63,4
DA:65,4
DA:74,1
DA:77,3
DA:79,2
DA:80,1
DA:83,1
DA:92,1
DA:93,2
DA:94,2
DA:97,1
DA:98,2
DA:101,1
DA:103,0
DA:104,0
DA:110,2
DA:114,1
DA:115,3
DA:116,3
DA:117,2
DA:119,1
DA:120,0
DA:123,1
DA:124,1
DA:125,1
DA:126,1
DA:127,1
DA:129,1
DA:130,1
DA:131,1
DA:132,1
DA:136,1
DA:137,1
DA:138,1
DA:141,1
DA:142,1
DA:143,1
DA:144,1
DA:149,1
DA:151,1
DA:153,2
DA:158,1
DA:159,2
DA:160,2
DA:162,1
DA:164,1
LF:60
LH:55
BRDA:10,0,0,1
BRDA:10,0,1,0
BRDA:53,1,0,0
BRDA:53,1,1,0
BRDA:65,2,0,1
BRDA:65,2,1,3
BRDA:66,3,0,4
BRDA:66,3,1,4
BRDA:66,3,2,3
BRDA:66,3,3,3
BRDA:66,3,4,3
BRDA:66,3,5,3
BRDA:66,3,6,3
BRDA:79,4,0,1
BRDA:79,4,1,1
BRDA:103,5,0,0
BRDA:103,5,1,0
BRDA:119,6,0,0
BRDA:119,6,1,1
BRDA:123,7,0,1
BRDA:123,7,1,0
BRDA:124,8,0,1
BRDA:124,8,1,0
BRDA:125,9,0,1
BRDA:125,9,1,0
BRDA:126,10,0,1
BRDA:126,10,1,0
BRDA:127,11,0,1
BRDA:127,11,1,0
BRDA:129,12,0,1
BRDA:129,12,1,0
BRDA:136,13,0,1
BRDA:136,13,1,0
BRF:33
BRH:20
end_of_record
TN:
SF:controllers/admin.controllers/labtechnician.controller.js
FN:4,(anonymous_0)
FN:53,(anonymous_1)
FN:62,(anonymous_2)
FN:71,(anonymous_3)
FN:83,(anonymous_4)
FNF:5
FNH:5
FNDA:2,(anonymous_0)
FNDA:2,(anonymous_1)
FNDA:1,(anonymous_2)
FNDA:1,(anonymous_3)
FNDA:1,(anonymous_4)
DA:4,1
DA:5,2
DA:18,2
DA:20,2
DA:22,2
DA:23,1
DA:26,1
DA:28,1
DA:43,1
DA:45,1
DA:48,0
DA:49,0
DA:53,1
DA:54,2
DA:55,2
DA:56,1
DA:58,1
DA:62,1
DA:63,1
DA:64,1
DA:65,0
DA:67,1
DA:71,1
DA:72,1
DA:73,1
DA:76,1
DA:79,0
DA:83,1
DA:84,1
DA:85,1
DA:86,1
DA:88,0
LF:32
LH:27
BRDA:22,0,0,1
BRDA:22,0,1,1
BRF:2
BRH:2
end_of_record
TN:
SF:controllers/admin.controllers/polyclinic.controller.js
FN:5,(anonymous_0)
FN:18,(anonymous_1)
FN:33,(anonymous_2)
FN:61,(anonymous_3)
FN:73,(anonymous_4)
FN:95,(anonymous_5)
FNF:6
FNH:5
FNDA:2,(anonymous_0)
FNDA:2,(anonymous_1)
FNDA:0,(anonymous_2)
FNDA:2,(anonymous_3)
FNDA:1,(anonymous_4)
FNDA:2,(anonymous_5)
DA:5,1
DA:6,2
DA:7,2
DA:8,2
DA:10,1
DA:11,1
DA:14,1
DA:18,1
DA:19,2
DA:21,2
DA:23,2
DA:27,1
DA:30,1
DA:33,0
DA:35,0
DA:36,0
DA:39,0
DA:45,0
DA:46,0
DA:47,0
DA:48,0
DA:50,0
DA:51,0
DA:52,0
DA:54,0
DA:57,1
DA:61,1
DA:62,2
DA:63,2
DA:64,2
DA:66,2
DA:67,1
DA:70,1
DA:72,1
DA:73,1
DA:74,1
DA:75,1
DA:80,1
DA:81,1
DA:82,1
DA:83,0
DA:87,0
DA:89,0
DA:91,1
DA:95,1
DA:96,2
DA:97,2
DA:99,1
DA:101,1
LF:49
LH:34
BRDA:10,0,0,1
BRDA:10,0,1,0
BRDA:23,1,0,1
BRDA:23,1,1,1
BRDA:35,2,0,0
BRDA:35,2,1,0
BRDA:66,3,0,1
BRDA:66,3,1,1
BRDA:70,4,0,1
BRDA:70,4,1,0
BRDA:72,5,0,1
BRDA:72,5,1,0
BRDA:74,6,0,1
BRDA:74,6,1,0
BRF:14
BRH:8
end_of_record
TN:
SF:controllers/doctor.controllers/auth.controller.js
FN:4,(anonymous_0)
FNF:1
FNH:1
FNDA:6,(anonymous_0)
DA:4,1
DA:5,6
DA:6,6
DA:8,6
DA:9,1
DA:12,5
DA:13,1
DA:16,4
DA:18,3
DA:19,1
DA:22,2
DA:24,2
DA:25,1
DA:28,1
DA:29,1
DA:31,1
DA:32,1
DA:34,1
DA:37,1
DA:38,1
LF:20
LH:20
BRDA:8,0,0,1
BRDA:8,0,1,5
BRDA:8,1,0,6
BRDA:8,1,1,5
BRDA:8,1,2,5
BRDA:12,2,0,1
BRDA:12,2,1,4
BRDA:18,3,0,1
BRDA:18,3,1,2
BRDA:24,4,0,1
BRDA:24,4,1,1
BRF:11
BRH:11
end_of_record
TN:
SF:controllers/doctor.controllers/home.controller.js
FN:3,(anonymous_0)
FN:21,(anonymous_1)
FN:28,(anonymous_2)
FN:29,(anonymous_3)
FNF:4
FNH:4
FNDA:2,(anonymous_0)
FNDA:1,(anonymous_1)
FNDA:1,(anonymous_2)
FNDA:1,(anonymous_3)
DA:3,1
DA:4,2
DA:6,2
DA:7,2
DA:17,2
DA:18,1
DA:21,1
DA:22,1
DA:23,1
DA:28,1
DA:29,1
DA:32,1
DA:38,0
DA:39,0
LF:14
LH:12
BRDA:17,0,0,1
BRDA:17,0,1,1
BRDA:23,1,0,1
BRDA:23,1,1,1
BRDA:23,1,2,1
BRF:5
BRH:5
end_of_record
TN:
SF:controllers/doctor.controllers/lab.controller.js
FN:5,(anonymous_0)
FNF:1
FNH:1
FNDA:2,(anonymous_0)
DA:5,1
DA:6,2
DA:7,2
DA:8,2
DA:10,2
DA:11,2
DA:13,2
DA:22,2
DA:24,0
DA:27,0
DA:29,0
DA:31,2
DA:32,2
LF:13
LH:10
BRF:0
BRH:0
end_of_record
TN:
SF:controllers/doctor.controllers/patient.controller.js
FN:6,(anonymous_0)
FN:24,(anonymous_1)
FN:44,(anonymous_2)
FN:70,(anonymous_3)
FN:96,(anonymous_4)
FN:126,(anonymous_5)
FN:153,(anonymous_6)
FN:194,(anonymous_7)
FN:220,(anonymous_8)
FNF:9
FNH:5
FNDA:2,(anonymous_0)
FNDA:2,(anonymous_1)
FNDA:0,(anonymous_2)
FNDA:0,(anonymous_3)
FNDA:0,(anonymous_4)
FNDA:0,(anonymous_5)
FNDA:2,(anonymous_6)
FNDA:2,(anonymous_7)
FNDA:2,(anonymous_8)
DA:6,1
DA:7,2
DA:8,2
DA:18,1
DA:20,1
DA:24,1
DA:25,2
DA:26,2
DA:27,1
DA:30,1
DA:38,0
DA:40,1
DA:44,1
DA:45,0
DA:46,0
DA:47,0
DA:50,0
DA:64,0
DA:66,0
DA:70,1
DA:71,0
DA:72,0
DA:73,0
DA:76,0
DA:90,0
DA:92,0
DA:96,1
DA:97,0
DA:98,0
DA:99,0
DA:102,0
DA:120,0
DA:122,0
DA:126,1
DA:127,0
DA:128,0
DA:129,0
DA:132,0
DA:146,0
DA:149,0
DA:153,1
DA:154,2
DA:155,2
DA:156,1
DA:159,1
DA:161,1
DA:171,0
DA:173,0
DA:174,0
DA:177,0
DA:182,0
DA:184,0
DA:185,0
DA:187,0
DA:190,1
DA:194,1
DA:195,2
DA:196,2
DA:197,1
DA:200,1
DA:202,1
DA:204,1
DA:205,0
DA:208,1
DA:209,1
DA:211,1
DA:213,1
DA:216,0
DA:220,1
DA:221,2
DA:222,2
DA:223,1
DA:226,1
DA:228,1
DA:231,0
LF:75
LH:39
BRDA:26,0,0,1
BRDA:26,0,1,1
BRDA:46,1,0,0
BRDA:46,1,1,0
BRDA:72,2,0,0
BRDA:72,2,1,0
BRDA:98,3,0,0
BRDA:98,3,1,0
BRDA:128,4,0,0
BRDA:128,4,1,0
BRDA:155,5,0,1
BRDA:155,5,1,1
BRDA:173,6,0,0
BRDA:173,6,1,0
BRDA:196,7,0,1
BRDA:196,7,1,1
BRDA:204,8,0,0
BRDA:204,8,1,1
BRDA:222,9,0,1
BRDA:222,9,1,1
BRF:20
BRH:9
end_of_record
TN:
SF:controllers/lab.controllers/auth.controller.js
FN:4,(anonymous_0)
FNF:1
FNH:1
FNDA:4,(anonymous_0)
DA:4,1
DA:5,4
DA:6,4
DA:8,4
DA:10,3
DA:11,1
DA:14,2
DA:16,2
DA:17,1
DA:20,1
DA:22,1
DA:24,1
DA:26,1
DA:28,1
DA:29,1
LF:15
LH:15
BRDA:10,0,0,1
BRDA:10,0,1,2
BRDA:16,1,0,1
BRDA:16,1,1,1
BRF:4
BRH:4
end_of_record
TN:
SF:controllers/lab.controllers/home.controller.js
FN:5,(anonymous_0)
FN:47,(anonymous_1)
FNF:2
FNH:2
FNDA:3,(anonymous_0)
FNDA:2,(anonymous_1)
DA:5,1
DA:6,3
DA:7,3
DA:9,3
DA:36,2
DA:37,1
DA:40,1
DA:42,1
DA:43,1
DA:47,1
DA:48,2
DA:49,2
DA:51,2
DA:53,1
DA:56,1
DA:57,1
LF:16
LH:16
BRDA:36,0,0,1
BRDA:36,0,1,1
BRF:2
BRH:2
end_of_record
TN:
SF:controllers/lab.controllers/test.controller.js
FN:7,(anonymous_0)
FN:47,(anonymous_1)
FN:79,(anonymous_2)
FN:80,(anonymous_3)
FNF:4
FNH:4
FNDA:3,(anonymous_0)
FNDA:3,(anonymous_1)
FNDA:2,(anonymous_2)
FNDA:2,(anonymous_3)
DA:7,1
DA:8,3
DA:9,3
DA:35,2
DA:36,1
DA:39,1
DA:42,1
DA:43,1
DA:47,1
DA:48,3
DA:49,3
DA:74,2
DA:75,1
DA:79,2
DA:80,2
DA:82,1
DA:85,1
DA:86,1
LF:18
LH:18
BRDA:35,0,0,1
BRDA:35,0,1,1
BRDA:74,1,0,1
BRDA:74,1,1,1
BRF:4
BRH:4
end_of_record
TN:
SF:controllers/patient.controllers/appointment.controller.js
FN:10,(anonymous_0)
FN:21,(anonymous_1)
FN:23,(anonymous_2)
FN:32,(anonymous_3)
FN:98,(anonymous_4)
FN:138,(anonymous_5)
FNF:6
FNH:4
FNDA:3,(anonymous_0)
FNDA:0,(anonymous_1)
FNDA:0,(anonymous_2)
FNDA:2,(anonymous_3)
FNDA:2,(anonymous_4)
FNDA:2,(anonymous_5)
DA:10,1
DA:11,3
DA:12,3
DA:13,1
DA:15,2
DA:16,1
DA:19,1
DA:21,0
DA:23,0
DA:25,0
DA:28,1
DA:32,1
DA:33,2
DA:34,2
DA:36,2
DA:38,2
DA:39,2
DA:40,2
DA:42,2
DA:43,1
DA:45,1
DA:57,1
DA:58,0
DA:59,0
DA:70,0
DA:71,0
DA:73,0
DA:86,1
DA:87,1
DA:91,1
DA:94,1
DA:98,1
DA:99,2
DA:100,2
DA:121,0
DA:122,0
DA:125,0
DA:127,0
DA:128,0
DA:134,2
DA:138,1
DA:139,2
DA:140,2
DA:142,2
DA:143,0
DA:146,2
DA:148,2
DA:149,1
DA:152,1
DA:154,1
DA:157,0
LF:51
LH:36
BRDA:12,0,0,1
BRDA:12,0,1,2
BRDA:15,1,0,1
BRDA:15,1,1,1
BRDA:57,2,0,0
BRDA:57,2,1,1
BRDA:121,3,0,0
BRDA:121,3,1,0
BRDA:127,4,0,0
BRDA:127,4,1,0
BRDA:142,5,0,0
BRDA:142,5,1,2
BRDA:148,6,0,1
BRDA:148,6,1,1
BRF:14
BRH:8
end_of_record
TN:
SF:controllers/patient.controllers/auth.controller.js
FN:5,(anonymous_0)
FN:76,(anonymous_1)
FNF:2
FNH:2
FNDA:4,(anonymous_0)
FNDA:4,(anonymous_1)
DA:5,1
DA:6,4
DA:7,4
DA:9,4
DA:22,3
DA:25,1
DA:26,0
DA:29,1
DA:31,1
DA:32,0
DA:35,1
DA:36,1
DA:38,1
DA:52,1
DA:53,1
DA:54,1
DA:72,0
DA:73,0
DA:76,1
DA:77,4
DA:78,4
DA:80,3
DA:81,0
DA:84,3
DA:85,1
DA:88,2
DA:90,2
DA:91,0
DA:94,2
DA:96,2
DA:97,1
DA:100,1
DA:101,1
DA:103,1
DA:104,1
DA:106,1
DA:109,1
DA:110,1
LF:38
LH:32
BRDA:9,0,0,3
BRDA:9,0,1,1
BRDA:10,1,0,4
BRDA:10,1,1,3
BRDA:10,1,2,1
BRDA:10,1,3,1
BRDA:10,1,4,1
BRDA:10,1,5,1
BRDA:10,1,6,1
BRDA:10,1,7,1
BRDA:10,1,8,1
BRDA:10,1,9,1
BRDA:10,1,10,1
BRDA:25,2,0,0
BRDA:25,2,1,1
BRDA:31,3,0,0
BRDA:31,3,1,1
BRDA:52,4,0,1
BRDA:52,4,1,0
BRDA:80,5,0,0
BRDA:80,5,1,3
BRDA:80,6,0,3
BRDA:80,6,1,3
BRDA:80,6,2,3
BRDA:84,7,0,1
BRDA:84,7,1,2
BRDA:90,8,0,0
BRDA:90,8,1,2
BRDA:96,9,0,1
BRDA:96,9,1,1
BRF:30
BRH:25
end_of_record
TN:
SF:controllers/patient.controllers/health.metric.controller.js
FN:3,(anonymous_0)
FN:16,(anonymous_1)
FN:26,(anonymous_2)
FN:36,(anonymous_3)
FN:46,(anonymous_4)
FN:56,(anonymous_5)
FN:66,(anonymous_6)
FN:81,(anonymous_7)
FN:98,(anonymous_8)
FNF:9
FNH:7
FNDA:2,(anonymous_0)
FNDA:1,(anonymous_1)
FNDA:1,(anonymous_2)
FNDA:1,(anonymous_3)
FNDA:1,(anonymous_4)
FNDA:0,(anonymous_5)
FNDA:1,(anonymous_6)
FNDA:1,(anonymous_7)
FNDA:0,(anonymous_8)
DA:3,1
DA:4,2
DA:5,2
DA:6,0
DA:7,0
DA:8,0
DA:9,0
DA:10,0
DA:12,2
DA:16,1
DA:17,1
DA:18,1
DA:19,1
DA:22,0
DA:26,1
DA:27,1
DA:28,1
DA:29,1
DA:32,0
DA:36,1
DA:37,1
DA:38,1
DA:39,1
DA:42,0
DA:46,1
DA:47,1
DA:48,1
DA:49,1
DA:52,0
DA:56,1
DA:57,0
DA:58,0
DA:59,0
DA:62,0
DA:66,1
DA:67,1
DA:68,1
DA:74,1
DA:77,0
DA:81,1
DA:82,1
DA:83,1
DA:85,1
DA:91,1
DA:94,0
DA:98,1
DA:99,0
DA:100,0
DA:101,0
DA:104,0
LF:50
LH:31
BRF:0
BRH:0
end_of_record
TN:
SF:controllers/patient.controllers/home.controller.js
FN:3,(anonymous_0)
FN:15,(anonymous_1)
FN:16,(anonymous_2)
FNF:3
FNH:1
FNDA:3,(anonymous_0)
FNDA:0,(anonymous_1)
FNDA:0,(anonymous_2)
DA:3,1
DA:4,3
DA:5,3
DA:15,3
DA:16,0
DA:17,0
DA:19,3
DA:20,3
LF:8
LH:6
BRF:0
BRH:0
end_of_record
TN:
SF:controllers/patient.controllers/medical.record.controller.js
FN:3,(anonymous_0)
FN:15,(anonymous_1)
FN:27,(anonymous_2)
FNF:3
FNH:3
FNDA:2,(anonymous_0)
FNDA:2,(anonymous_1)
FNDA:1,(anonymous_2)
DA:3,1
DA:4,2
DA:5,2
DA:9,1
DA:11,1
DA:15,1
DA:16,2
DA:17,2
DA:21,1
DA:23,1
DA:27,1
DA:28,1
DA:29,1
DA:31,1
DA:33,0
LF:15
LH:14
BRF:0
BRH:0
end_of_record
TN:
SF:controllers/patient.controllers/profile.controller.js
FN:3,(anonymous_0)
FN:12,(anonymous_1)
FNF:2
FNH:2
FNDA:2,(anonymous_0)
FNDA:2,(anonymous_1)
DA:3,1
DA:4,2
DA:5,2
DA:6,1
DA:8,1
DA:12,1
DA:13,2
DA:14,2
DA:15,1
DA:18,1
LF:10
LH:10
BRF:0
BRH:0
end_of_record
TN:
SF:models/admin.model.js
FNF:0
FNH:0
DA:3,1
DA:30,1
LF:2
LH:2
BRF:0
BRH:0
end_of_record
TN:
SF:models/appointment.model.js
FNF:0
FNH:0
DA:3,3
DA:48,3
LF:2
LH:2
BRF:0
BRH:0
end_of_record
TN:
SF:models/diagnosis.model.js
FNF:0
FNH:0
DA:3,2
DA:28,2
LF:2
LH:2
BRF:0
BRH:0
end_of_record
TN:
SF:models/doctor.model.js
FN:74,(anonymous_0)
FN:95,(anonymous_1)
FNF:2
FNH:2
FNDA:6,(anonymous_0)
FNDA:1,(anonymous_1)
DA:3,10
DA:76,6
DA:77,6
DA:78,6
DA:79,84
DA:80,84
DA:81,84
DA:82,84
DA:83,756
DA:88,84
DA:90,6
DA:95,10
DA:97,1
DA:100,1
DA:101,1
DA:102,1
DA:104,1
DA:105,1
DA:106,9
DA:112,1
DA:114,1
DA:117,10
LF:22
LH:22
BRDA:84,0,0,168
BRDA:84,0,1,588
BRDA:107,1,0,2
BRDA:107,1,1,7
BRF:4
BRH:4
end_of_record
TN:
SF:models/hospital.model.js
FNF:0
FNH:0
DA:3,6
DA:56,6
LF:2
LH:2
BRF:0
BRH:0
end_of_record
TN:
SF:models/lab.technician.model.js
FNF:0
FNH:0
DA:3,5
DA:54,5
LF:2
LH:2
BRF:0
BRH:0
end_of_record
TN:
SF:models/lab.test.model.js
FNF:0
FNH:0
DA:3,7
DA:42,7
LF:2
LH:2
BRF:0
BRH:0
end_of_record
TN:
SF:models/patient.model.js
FNF:0
FNH:0
DA:3,8
DA:93,8
LF:2
LH:2
BRF:0
BRH:0
end_of_record
TN:
SF:models/polyclinic.model.js
FNF:0
FNH:0
DA:3,4
DA:19,4
LF:2
LH:2
BRF:0
BRH:0
end_of_record
TN:
SF:models/prescription.model.js
FNF:0
FNH:0
DA:3,2
DA:29,2
LF:2
LH:2
BRF:0
BRH:0
end_of_record
TN:
SF:models/treatment.model.js
FNF:0
FNH:0
DA:3,1
DA:50,1
LF:2
LH:2
BRF:0
BRH:0
end_of_record
TN:
SF:utils/generateJwt.js
FN:3,(anonymous_0)
FNF:1
FNH:1
FNDA:2,(anonymous_0)
DA:3,2
DA:4,2
DA:5,1
DA:7,1
DA:13,1
LF:5
LH:5
BRF:0
BRH:0
end_of_record
